[2025-06-15 11:54:49] 启动花束数据监控程序
[2025-06-15 11:54:49] 监控文件: D:\ailun\shangou.txt
[2025-06-15 11:54:49] 提取脚本: D:\cursor jihewendang\闪购采集\extract_flower_info_fixed.py
[2025-06-15 11:54:49] 检查间隔: 60秒
[2025-06-15 11:54:49] 首次运行提取脚本...
[2025-06-15 11:54:49] 检测到文件变化，开始运行提取脚本...
[2025-06-15 11:54:51] 提取脚本运行成功
[2025-06-15 11:54:51] 输出: 开始处理文件: D:\ailun\shangou.txt
成功读取JSON文件
共找到 10 个产品

前5个产品信息示例:
1. 【好运莲莲】10朵荷花混搭莲蓬花束送亲人送朋友送爱人生日鲜花送女友鲜花店鲜花配送上门
   原价: 893.0
   折后价: 893.0
   图片URL: http://p0.meituan.net/shangouproductapi/4b9c9ab393ae4e83308cd9cff589c0c486423.jpg.webp

2. 【荷你相遇】3朵荷花混搭花束新中式国风花束送女友送恋人毕业季花束花店同城送花上门
   原价: 260.0
   折后价: 260.0
   图片URL: http://p0.meituan.net/shangouproductapi/90897befec9c742f54c381356f9b899496919.jpg.webp

3. 【荷塘月色】新品11朵荷花新中式抱抱桶花束时令花束送闺蜜送女友好运连连花店免费送花上门
   原价: 893.0
   折后价: 893.0
   图片URL: http://p0.meituan.net/shangouproductapi/9d8033c2be8d8a6a6b298c795c3f2f2c487945.jpg.webp

4. 【荷你一起】21朵荷花混搭莲蓬花束送妈妈/送朋友送女友送闺密送花上门
   原价: 993.0
   折后价: 993.0
   图片URL: http://p0.meituan.net/shangouproductapi/0e0783419709000eb738ccdca45c1805361904.jpg.webp

5. 【荷塘月色】13朵荷花莲蓬混搭抱抱桶高端花束送女友送闺蜜生日鲜花鲜花店配送上门
   原价: 960.0
   折后价: 960.0
   图片URL: http://p0.meituan.net/shangouproductapi/6bfc9cfaf9a6a5f3a5cc96245e29f00f300691.jpg.webp

共提取出 20 个图片URL
共为 10 个产品匹配到图片URL
已保存产品信息到 D:\cursor jihewendang\闪购采集\flower_products.xlsx
已下载: D:\cursor jihewendang\闪购采集\flower_images\好运莲莲10朵荷花混搭莲蓬花束送亲人送朋友送爱人生日鲜花送女友鲜花店鲜花配送上门.webp
已下载: D:\cursor jihewendang\闪购采集\flower_images\荷你相遇3朵荷花混搭花束新中式国风花束送女友送恋人毕业季花束花店同城送花上门.webp
已下载: D:\cursor jihewendang\闪购采集\flower_images\荷塘月色新品11朵荷花新中式抱抱桶花束时令花束送闺蜜送女友好运连连花店免费送花上门.webp
已下载: D:\cursor jihewendang\闪购采集\flower_images\荷你一起21朵荷花混搭莲蓬花束送妈妈送朋友送女友送闺密送花上门.webp
已下载: D:\cursor jihewendang\闪购采集\flower_images\荷塘月色13朵荷花莲蓬混搭抱抱桶高端花束送女友送闺蜜生日鲜花鲜花店配送上门.webp
已下载: D:\cursor jihewendang\闪购采集\flower_images\荷其有幸荷你相遇8朵荷花混搭粉玫瑰高端轻奢花束粉色系花束鲜花送女友表白花束.webp
已下载: D:\cursor jihewendang\闪购采集\flower_images\夏日荷花荷你相遇10朵荷花混搭花束荷花花束生日花束表白花束好运连连花店送花上门.webp
已下载: D:\cursor jihewendang\闪购采集\flower_images\鲜花国风 荷你相遇 荷其幸运-10支混搭莲蓬荷花束生日鲜花送爱人闺蜜老师长辈花店送花花上门.webp
已下载: D:\cursor jihewendang\闪购采集\flower_images\荷你相遇荷其幸运5支荷花花束送女友送闺蜜送男友送领导长辈生日礼物玫瑰花花店送花上门.webp
已下载: D:\cursor jihewendang\闪购采集\flower_images\荷其幸运5朵荷花花束 送女朋友送闺蜜送朋友长辈老师花店送花上门.webp

下载统计: 共下载了 10 张图片
图片保存在: D:\cursor jihewendang\闪购采集\flower_images
处理完成!
[2025-06-15 11:55:51] 检查完成，文件未变化
[2025-06-15 11:56:51] 检查完成，文件未变化
[2025-06-15 11:57:52] 检查完成，文件未变化
[2025-06-15 11:58:52] 检查完成，文件未变化
[2025-06-15 11:59:52] 检查完成，文件未变化
[2025-06-15 12:00:52] 检查完成，文件未变化
[2025-06-15 12:01:52] 检查完成，文件未变化
[2025-06-15 12:02:52] 检查完成，文件未变化
[2025-06-15 12:03:52] 检查完成，文件未变化
[2025-06-15 12:04:52] 检查完成，文件未变化
[2025-06-15 12:05:52] 检查完成，文件未变化
[2025-06-15 12:06:52] 检查完成，文件未变化
[2025-06-15 12:07:52] 检查完成，文件未变化
[2025-06-15 12:08:52] 检查完成，文件未变化
[2025-06-15 12:09:52] 检查完成，文件未变化
[2025-06-15 12:10:52] 检查完成，文件未变化
[2025-06-15 12:11:52] 检查完成，文件未变化
[2025-06-15 12:12:52] 检查完成，文件未变化
[2025-06-15 12:13:52] 检查完成，文件未变化
[2025-06-15 12:14:52] 检查完成，文件未变化
[2025-06-15 12:15:52] 检查完成，文件未变化
2025-06-15 12:16:25,721 - INFO - ==================================================
2025-06-15 12:16:25,721 - INFO - 花卉产品信息实时监控程序
2025-06-15 12:16:25,722 - INFO - ==================================================
2025-06-15 12:16:25,722 - INFO - 监控文件: D:\ailun\shangou.txt
2025-06-15 12:16:25,722 - INFO - Excel文件: flower_products.xlsx
2025-06-15 12:16:25,722 - INFO - 图片目录: flower_images, flower_images_improved
2025-06-15 12:16:25,723 - INFO - ==================================================
2025-06-15 12:16:25,723 - INFO - 开始处理文件更新: D:\ailun\shangou.txt
2025-06-15 12:16:25,724 - INFO - 检测到文件变化，开始处理新内容
2025-06-15 12:16:25,726 - INFO - 成功读取JSON文件
2025-06-15 12:16:26,027 - INFO - 已加载 10 个已处理的产品
2025-06-15 12:16:26,028 - INFO - 未找到新的产品信息
2025-06-15 12:16:26,030 - INFO - 开始监控文件变化，按Ctrl+C停止...
[2025-06-15 12:16:52] 检查完成，文件未变化
[2025-06-15 12:17:52] 检查完成，文件未变化
2025-06-15 12:17:59,891 - INFO - 检测到文件变化: D:\ailun\shangou.txt
2025-06-15 12:18:01,893 - INFO - 开始处理文件更新: D:\ailun\shangou.txt
2025-06-15 12:18:01,894 - INFO - 检测到文件变化，开始处理新内容
2025-06-15 12:18:01,896 - INFO - 成功读取JSON文件
2025-06-15 12:18:01,898 - INFO - 共找到 12 个新产品
2025-06-15 12:18:01,899 - INFO - 共提取出 27 个图片URL
2025-06-15 12:18:01,899 - INFO - 共为 12 个产品匹配到图片URL
2025-06-15 12:18:01,996 - INFO - 已更新产品信息到 flower_products.xlsx
2025-06-15 12:18:02,243 - INFO - 已下载图片: flower_images_improved\【直播精选】33枝红玫瑰花束520送女友闺蜜朋友生日鲜花花店送花上门花束礼物.webp
2025-06-15 12:18:02,847 - INFO - 已下载图片: flower_images_improved\【直播精选】11朵粉色复古红玫瑰凡尔赛花束520送女友喷色鲜花生日礼物花店送花上门.webp
2025-06-15 12:18:03,547 - INFO - 已下载图片: flower_images_improved\【直播精选】99枝红玫瑰鲜花花束520送女友生日鲜花花店送花上门.webp
2025-06-15 12:18:04,101 - INFO - 已下载图片: flower_images_improved\【直播精选】33朵粉玫瑰520送爱人女友闺蜜生日鲜花见面鲜花花店送花上门.webp
2025-06-15 12:18:04,711 - INFO - 已下载图片: flower_images_improved\【直播精选】33朵香槟玫瑰混搭520送女友送闺蜜生日鲜花礼物花店送花上门.webp
2025-06-15 12:18:05,304 - INFO - 已下载图片: flower_images_improved\【直播精选】52朵红玫瑰花束520送爱人生日鲜花送女友送闺蜜送朋友花店送花上门.webp
2025-06-15 12:18:05,922 - INFO - 已下载图片: flower_images_improved\【直播精选】19朵粉色玫瑰爱心花束生日鲜花520送闺蜜女友生日花束送女士花店送花上门.webp
2025-06-15 12:18:06,495 - INFO - 已下载图片: flower_images_improved\【直播精选】11朵卡布奇诺玫瑰花混搭多头巧克力泡泡小香风花束520见面约会鲜花花店送花上门.webp
2025-06-15 12:18:07,085 - INFO - 已下载图片: flower_images_improved\【直播精选】33朵乌梅子酱爱心玫瑰花束520送女生生日鲜花花店送花上门.webp
2025-06-15 12:18:07,657 - INFO - 已下载图片: flower_images_improved\52朵红玫瑰我爱你-爱心花束红玫瑰节鲜花送老婆送女友表白求婚花束.webp
2025-06-15 12:18:08,225 - INFO - 已下载图片: flower_images_improved\【爱与温柔】52朵碎冰蓝玫瑰花束仙女鲜花送爱人送闺蜜送朋友.webp
2025-06-15 12:18:08,783 - INFO - 已下载图片: flower_images_improved\网红爆款52朵心形乌梅子酱花束曼塔玫瑰喷色制作。很唯美很唯美的花.webp
2025-06-15 12:18:09,284 - INFO - 下载统计: 原始图片 0 张，改进图片 12 张
2025-06-15 12:18:09,285 - INFO - 文件处理完成
2025-06-15 12:18:09,286 - INFO - 检测到文件变化: D:\ailun\shangou.txt
2025-06-15 12:18:11,287 - INFO - 开始处理文件更新: D:\ailun\shangou.txt
2025-06-15 12:18:11,288 - INFO - 文件未发生变化，跳过处理
[2025-06-15 12:18:52] 文件已更新 (大小: 84738 -> 105937, 修改时间: 1749958857.8161237 -> 1749961080.2907567)
[2025-06-15 12:18:52] 检测到文件变化，开始运行提取脚本...
[2025-06-15 12:18:54] 提取脚本运行成功
[2025-06-15 12:18:54] 输出: 开始处理文件: D:\ailun\shangou.txt
成功读取JSON文件
共找到 15 个产品

前5个产品信息示例:
1. 【直播精选】33枝红玫瑰花束520送女友闺蜜朋友生日鲜花花店送花上门花束礼物
   原价: 193.0
   折后价: 193.0
   图片URL: http://p0.meituan.net/shangouproductapi/81274aaa341805966b97c79d11602aa3288611.jpg.webp

2. 【直播精选】11朵粉色复古红玫瑰凡尔赛花束520送女友喷色鲜花生日礼物花店送花上门
   原价: 130.0
   折后价: 130.0
   图片URL: http://p0.meituan.net/shangouproductapi/05cc1b4a1b8081005272c38cec3c66c41986431.png.webp

3. 【直播精选】99枝红玫瑰鲜花花束520送女友生日鲜花花店送花上门
   原价: 426.0
   折后价: 426.0
   图片URL: http://p0.meituan.net/shangouproductapi/71d45b5da0d3c62eea14a67118a523478337513.png.webp

4. 【直播精选】33朵粉玫瑰520送爱人女友闺蜜生日鲜花见面鲜花花店送花上门
   原价: 193.0
   折后价: 193.0
   图片URL: http://p0.meituan.net/shangouproductapi/975c46f064a9503c5d2211e8aa83d8343055837.png.webp

5. 【直播精选】33朵香槟玫瑰混搭520送女友送闺蜜生日鲜花礼物花店送花上门
   原价: 288.0
   折后价: 288.0
   图片URL: http://p0.meituan.net/shangouproductapi/0e2ee972d5288003ce4d67752423dfb8176611.jpg.webp

共提取出 27 个图片URL
共为 15 个产品匹配到图片URL
已保存产品信息到 D:\cursor jihewendang\闪购采集\flower_products.xlsx
已下载: D:\cursor jihewendang\闪购采集\flower_images\直播精选33枝红玫瑰花束520送女友闺蜜朋友生日鲜花花店送花上门花束礼物.webp
已下载: D:\cursor jihewendang\闪购采集\flower_images\直播精选11朵粉色复古红玫瑰凡尔赛花束520送女友喷色鲜花生日礼物花店送花上门.webp
已下载: D:\cursor jihewendang\闪购采集\flower_images\直播精选99枝红玫瑰鲜花花束520送女友生日鲜花花店送花上门.webp
已下载: D:\cursor jihewendang\闪购采集\flower_images\直播精选33朵粉玫瑰520送爱人女友闺蜜生日鲜花见面鲜花花店送花上门.webp
已下载: D:\cursor jihewendang\闪购采集\flower_images\直播精选33朵香槟玫瑰混搭520送女友送闺蜜生日鲜花礼物花店送花上门.webp
已下载: D:\cursor jihewendang\闪购采集\flower_images\直播精选52朵红玫瑰花束520送爱人生日鲜花送女友送闺蜜送朋友花店送花上门.webp
已下载: D:\cursor jihewendang\闪购采集\flower_images\直播精选19朵粉色玫瑰爱心花束生日鲜花520送闺蜜女友生日花束送女士花店送花上门.webp
已下载: D:\cursor jihewendang\闪购采集\flower_images\直播精选11朵卡布奇诺玫瑰花混搭多头巧克力泡泡小香风花束520见面约会鲜花花店送花上门.webp
已下载: D:\cursor jihewendang\闪购采集\flower_images\直播精选33朵乌梅子酱爱心玫瑰花束520送女生生日鲜花花店送花上门.webp
已下载: D:\cursor jihewendang\闪购采集\flower_images\52朵红玫瑰我爱你-爱心花束红玫瑰节鲜花送老婆送女友表白求婚花束.webp
已下载: D:\cursor jihewendang\闪购采集\flower_images\52朵红玫瑰我爱你-爱心花束红玫瑰节鲜花送老婆送女友表白求婚花束.webp
已下载: D:\cursor jihewendang\闪购采集\flower_images\52朵红玫瑰我爱你-爱心花束红玫瑰节鲜花送老婆送女友表白求婚花束.webp
已下载: D:\cursor jihewendang\闪购采集\flower_images\爱与温柔52朵碎冰蓝玫瑰花束仙女鲜花送爱人送闺蜜送朋友.webp
已下载: D:\cursor jihewendang\闪购采集\flower_images\网红爆款52朵心形乌梅子酱花束曼塔玫瑰喷色制作很唯美很唯美的花.webp
已下载: D:\cursor jihewendang\闪购采集\flower_images\网红爆款52朵心形乌梅子酱花束曼塔玫瑰喷色制作很唯美很唯美的花.webp

下载统计: 共下载了 15 张图片
图片保存在: D:\cursor jihewendang\闪购采集\flower_images
处理完成!
2025-06-15 12:19:32,076 - INFO - 检测到文件变化: D:\ailun\shangou.txt
2025-06-15 12:19:34,078 - INFO - 开始处理文件更新: D:\ailun\shangou.txt
2025-06-15 12:19:34,080 - INFO - 检测到文件变化，开始处理新内容
2025-06-15 12:19:34,085 - INFO - 成功读取JSON文件
2025-06-15 12:19:34,089 - INFO - 共找到 20 个新产品
2025-06-15 12:19:34,092 - INFO - 共提取出 112 个图片URL
2025-06-15 12:19:34,092 - INFO - 共为 20 个产品匹配到图片URL
2025-06-15 12:19:34,114 - INFO - 已更新产品信息到 flower_products.xlsx
2025-06-15 12:19:34,645 - INFO - 已下载图片: flower_images_improved\毕业季鲜花【午后红茶】11_21_33支粉玫瑰折射泡泡混搭花束 送闺蜜生日鲜花花店鲜花配送.webp
2025-06-15 12:19:35,293 - INFO - 已下载图片: flower_images_improved\【漫舞春天】1朵蝴蝶兰粉玫瑰紫罗兰混搭花束 生日礼物 送女友送朋友 花店鲜花配送.webp
2025-06-15 12:19:35,900 - INFO - 已下载图片: flower_images_improved\【浅浅的微笑】19_33乌梅子酱爱心玫瑰花束 送闺蜜生日鲜花 花店鲜花配送.webp
2025-06-15 12:19:36,530 - INFO - 已下载图片: flower_images_improved\【爱意满满】33朵红玫瑰满天星混搭花束 生日鲜花生日礼物送老婆花店鲜花配送.webp
2025-06-15 12:19:37,135 - INFO - 已下载图片: flower_images_improved\父亲节礼物【一路有你】1朵向日葵6朵香槟玫瑰橙芭比混搭花束 生日花束生日鲜花 花店送花上门.webp
2025-06-15 12:19:37,724 - INFO - 已下载图片: flower_images_improved\【莫奈花园】16_21支粉白玫瑰紫罗兰蓝星花混搭花束送闺蜜送女友花店鲜花配送.webp
2025-06-15 12:19:38,316 - INFO - 已下载图片: flower_images_improved\父亲节花束【晴空万里】大花束5支向日葵香槟玫瑰混搭花束 生日鲜花送长辈 花店鲜花配送.webp
2025-06-15 12:19:38,895 - INFO - 已下载图片: flower_images_improved\【温情】白玫瑰混搭紫色系韩式花束送女友送朋友 生日花束生日鲜花花店鲜花配送.webp
2025-06-15 12:19:39,500 - INFO - 已下载图片: flower_images_improved\【梦庄花园】33朵粉玫瑰芭蕾风花束送朋友生日鲜花 花店鲜花配送（不带气球）.webp
2025-06-15 12:19:40,067 - INFO - 已下载图片: flower_images_improved\【不能说的秘密】紫玫瑰蝴蝶兰紫精灵康乃馨混搭花束 送闺蜜送朋友 生日鲜花 花店免费配送上门.webp
2025-06-15 12:19:40,668 - INFO - 已下载图片: flower_images_improved\【小确幸】蝴蝶兰混搭玫瑰花束生日礼物生日鲜花见面花束送女友送闺蜜花店鲜花配送.webp
2025-06-15 12:19:41,376 - INFO - 已下载图片: flower_images_improved\【爱你的心】99朵红玫瑰爱心大花束 送女友送老婆 生日鲜花 花店鲜花配送.webp
2025-06-15 12:19:42,021 - INFO - 已下载图片: flower_images_improved\【紫属于你】紫色玫瑰花蝴蝶兰抱抱桶混搭花束生日鲜花生日花束 花店鲜花配送.webp
2025-06-15 12:19:42,655 - INFO - 已下载图片: flower_images_improved\【手提鲜花去见你】玫瑰混搭款手提花束 送女友送老婆 见面花束 花店鲜花配送.webp
2025-06-15 12:19:43,243 - INFO - 已下载图片: flower_images_improved\毕业季鲜花【橙心橙意】3朵向日葵加香槟玫瑰混搭花束 乔迁搬家花束送长辈 花店鲜花配送.webp
2025-06-15 12:19:43,795 - INFO - 已下载图片: flower_images_improved\【人间精灵】1支蝴蝶兰9支乌梅子酱洋桔梗混搭花束送女友生日鲜花花店送花上门.webp
2025-06-15 12:19:44,419 - INFO - 已下载图片: flower_images_improved\【春不迟】曼塔混搭白色紫罗兰小众春日花束送女友送朋友 生日花束生日鲜花花店鲜花配送.webp
2025-06-15 12:19:44,966 - INFO - 已下载图片: flower_images_improved\【劝君莫离】11支白玫瑰茉莉混搭花束生日鲜花生日礼物送朋友闺蜜花店鲜花配送.webp
2025-06-15 12:19:45,505 - INFO - 已下载图片: flower_images_improved\【绿野仙踪】苏格兰绿玫瑰混搭花束送闺蜜生日鲜花生日花束店送花上门.webp
2025-06-15 12:19:46,088 - INFO - 已下载图片: flower_images_improved\父亲节鲜花【春风得意】3朵绿心向日葵香槟洋桔梗混搭花束 生日鲜花生日花束送朋友花店送花上门.webp
2025-06-15 12:19:46,589 - INFO - 下载统计: 原始图片 0 张，改进图片 20 张
2025-06-15 12:19:46,593 - INFO - 文件处理完成
2025-06-15 12:19:46,595 - INFO - 检测到文件变化: D:\ailun\shangou.txt
2025-06-15 12:19:48,596 - INFO - 开始处理文件更新: D:\ailun\shangou.txt
2025-06-15 12:19:48,597 - INFO - 文件未发生变化，跳过处理
[2025-06-15 12:19:54] 文件已更新 (大小: 105937 -> 278880, 修改时间: 1749961080.2907567 -> 1749961172.075714)
[2025-06-15 12:19:54] 检测到文件变化，开始运行提取脚本...
[2025-06-15 12:19:57] 提取脚本运行成功
[2025-06-15 12:19:57] 输出: 开始处理文件: D:\ailun\shangou.txt
成功读取JSON文件
共找到 33 个产品

前5个产品信息示例:
1. 毕业季鲜花【午后红茶】11/21/33支粉玫瑰折射泡泡混搭花束 送闺蜜生日鲜花花店鲜花配送
   原价: 248.0
   折后价: 248.0
   图片URL: http://p0.meituan.net/shangouproductapi/7d605687da5d0eb5facdb04ff6fc0441969424.jpg.webp

2. 毕业季鲜花【午后红茶】11/21/33支粉玫瑰折射泡泡混搭花束 送闺蜜生日鲜花花店鲜花配送
   原价: 108.0
   折后价: 108.0
   图片URL: http://p1.meituan.net/shangouproductapi/299a463cbb6ad8a7dd6d2114e3254c502653966.png.webp

3. 毕业季鲜花【午后红茶】11/21/33支粉玫瑰折射泡泡混搭花束 送闺蜜生日鲜花花店鲜花配送
   原价: 188.0
   折后价: 188.0
   图片URL: http://p1.meituan.net/shangouproductapi/1f23aa62bc27d588bc77241759d8f1352304090.png.webp

4. 【漫舞春天】1朵蝴蝶兰粉玫瑰紫罗兰混搭花束 生日礼物 送女友送朋友 花店鲜花配送
   原价: 158.0
   折后价: 158.0
   图片URL: http://p0.meituan.net/shangouproductapi/f7a41ca56f4639033862db21ef9752a9976240.jpg.webp

5. 【浅浅的微笑】19/33乌梅子酱爱心玫瑰花束 送闺蜜生日鲜花 花店鲜花配送
   原价: 228.0
   折后价: 228.0
   图片URL: http://p1.meituan.net/shangouproductapi/7d99f6c3a9bb20e4550dce922f41f79e4250847.png.webp

共提取出 112 个图片URL
共为 33 个产品匹配到图片URL
已保存产品信息到 D:\cursor jihewendang\闪购采集\flower_products.xlsx
已下载: D:\cursor jihewendang\闪购采集\flower_images\毕业季鲜花午后红茶112133支粉玫瑰折射泡泡混搭花束 送闺蜜生日鲜花花店鲜花配送.webp
已下载: D:\cursor jihewendang\闪购采集\flower_images\毕业季鲜花午后红茶112133支粉玫瑰折射泡泡混搭花束 送闺蜜生日鲜花花店鲜花配送.webp
已下载: D:\cursor jihewendang\闪购采集\flower_images\毕业季鲜花午后红茶112133支粉玫瑰折射泡泡混搭花束 送闺蜜生日鲜花花店鲜花配送.webp
已下载: D:\cursor jihewendang\闪购采集\flower_images\漫舞春天1朵蝴蝶兰粉玫瑰紫罗兰混搭花束 生日礼物 送女友送朋友 花店鲜花配送.webp
已下载: D:\cursor jihewendang\闪购采集\flower_images\浅浅的微笑1933乌梅子酱爱心玫瑰花束 送闺蜜生日鲜花 花店鲜花配送.webp
已下载: D:\cursor jihewendang\闪购采集\flower_images\浅浅的微笑1933乌梅子酱爱心玫瑰花束 送闺蜜生日鲜花 花店鲜花配送.webp
已下载: D:\cursor jihewendang\闪购采集\flower_images\浅浅的微笑1933乌梅子酱爱心玫瑰花束 送闺蜜生日鲜花 花店鲜花配送.webp
已下载: D:\cursor jihewendang\闪购采集\flower_images\爱意满满33朵红玫瑰满天星混搭花束 生日鲜花生日礼物送老婆花店鲜花配送.webp
已下载: D:\cursor jihewendang\闪购采集\flower_images\爱意满满33朵红玫瑰满天星混搭花束 生日鲜花生日礼物送老婆花店鲜花配送.webp
已下载: D:\cursor jihewendang\闪购采集\flower_images\父亲节礼物一路有你1朵向日葵6朵香槟玫瑰橙芭比混搭花束 生日花束生日鲜花 花店送花上门.webp
已下载: D:\cursor jihewendang\闪购采集\flower_images\莫奈花园1621支粉白玫瑰紫罗兰蓝星花混搭花束送闺蜜送女友花店鲜花配送.webp
已下载: D:\cursor jihewendang\闪购采集\flower_images\莫奈花园1621支粉白玫瑰紫罗兰蓝星花混搭花束送闺蜜送女友花店鲜花配送.webp
已下载: D:\cursor jihewendang\闪购采集\flower_images\莫奈花园1621支粉白玫瑰紫罗兰蓝星花混搭花束送闺蜜送女友花店鲜花配送.webp
已下载: D:\cursor jihewendang\闪购采集\flower_images\父亲节花束晴空万里大花束5支向日葵香槟玫瑰混搭花束 生日鲜花送长辈 花店鲜花配送.webp
已下载: D:\cursor jihewendang\闪购采集\flower_images\父亲节花束晴空万里大花束5支向日葵香槟玫瑰混搭花束 生日鲜花送长辈 花店鲜花配送.webp
已下载: D:\cursor jihewendang\闪购采集\flower_images\温情白玫瑰混搭紫色系韩式花束送女友送朋友 生日花束生日鲜花花店鲜花配送.webp
已下载: D:\cursor jihewendang\闪购采集\flower_images\梦庄花园33朵粉玫瑰芭蕾风花束送朋友生日鲜花 花店鲜花配送不带气球.webp
已下载: D:\cursor jihewendang\闪购采集\flower_images\梦庄花园33朵粉玫瑰芭蕾风花束送朋友生日鲜花 花店鲜花配送不带气球.webp
已下载: D:\cursor jihewendang\闪购采集\flower_images\不能说的秘密紫玫瑰蝴蝶兰紫精灵康乃馨混搭花束 送闺蜜送朋友 生日鲜花 花店免费配送上门.webp
已下载: D:\cursor jihewendang\闪购采集\flower_images\不能说的秘密紫玫瑰蝴蝶兰紫精灵康乃馨混搭花束 送闺蜜送朋友 生日鲜花 花店免费配送上门.webp
已下载: D:\cursor jihewendang\闪购采集\flower_images\小确幸蝴蝶兰混搭玫瑰花束生日礼物生日鲜花见面花束送女友送闺蜜花店鲜花配送.webp
已下载: D:\cursor jihewendang\闪购采集\flower_images\爱你的心99朵红玫瑰爱心大花束 送女友送老婆 生日鲜花 花店鲜花配送.webp
已下载: D:\cursor jihewendang\闪购采集\flower_images\爱你的心99朵红玫瑰爱心大花束 送女友送老婆 生日鲜花 花店鲜花配送.webp
已下载: D:\cursor jihewendang\闪购采集\flower_images\紫属于你紫色玫瑰花蝴蝶兰抱抱桶混搭花束生日鲜花生日花束 花店鲜花配送.webp
已下载: D:\cursor jihewendang\闪购采集\flower_images\紫属于你紫色玫瑰花蝴蝶兰抱抱桶混搭花束生日鲜花生日花束 花店鲜花配送.webp
已下载: D:\cursor jihewendang\闪购采集\flower_images\手提鲜花去见你玫瑰混搭款手提花束 送女友送老婆 见面花束 花店鲜花配送.webp
已下载: D:\cursor jihewendang\闪购采集\flower_images\毕业季鲜花橙心橙意3朵向日葵加香槟玫瑰混搭花束 乔迁搬家花束送长辈 花店鲜花配送.webp
已下载: D:\cursor jihewendang\闪购采集\flower_images\人间精灵1支蝴蝶兰9支乌梅子酱洋桔梗混搭花束送女友生日鲜花花店送花上门.webp
已下载: D:\cursor jihewendang\闪购采集\flower_images\人间精灵1支蝴蝶兰9支乌梅子酱洋桔梗混搭花束送女友生日鲜花花店送花上门.webp
已下载: D:\cursor jihewendang\闪购采集\flower_images\春不迟曼塔混搭白色紫罗兰小众春日花束送女友送朋友 生日花束生日鲜花花店鲜花配送.webp
已下载: D:\cursor jihewendang\闪购采集\flower_images\劝君莫离11支白玫瑰茉莉混搭花束生日鲜花生日礼物送朋友闺蜜花店鲜花配送.webp
已下载: D:\cursor jihewendang\闪购采集\flower_images\绿野仙踪苏格兰绿玫瑰混搭花束送闺蜜生日鲜花生日花束店送花上门.webp
已下载: D:\cursor jihewendang\闪购采集\flower_images\父亲节鲜花春风得意3朵绿心向日葵香槟洋桔梗混搭花束 生日鲜花生日花束送朋友花店送花上门.webp

下载统计: 共下载了 33 张图片
图片保存在: D:\cursor jihewendang\闪购采集\flower_images
处理完成!
[2025-06-15 12:20:57] 检查完成，文件未变化
[2025-06-15 12:21:57] 检查完成，文件未变化
2025-06-15 12:22:19,985 - INFO - 检测到文件变化: D:\ailun\shangou.txt
2025-06-15 12:22:21,987 - INFO - 开始处理文件更新: D:\ailun\shangou.txt
2025-06-15 12:22:21,987 - INFO - 检测到文件变化，开始处理新内容
2025-06-15 12:22:21,990 - INFO - 成功读取JSON文件
2025-06-15 12:22:21,991 - INFO - 共找到 14 个新产品
2025-06-15 12:22:21,992 - INFO - 共提取出 31 个图片URL
2025-06-15 12:22:21,992 - INFO - 共为 14 个产品匹配到图片URL
2025-06-15 12:22:22,011 - INFO - 已更新产品信息到 flower_products.xlsx
2025-06-15 12:22:22,105 - INFO - 已下载图片: flower_images_improved\【天空之蓝】11朵碎冰蓝玫瑰混搭鲜花花束 送朋友送女生鲜花礼物 花店送花上门N1.webp
2025-06-15 12:22:22,765 - INFO - 已下载图片: flower_images_improved\【少年与梦】3支向日葵混搭11枝玫瑰泡泡花束生日礼物生日鲜花花店送花上门D2.webp
2025-06-15 12:22:23,560 - INFO - 已下载图片: flower_images_improved\【光明温暖】2支向日葵香槟橙芭比蓝星花混搭花束 送同学送长辈 毕业花束生日鲜花花店送花上门.webp
2025-06-15 12:22:24,164 - INFO - 已下载图片: flower_images_improved\【暖阳】花篮礼物手提花篮一份向日葵香槟玫桔梗混搭送朋友探望亲友花店鲜花配送.webp
2025-06-15 12:22:24,718 - INFO - 已下载图片: flower_images_improved\【月光星河】 3朵向日葵6枝玫瑰混搭花束生日鲜花 生日礼物 花店送花上门D1.webp
2025-06-15 12:22:25,293 - INFO - 已下载图片: flower_images_improved\【前程似锦】3支向日葵绿毛球白玫瑰混搭花束 生日礼物生日鲜花 花店送花上门.webp
2025-06-15 12:22:25,885 - INFO - 已下载图片: flower_images_improved\【爱在心间】白玫瑰混搭洋桔梗碎冰蓝简约风花束 生日鲜花生日礼物花店鲜花配送.webp
2025-06-15 12:22:26,464 - INFO - 已下载图片: flower_images_improved\毕业季花束【前程似锦】2朵向日葵混搭花束 送爱人送妈妈送长辈 生日鲜花花店送花上门.webp
2025-06-15 12:22:27,028 - INFO - 已下载图片: flower_images_improved\【诗与远方】2朵向日葵混搭康乃馨花束鲜花生日礼物节日鲜花送花上门 L2.webp
2025-06-15 12:22:27,594 - INFO - 已下载图片: flower_images_improved\【春风得意】碎冰蓝玫瑰混搭绣球韩式花束 送朋友生日鲜花 花店送花上门N1.webp
2025-06-15 12:22:28,190 - INFO - 已下载图片: flower_images_improved\【目光所及】1支绣球混搭碎冰蓝玫瑰花束 送领导送客户朋友生日鲜花 花店送花上门N1.webp
2025-06-15 12:22:28,765 - INFO - 已下载图片: flower_images_improved\【梦如江南】1支蝴蝶兰绣球花碎冰蓝色系混搭花束 送女生送朋友 生日鲜花 花店送货上门.webp
2025-06-15 12:22:29,317 - INFO - 已下载图片: flower_images_improved\【晨曦】1支蝴蝶兰碎冰蓝色系混搭花束 送女友生日鲜花 花店送花上门D3.webp
2025-06-15 12:22:29,879 - INFO - 已下载图片: flower_images_improved\【时光静好】11朵白玫瑰混搭洋桔梗花束 送女生生日鲜花 花店送花上门F1.webp
2025-06-15 12:22:30,382 - INFO - 下载统计: 原始图片 0 张，改进图片 14 张
2025-06-15 12:22:30,385 - INFO - 文件处理完成
2025-06-15 12:22:30,386 - INFO - 检测到文件变化: D:\ailun\shangou.txt
2025-06-15 12:22:32,387 - INFO - 开始处理文件更新: D:\ailun\shangou.txt
2025-06-15 12:22:32,391 - INFO - 文件未发生变化，跳过处理
[2025-06-15 12:22:57] 文件已更新 (大小: 278880 -> 131438, 修改时间: 1749961172.075714 -> 1749961340.4059563)
[2025-06-15 12:22:57] 检测到文件变化，开始运行提取脚本...
[2025-06-15 12:22:59] 提取脚本运行成功
[2025-06-15 12:22:59] 输出: 开始处理文件: D:\ailun\shangou.txt
成功读取JSON文件
共找到 15 个产品

前5个产品信息示例:
1. 【天空之蓝】11朵碎冰蓝玫瑰混搭鲜花花束 送朋友送女生鲜花礼物 花店送花上门N1
   原价: 188.0
   折后价: 188.0
   图片URL: http://p1.meituan.net/shangouproductapi/a4bd2db897b5d747e7532aa3ef00a73d407698.jpg.webp

2. 毕业季鲜花【橙心橙意】3朵向日葵加香槟玫瑰混搭花束 乔迁搬家花束送长辈 花店鲜花配送
   原价: 198.0
   折后价: 198.0
   图片URL: http://p0.meituan.net/shangouproductapi/ab96915af28dd2b5315459fac57bc604412113.jpg.webp

3. 【少年与梦】3支向日葵混搭11枝玫瑰泡泡花束生日礼物生日鲜花花店送花上门D2
   原价: 238.0
   折后价: 238.0
   图片URL: http://p0.meituan.net/shangouproductapi/705e56ef4db3e7eb29eabee9a508ecaf183963.jpg.webp

4. 【光明温暖】2支向日葵香槟橙芭比蓝星花混搭花束 送同学送长辈 毕业花束生日鲜花花店送花上门
   原价: 238.0
   折后价: 238.0
   图片URL: http://p0.meituan.net/shangouproductapi/e68010713410aa0140c9424576d92918470593.jpg.webp

5. 【暖阳】花篮礼物手提花篮一份向日葵香槟玫桔梗混搭送朋友探望亲友花店鲜花配送
   原价: 178.0
   折后价: 178.0
   图片URL: http://p0.meituan.net/shangouproductapi/7576216efa267b0eeda9a2a6ebbb4f18243342.jpg.webp

共提取出 31 个图片URL
共为 15 个产品匹配到图片URL
已保存产品信息到 D:\cursor jihewendang\闪购采集\flower_products.xlsx
已下载: D:\cursor jihewendang\闪购采集\flower_images\天空之蓝11朵碎冰蓝玫瑰混搭鲜花花束 送朋友送女生鲜花礼物 花店送花上门N1.webp
已下载: D:\cursor jihewendang\闪购采集\flower_images\毕业季鲜花橙心橙意3朵向日葵加香槟玫瑰混搭花束 乔迁搬家花束送长辈 花店鲜花配送.webp
已下载: D:\cursor jihewendang\闪购采集\flower_images\少年与梦3支向日葵混搭11枝玫瑰泡泡花束生日礼物生日鲜花花店送花上门D2.webp
已下载: D:\cursor jihewendang\闪购采集\flower_images\光明温暖2支向日葵香槟橙芭比蓝星花混搭花束 送同学送长辈 毕业花束生日鲜花花店送花上门.webp
已下载: D:\cursor jihewendang\闪购采集\flower_images\暖阳花篮礼物手提花篮一份向日葵香槟玫桔梗混搭送朋友探望亲友花店鲜花配送.webp
已下载: D:\cursor jihewendang\闪购采集\flower_images\月光星河 3朵向日葵6枝玫瑰混搭花束生日鲜花 生日礼物  花店送花上门D1.webp
已下载: D:\cursor jihewendang\闪购采集\flower_images\前程似锦3支向日葵绿毛球白玫瑰混搭花束 生日礼物生日鲜花 花店送花上门.webp
已下载: D:\cursor jihewendang\闪购采集\flower_images\爱在心间白玫瑰混搭洋桔梗碎冰蓝简约风花束 生日鲜花生日礼物花店鲜花配送.webp
已下载: D:\cursor jihewendang\闪购采集\flower_images\毕业季花束前程似锦2朵向日葵混搭花束 送爱人送妈妈送长辈 生日鲜花花店送花上门.webp
已下载: D:\cursor jihewendang\闪购采集\flower_images\诗与远方2朵向日葵混搭康乃馨花束鲜花生日礼物节日鲜花送花上门 L2.webp
已下载: D:\cursor jihewendang\闪购采集\flower_images\春风得意碎冰蓝玫瑰混搭绣球韩式花束 送朋友生日鲜花 花店送花上门N1.webp
已下载: D:\cursor jihewendang\闪购采集\flower_images\目光所及1支绣球混搭碎冰蓝玫瑰花束 送领导送客户朋友生日鲜花 花店送花上门N1.webp
已下载: D:\cursor jihewendang\闪购采集\flower_images\梦如江南1支蝴蝶兰绣球花碎冰蓝色系混搭花束 送女生送朋友 生日鲜花 花店送货上门.webp
已下载: D:\cursor jihewendang\闪购采集\flower_images\晨曦1支蝴蝶兰碎冰蓝色系混搭花束  送女友生日鲜花  花店送花上门D3.webp
已下载: D:\cursor jihewendang\闪购采集\flower_images\时光静好11朵白玫瑰混搭洋桔梗花束  送女生生日鲜花 花店送花上门F1.webp

下载统计: 共下载了 15 张图片
图片保存在: D:\cursor jihewendang\闪购采集\flower_images
处理完成!
[2025-06-15 12:23:59] 检查完成，文件未变化
2025-06-15 12:24:25,074 - INFO - 检测到文件变化: D:\ailun\shangou.txt
2025-06-15 12:24:27,076 - INFO - 开始处理文件更新: D:\ailun\shangou.txt
2025-06-15 12:24:27,077 - INFO - 检测到文件变化，开始处理新内容
2025-06-15 12:24:27,083 - INFO - 成功读取JSON文件
2025-06-15 12:24:27,085 - INFO - 共找到 20 个新产品
2025-06-15 12:24:27,091 - INFO - 共提取出 120 个图片URL
2025-06-15 12:24:27,092 - INFO - 共为 20 个产品匹配到图片URL
2025-06-15 12:24:27,117 - INFO - 已更新产品信息到 flower_products.xlsx
2025-06-15 12:24:27,182 - INFO - 已下载图片: flower_images_improved\鲜花_花店【爱的抱抱桶】21朵粉玫瑰鲜花+粉色小熊抱抱桶送女友生日礼物同城花店送花上门.webp
2025-06-15 12:24:27,757 - INFO - 已下载图片: flower_images_improved\【梦境花园】粉玫瑰蝴蝶兰紫罗兰混搭抱抱桶鲜花花束送女友爱人鲜花.webp
2025-06-15 12:24:28,295 - INFO - 已下载图片: flower_images_improved\鲜花【莫奈花园】19朵紫玫瑰混搭粉玫折射泡泡生日花束生日鲜花送女生送妈妈送长辈.webp
2025-06-15 12:24:28,839 - INFO - 已下载图片: flower_images_improved\【一路有你】1朵向日葵3朵香槟玫瑰多头泡泡生日鲜花花束送闺蜜花店配送上门.webp
2025-06-15 12:24:29,434 - INFO - 已下载图片: flower_images_improved\生日鲜花【温柔恬静】11朵粉玫瑰混搭鲜花小香风花束生日礼物送闺蜜送朋友鲜花店送花上门.webp
2025-06-15 12:24:29,973 - INFO - 已下载图片: flower_images_improved\玩偶花束【人间小甜瓜】21朵碎冰蓝玫瑰花史迪仔玩偶抱抱桶花束送男友女友生日鲜花花店送花上门.webp
2025-06-15 12:24:30,545 - INFO - 已下载图片: flower_images_improved\性价比颜值精选！【不负韶华】11朵粉玫瑰花鲜花花束生日礼物送女朋友表白花束鲜花配送上门.webp
2025-06-15 12:24:31,075 - INFO - 已下载图片: flower_images_improved\生日花束【午后红茶】9朵法式复古伯爵红茶花束混搭折射泡泡生日鲜花女士花店送花上门.webp
2025-06-15 12:24:31,639 - INFO - 已下载图片: flower_images_improved\【咖啡时间】33朵卡布奇诺玫瑰鲜花花束送女友送闺蜜送朋友生日鲜花花店送花上门.webp
2025-06-15 12:24:32,313 - INFO - 已下载图片: flower_images_improved\【星河璀璨】33朵碎冰蓝白玫瑰爆款生日花束送女友送老婆求婚表白鲜花店.webp
2025-06-15 12:24:32,862 - INFO - 已下载图片: flower_images_improved\【月光潮汐】52朵薄雾紫蝴蝶兰花束送女友老婆爱人表白约会花束生日鲜花花店送花上门.webp
2025-06-15 12:24:33,427 - INFO - 已下载图片: flower_images_improved\【有梦可待】生日花束11朵紫玫瑰曼塔混搭蝴蝶兰抱抱桶花束生日礼物生日鲜花送女友花店鲜花配送.webp
2025-06-15 12:24:33,959 - INFO - 已下载图片: flower_images_improved\【灯火阑珊】粉雪山混搭红玫瑰蓝星花蝴蝶兰国风混搭生日鲜花送女生送闺蜜花店送花上门.webp
2025-06-15 12:24:34,502 - INFO - 已下载图片: flower_images_improved\生日鲜花【往后余生】33朵红玫瑰搭配满天星花束送灯串送皇冠送女友送爱人鲜花配送花店送花上门.webp
2025-06-15 12:24:35,051 - INFO - 已下载图片: flower_images_improved\美伢同款花束【广志的花】蜡笔小新花束美伢花束广志送美伢的花网红创意鲜花礼物送老婆生日鲜花.webp
2025-06-15 12:24:35,620 - INFO - 已下载图片: flower_images_improved\儿童节礼物【宠爱小朋友】粉色系创意零食花束小朋友生日送女友生日礼物送上门（零食随机）.webp
2025-06-15 12:24:36,171 - INFO - 已下载图片: flower_images_improved\儿童节礼物【我的小可爱】蓝色系创意零食花束小礼物送男友送爱人生日礼物配送上门（零食随机）.webp
2025-06-15 12:24:36,715 - INFO - 已下载图片: flower_images_improved\鲜花_新中式【山有扶苏】8朵喷色白玫瑰混搭蝴蝶兰鲜花花束送女友爱人男朋友花店送花上门.webp
2025-06-15 12:24:37,272 - INFO - 已下载图片: flower_images_improved\父亲节鲜花【可爱的你】11朵香槟玫瑰花生日鲜花礼物约会花束花店送花上门生日礼物送同学男友.webp
2025-06-15 12:24:37,842 - INFO - 已下载图片: flower_images_improved\【浪漫和你同时拥有】11朵伯爵红茶粉色系小香风混搭鲜花花束送女生送女友生日鲜花礼物送花上门.webp
2025-06-15 12:24:38,345 - INFO - 下载统计: 原始图片 0 张，改进图片 20 张
2025-06-15 12:24:38,348 - INFO - 文件处理完成
2025-06-15 12:24:38,350 - INFO - 检测到文件变化: D:\ailun\shangou.txt
2025-06-15 12:24:40,352 - INFO - 开始处理文件更新: D:\ailun\shangou.txt
2025-06-15 12:24:40,353 - INFO - 检测到文件变化，开始处理新内容
2025-06-15 12:24:40,354 - INFO - 成功读取JSON文件
2025-06-15 12:24:40,355 - INFO - 共找到 6 个新产品
2025-06-15 12:24:40,356 - INFO - 共提取出 18 个图片URL
2025-06-15 12:24:40,356 - INFO - 共为 6 个产品匹配到图片URL
2025-06-15 12:24:40,371 - INFO - 已更新产品信息到 flower_products.xlsx
2025-06-15 12:24:40,455 - INFO - 已下载图片: flower_images_improved\生日礼物【兜售浪漫】粉玫瑰混搭紫玫瑰紫罗兰鲜花花束多巴胺花束送女友送男友送闺蜜花束送花上门.webp
2025-06-15 12:24:41,005 - INFO - 已下载图片: flower_images_improved\男士鲜花礼物【柚屿】33朵黑骑士玫瑰韩式花束送父亲送男朋友送同事送领导生日礼物花店送花上门.webp
2025-06-15 12:24:41,538 - INFO - 已下载图片: flower_images_improved\【起舞翩翩】粉玫瑰混搭白桔梗白罗兰创意蝴蝶花束送女友送闺蜜送朋友鲜花店花束鲜花免费配送.webp
2025-06-15 12:24:42,095 - INFO - 已下载图片: flower_images_improved\父亲节【心怀浪漫宇宙】52朵黑骑士白玫瑰喷色玫瑰花束生日鲜花生日花束送男生父亲花店送花上门.webp
2025-06-15 12:24:42,692 - INFO - 已下载图片: flower_images_improved\父亲节花束【寄予晚风】午后红茶玫瑰混搭手提花篮送女友送男友送闺蜜鲜花手提花篮鲜花店送花上门.webp
2025-06-15 12:24:43,267 - INFO - 已下载图片: flower_images_improved\父亲节鲜花【少年的你】33朵黑骑士白玫瑰鲜花抱抱桶送男友生日礼物生日鲜花花店送花上门.webp
2025-06-15 12:24:43,768 - INFO - 下载统计: 原始图片 0 张，改进图片 6 张
2025-06-15 12:24:43,770 - INFO - 文件处理完成
[2025-06-15 12:24:59] 文件已更新 (大小: 131438 -> 52548, 修改时间: 1749961340.4059563 -> 1749961470.715181)
[2025-06-15 12:24:59] 检测到文件变化，开始运行提取脚本...
[2025-06-15 12:25:01] 提取脚本运行成功
[2025-06-15 12:25:01] 输出: 开始处理文件: D:\ailun\shangou.txt
成功读取JSON文件
共找到 6 个产品

前5个产品信息示例:
1. 生日礼物【兜售浪漫】粉玫瑰混搭紫玫瑰紫罗兰鲜花花束多巴胺花束送女友送男友送闺蜜花束送花上门
   原价: 108.0
   折后价: 108.0
   图片URL: http://p0.meituan.net/shangouproductapi/d2d9c780a831c3c150344d4ec1bba0742419810.png.webp

2. 男士鲜花礼物【柚屿】33朵黑骑士玫瑰韩式花束送父亲送男朋友送同事送领导生日礼物花店送花上门
   原价: 198.0
   折后价: 198.0
   图片URL: http://p0.meituan.net/shangouproductapi/25c5fca4af4446be289d5a773052c6e81254833.png.webp

3. 【起舞翩翩】粉玫瑰混搭白桔梗白罗兰创意蝴蝶花束送女友送闺蜜送朋友鲜花店花束鲜花免费配送
   原价: 88.0
   折后价: 88.0
   图片URL: http://p1.meituan.net/shangouproductapi/00f7cd608448401f4544be54c1c85ed3281576.jpg.webp

4. 父亲节【心怀浪漫宇宙】52朵黑骑士白玫瑰喷色玫瑰花束生日鲜花生日花束送男生父亲花店送花上门
   原价: 388.0
   折后价: 388.0
   图片URL: http://p0.meituan.net/shangouproductapi/79765d144ee1b924856307585a12d5ce258800.jpg.webp

5. 父亲节花束【寄予晚风】午后红茶玫瑰混搭手提花篮送女友送男友送闺蜜鲜花手提花篮鲜花店送花上门
   原价: 78.0
   折后价: 78.0
   图片URL: http://p0.meituan.net/shangouproductapi/3c664b7a0429c9c11a5d34eab11fa13f3351287.png.webp

共提取出 18 个图片URL
共为 6 个产品匹配到图片URL
已保存产品信息到 D:\cursor jihewendang\闪购采集\flower_products.xlsx
已下载: D:\cursor jihewendang\闪购采集\flower_images\生日礼物兜售浪漫粉玫瑰混搭紫玫瑰紫罗兰鲜花花束多巴胺花束送女友送男友送闺蜜花束送花上门.webp
已下载: D:\cursor jihewendang\闪购采集\flower_images\男士鲜花礼物柚屿33朵黑骑士玫瑰韩式花束送父亲送男朋友送同事送领导生日礼物花店送花上门.webp
已下载: D:\cursor jihewendang\闪购采集\flower_images\起舞翩翩粉玫瑰混搭白桔梗白罗兰创意蝴蝶花束送女友送闺蜜送朋友鲜花店花束鲜花免费配送.webp
已下载: D:\cursor jihewendang\闪购采集\flower_images\父亲节心怀浪漫宇宙52朵黑骑士白玫瑰喷色玫瑰花束生日鲜花生日花束送男生父亲花店送花上门.webp
已下载: D:\cursor jihewendang\闪购采集\flower_images\父亲节花束寄予晚风午后红茶玫瑰混搭手提花篮送女友送男友送闺蜜鲜花手提花篮鲜花店送花上门.webp
已下载: D:\cursor jihewendang\闪购采集\flower_images\父亲节鲜花少年的你33朵黑骑士白玫瑰鲜花抱抱桶送男友生日礼物生日鲜花花店送花上门.webp

下载统计: 共下载了 6 张图片
图片保存在: D:\cursor jihewendang\闪购采集\flower_images
处理完成!
[2025-06-15 12:26:01] 检查完成，文件未变化
[2025-06-15 12:27:01] 检查完成，文件未变化
2025-06-15 12:27:23,059 - INFO - 监控已停止
[2025-06-15 12:28:01] 检查完成，文件未变化
[2025-06-15 12:29:01] 检查完成，文件未变化
[2025-06-15 12:30:01] 检查完成，文件未变化
[2025-06-15 12:31:01] 检查完成，文件未变化
[2025-06-15 12:32:01] 检查完成，文件未变化
[2025-06-15 12:33:01] 检查完成，文件未变化
[2025-06-15 12:34:01] 检查完成，文件未变化
[2025-06-15 12:35:01] 检查完成，文件未变化
[2025-06-15 12:36:01] 检查完成，文件未变化
[2025-06-15 12:37:01] 检查完成，文件未变化
[2025-06-15 12:38:01] 检查完成，文件未变化
[2025-06-15 12:39:01] 检查完成，文件未变化
[2025-06-15 12:40:01] 检查完成，文件未变化
[2025-06-15 12:41:01] 检查完成，文件未变化
[2025-06-15 12:42:01] 检查完成，文件未变化
2025-06-15 12:42:44,523 - INFO - 开始将现有webp图片转换为jpg...
2025-06-15 12:42:44,524 - INFO - 找到 82 个webp文件
2025-06-15 12:42:44,524 - INFO - 文件已存在，跳过: 52朵红玫瑰我爱你-爱心花束红玫瑰节鲜花送老婆送女友表白求婚花束.jpg
2025-06-15 12:42:44,525 - INFO - 文件已存在，跳过: 【一路有你】1朵向日葵3朵香槟玫瑰多头泡泡生日鲜花花束送闺蜜花店配送上门.jpg
2025-06-15 12:42:44,525 - INFO - 文件已存在，跳过: 【不能说的秘密】紫玫瑰蝴蝶兰紫精灵康乃馨混搭花束 送闺蜜送朋友 生日鲜花 花店免费配送上门.jpg
2025-06-15 12:42:44,525 - INFO - 文件已存在，跳过: 【人间精灵】1支蝴蝶兰9支乌梅子酱洋桔梗混搭花束送女友生日鲜花花店送花上门.jpg
2025-06-15 12:42:44,526 - INFO - 文件已存在，跳过: 【光明温暖】2支向日葵香槟橙芭比蓝星花混搭花束 送同学送长辈 毕业花束生日鲜花花店送花上门.jpg
2025-06-15 12:42:44,526 - INFO - 文件已存在，跳过: 【前程似锦】3支向日葵绿毛球白玫瑰混搭花束 生日礼物生日鲜花 花店送花上门.jpg
2025-06-15 12:42:44,526 - INFO - 文件已存在，跳过: 【劝君莫离】11支白玫瑰茉莉混搭花束生日鲜花生日礼物送朋友闺蜜花店鲜花配送.jpg
2025-06-15 12:42:44,526 - INFO - 文件已存在，跳过: 【咖啡时间】33朵卡布奇诺玫瑰鲜花花束送女友送闺蜜送朋友生日鲜花花店送花上门.jpg
2025-06-15 12:42:44,527 - INFO - 文件已存在，跳过: 【天空之蓝】11朵碎冰蓝玫瑰混搭鲜花花束 送朋友送女生鲜花礼物 花店送花上门N1.jpg
2025-06-15 12:42:44,527 - INFO - 文件已存在，跳过: 【好运莲莲】10朵荷花混搭莲蓬花束送亲人送朋友送爱人生日鲜花送女友鲜花店鲜花配送上门.jpg
2025-06-15 12:42:44,527 - INFO - 文件已存在，跳过: 【小确幸】蝴蝶兰混搭玫瑰花束生日礼物生日鲜花见面花束送女友送闺蜜花店鲜花配送.jpg
2025-06-15 12:42:44,528 - INFO - 文件已存在，跳过: 【少年与梦】3支向日葵混搭11枝玫瑰泡泡花束生日礼物生日鲜花花店送花上门D2.jpg
2025-06-15 12:42:44,528 - INFO - 文件已存在，跳过: 【手提鲜花去见你】玫瑰混搭款手提花束 送女友送老婆 见面花束 花店鲜花配送.jpg
2025-06-15 12:42:44,528 - INFO - 文件已存在，跳过: 【时光静好】11朵白玫瑰混搭洋桔梗花束 送女生生日鲜花 花店送花上门F1.jpg
2025-06-15 12:42:44,529 - INFO - 文件已存在，跳过: 【星河璀璨】33朵碎冰蓝白玫瑰爆款生日花束送女友送老婆求婚表白鲜花店.jpg
2025-06-15 12:42:44,529 - INFO - 文件已存在，跳过: 【春不迟】曼塔混搭白色紫罗兰小众春日花束送女友送朋友 生日花束生日鲜花花店鲜花配送.jpg
2025-06-15 12:42:44,529 - INFO - 文件已存在，跳过: 【春风得意】碎冰蓝玫瑰混搭绣球韩式花束 送朋友生日鲜花 花店送花上门N1.jpg
2025-06-15 12:42:44,530 - INFO - 文件已存在，跳过: 【晨曦】1支蝴蝶兰碎冰蓝色系混搭花束 送女友生日鲜花 花店送花上门D3.jpg
2025-06-15 12:42:44,530 - INFO - 文件已存在，跳过: 【暖阳】花篮礼物手提花篮一份向日葵香槟玫桔梗混搭送朋友探望亲友花店鲜花配送.jpg
2025-06-15 12:42:44,530 - INFO - 文件已存在，跳过: 【月光星河】 3朵向日葵6枝玫瑰混搭花束生日鲜花 生日礼物 花店送花上门D1.jpg
2025-06-15 12:42:44,530 - INFO - 文件已存在，跳过: 【月光潮汐】52朵薄雾紫蝴蝶兰花束送女友老婆爱人表白约会花束生日鲜花花店送花上门.jpg
2025-06-15 12:42:44,531 - INFO - 文件已存在，跳过: 【有梦可待】生日花束11朵紫玫瑰曼塔混搭蝴蝶兰抱抱桶花束生日礼物生日鲜花送女友花店鲜花配送.jpg
2025-06-15 12:42:44,531 - INFO - 文件已存在，跳过: 【梦境花园】粉玫瑰蝴蝶兰紫罗兰混搭抱抱桶鲜花花束送女友爱人鲜花.jpg
2025-06-15 12:42:44,531 - INFO - 文件已存在，跳过: 【梦如江南】1支蝴蝶兰绣球花碎冰蓝色系混搭花束 送女生送朋友 生日鲜花 花店送货上门.jpg
2025-06-15 12:42:44,532 - INFO - 文件已存在，跳过: 【梦庄花园】33朵粉玫瑰芭蕾风花束送朋友生日鲜花 花店鲜花配送（不带气球）.jpg
2025-06-15 12:42:44,532 - INFO - 文件已存在，跳过: 【浅浅的微笑】19_33乌梅子酱爱心玫瑰花束 送闺蜜生日鲜花 花店鲜花配送.jpg
2025-06-15 12:42:44,533 - INFO - 文件已存在，跳过: 【浪漫和你同时拥有】11朵伯爵红茶粉色系小香风混搭鲜花花束送女生送女友生日鲜花礼物送花上门.jpg
2025-06-15 12:42:44,533 - INFO - 文件已存在，跳过: 【温情】白玫瑰混搭紫色系韩式花束送女友送朋友 生日花束生日鲜花花店鲜花配送.jpg
2025-06-15 12:42:44,533 - INFO - 文件已存在，跳过: 【漫舞春天】1朵蝴蝶兰粉玫瑰紫罗兰混搭花束 生日礼物 送女友送朋友 花店鲜花配送.jpg
2025-06-15 12:42:44,533 - INFO - 文件已存在，跳过: 【灯火阑珊】粉雪山混搭红玫瑰蓝星花蝴蝶兰国风混搭生日鲜花送女生送闺蜜花店送花上门.jpg
2025-06-15 12:42:44,534 - INFO - 文件已存在，跳过: 【爱与温柔】52朵碎冰蓝玫瑰花束仙女鲜花送爱人送闺蜜送朋友.jpg
2025-06-15 12:42:44,534 - INFO - 文件已存在，跳过: 【爱你的心】99朵红玫瑰爱心大花束 送女友送老婆 生日鲜花 花店鲜花配送.jpg
2025-06-15 12:42:44,534 - INFO - 文件已存在，跳过: 【爱在心间】白玫瑰混搭洋桔梗碎冰蓝简约风花束 生日鲜花生日礼物花店鲜花配送.jpg
2025-06-15 12:42:44,535 - INFO - 文件已存在，跳过: 【爱意满满】33朵红玫瑰满天星混搭花束 生日鲜花生日礼物送老婆花店鲜花配送.jpg
2025-06-15 12:42:44,535 - INFO - 文件已存在，跳过: 【目光所及】1支绣球混搭碎冰蓝玫瑰花束 送领导送客户朋友生日鲜花 花店送花上门N1.jpg
2025-06-15 12:42:44,535 - INFO - 文件已存在，跳过: 【直播精选】11朵卡布奇诺玫瑰花混搭多头巧克力泡泡小香风花束520见面约会鲜花花店送花上门.jpg
2025-06-15 12:42:44,535 - INFO - 文件已存在，跳过: 【直播精选】11朵粉色复古红玫瑰凡尔赛花束520送女友喷色鲜花生日礼物花店送花上门.jpg
2025-06-15 12:42:44,536 - INFO - 文件已存在，跳过: 【直播精选】19朵粉色玫瑰爱心花束生日鲜花520送闺蜜女友生日花束送女士花店送花上门.jpg
2025-06-15 12:42:44,536 - INFO - 文件已存在，跳过: 【直播精选】33朵乌梅子酱爱心玫瑰花束520送女生生日鲜花花店送花上门.jpg
2025-06-15 12:42:44,536 - INFO - 文件已存在，跳过: 【直播精选】33朵粉玫瑰520送爱人女友闺蜜生日鲜花见面鲜花花店送花上门.jpg
2025-06-15 12:42:44,536 - INFO - 文件已存在，跳过: 【直播精选】33朵香槟玫瑰混搭520送女友送闺蜜生日鲜花礼物花店送花上门.jpg
2025-06-15 12:42:44,537 - INFO - 文件已存在，跳过: 【直播精选】33枝红玫瑰花束520送女友闺蜜朋友生日鲜花花店送花上门花束礼物.jpg
2025-06-15 12:42:44,537 - INFO - 文件已存在，跳过: 【直播精选】52朵红玫瑰花束520送爱人生日鲜花送女友送闺蜜送朋友花店送花上门.jpg
2025-06-15 12:42:44,537 - INFO - 文件已存在，跳过: 【直播精选】99枝红玫瑰鲜花花束520送女友生日鲜花花店送花上门.jpg
2025-06-15 12:42:44,537 - INFO - 文件已存在，跳过: 【紫属于你】紫色玫瑰花蝴蝶兰抱抱桶混搭花束生日鲜花生日花束 花店鲜花配送.jpg
2025-06-15 12:42:44,537 - INFO - 文件已存在，跳过: 【绿野仙踪】苏格兰绿玫瑰混搭花束送闺蜜生日鲜花生日花束店送花上门.jpg
2025-06-15 12:42:44,538 - INFO - 文件已存在，跳过: 【荷你一起】21朵荷花混搭莲蓬花束送妈妈_送朋友送女友送闺密送花上门.jpg
2025-06-15 12:42:44,538 - INFO - 文件已存在，跳过: 【荷你相遇】3朵荷花混搭花束新中式国风花束送女友送恋人毕业季花束花店同城送花上门.jpg
2025-06-15 12:42:44,538 - INFO - 文件已存在，跳过: 【荷其幸运】5朵荷花花束 送女朋友送闺蜜送朋友长辈老师花店送花上门.jpg
2025-06-15 12:42:44,538 - INFO - 文件已存在，跳过: 【荷其有幸荷你相遇】8朵荷花混搭粉玫瑰高端轻奢花束粉色系花束鲜花送女友表白花束.jpg
2025-06-15 12:42:44,539 - INFO - 文件已存在，跳过: 【荷塘月色】13朵荷花莲蓬混搭抱抱桶高端花束送女友送闺蜜生日鲜花鲜花店配送上门.jpg
2025-06-15 12:42:44,539 - INFO - 文件已存在，跳过: 【荷塘月色】新品11朵荷花新中式抱抱桶花束时令花束送闺蜜送女友好运连连花店免费送花上门.jpg
2025-06-15 12:42:44,539 - INFO - 文件已存在，跳过: 【莫奈花园】16_21支粉白玫瑰紫罗兰蓝星花混搭花束送闺蜜送女友花店鲜花配送.jpg
2025-06-15 12:42:44,540 - INFO - 文件已存在，跳过: 【诗与远方】2朵向日葵混搭康乃馨花束鲜花生日礼物节日鲜花送花上门 L2.jpg
2025-06-15 12:42:44,540 - INFO - 文件已存在，跳过: 【起舞翩翩】粉玫瑰混搭白桔梗白罗兰创意蝴蝶花束送女友送闺蜜送朋友鲜花店花束鲜花免费配送.jpg
2025-06-15 12:42:44,540 - INFO - 文件已存在，跳过: 儿童节礼物【宠爱小朋友】粉色系创意零食花束小朋友生日送女友生日礼物送上门（零食随机）.jpg
2025-06-15 12:42:44,540 - INFO - 文件已存在，跳过: 儿童节礼物【我的小可爱】蓝色系创意零食花束小礼物送男友送爱人生日礼物配送上门（零食随机）.jpg
2025-06-15 12:42:44,540 - INFO - 文件已存在，跳过: 夏日荷花【荷你相遇】10朵荷花混搭花束荷花花束生日花束表白花束好运连连花店送花上门.jpg
2025-06-15 12:42:44,541 - INFO - 文件已存在，跳过: 性价比颜值精选！【不负韶华】11朵粉玫瑰花鲜花花束生日礼物送女朋友表白花束鲜花配送上门.jpg
2025-06-15 12:42:44,541 - INFO - 文件已存在，跳过: 毕业季花束【前程似锦】2朵向日葵混搭花束 送爱人送妈妈送长辈 生日鲜花花店送花上门.jpg
2025-06-15 12:42:44,541 - INFO - 文件已存在，跳过: 毕业季鲜花【午后红茶】11_21_33支粉玫瑰折射泡泡混搭花束 送闺蜜生日鲜花花店鲜花配送.jpg
2025-06-15 12:42:44,541 - INFO - 文件已存在，跳过: 毕业季鲜花【橙心橙意】3朵向日葵加香槟玫瑰混搭花束 乔迁搬家花束送长辈 花店鲜花配送.jpg
2025-06-15 12:42:44,542 - INFO - 文件已存在，跳过: 父亲节【心怀浪漫宇宙】52朵黑骑士白玫瑰喷色玫瑰花束生日鲜花生日花束送男生父亲花店送花上门.jpg
2025-06-15 12:42:44,542 - INFO - 文件已存在，跳过: 父亲节礼物【一路有你】1朵向日葵6朵香槟玫瑰橙芭比混搭花束 生日花束生日鲜花 花店送花上门.jpg
2025-06-15 12:42:44,542 - INFO - 文件已存在，跳过: 父亲节花束【寄予晚风】午后红茶玫瑰混搭手提花篮送女友送男友送闺蜜鲜花手提花篮鲜花店送花上门.jpg
2025-06-15 12:42:44,542 - INFO - 文件已存在，跳过: 父亲节花束【晴空万里】大花束5支向日葵香槟玫瑰混搭花束 生日鲜花送长辈 花店鲜花配送.jpg
2025-06-15 12:42:44,543 - INFO - 文件已存在，跳过: 父亲节鲜花【可爱的你】11朵香槟玫瑰花生日鲜花礼物约会花束花店送花上门生日礼物送同学男友.jpg
2025-06-15 12:42:44,543 - INFO - 文件已存在，跳过: 父亲节鲜花【少年的你】33朵黑骑士白玫瑰鲜花抱抱桶送男友生日礼物生日鲜花花店送花上门.jpg
2025-06-15 12:42:44,543 - INFO - 文件已存在，跳过: 父亲节鲜花【春风得意】3朵绿心向日葵香槟洋桔梗混搭花束 生日鲜花生日花束送朋友花店送花上门.jpg
2025-06-15 12:42:44,543 - INFO - 文件已存在，跳过: 玩偶花束【人间小甜瓜】21朵碎冰蓝玫瑰花史迪仔玩偶抱抱桶花束送男友女友生日鲜花花店送花上门.jpg
2025-06-15 12:42:44,544 - INFO - 文件已存在，跳过: 生日礼物【兜售浪漫】粉玫瑰混搭紫玫瑰紫罗兰鲜花花束多巴胺花束送女友送男友送闺蜜花束送花上门.jpg
2025-06-15 12:42:44,544 - INFO - 文件已存在，跳过: 生日花束【午后红茶】9朵法式复古伯爵红茶花束混搭折射泡泡生日鲜花女士花店送花上门.jpg
2025-06-15 12:42:44,544 - INFO - 文件已存在，跳过: 生日鲜花【往后余生】33朵红玫瑰搭配满天星花束送灯串送皇冠送女友送爱人鲜花配送花店送花上门.jpg
2025-06-15 12:42:44,544 - INFO - 文件已存在，跳过: 生日鲜花【温柔恬静】11朵粉玫瑰混搭鲜花小香风花束生日礼物送闺蜜送朋友鲜花店送花上门.jpg
2025-06-15 12:42:44,545 - INFO - 文件已存在，跳过: 男士鲜花礼物【柚屿】33朵黑骑士玫瑰韩式花束送父亲送男朋友送同事送领导生日礼物花店送花上门.jpg
2025-06-15 12:42:44,545 - INFO - 文件已存在，跳过: 网红爆款52朵心形乌梅子酱花束曼塔玫瑰喷色制作。很唯美很唯美的花.jpg
2025-06-15 12:42:44,545 - INFO - 文件已存在，跳过: 美伢同款花束【广志的花】蜡笔小新花束美伢花束广志送美伢的花网红创意鲜花礼物送老婆生日鲜花.jpg
2025-06-15 12:42:44,545 - INFO - 文件已存在，跳过: 荷你相遇，荷其幸运5支荷花花束送女友送闺蜜送男友送领导长辈生日礼物玫瑰花花店送花上门.jpg
2025-06-15 12:42:44,546 - INFO - 文件已存在，跳过: 鲜花_新中式【山有扶苏】8朵喷色白玫瑰混搭蝴蝶兰鲜花花束送女友爱人男朋友花店送花上门.jpg
2025-06-15 12:42:44,546 - INFO - 文件已存在，跳过: 鲜花_花店【爱的抱抱桶】21朵粉玫瑰鲜花+粉色小熊抱抱桶送女友生日礼物同城花店送花上门.jpg
2025-06-15 12:42:44,546 - INFO - 文件已存在，跳过: 鲜花【莫奈花园】19朵紫玫瑰混搭粉玫折射泡泡生日花束生日鲜花送女生送妈妈送长辈.jpg
2025-06-15 12:42:44,546 - INFO - 文件已存在，跳过: 鲜花国风 荷你相遇 荷其幸运-10支混搭莲蓬荷花束生日鲜花送爱人闺蜜老师长辈花店送花花上门.jpg
2025-06-15 12:42:44,546 - INFO - 转换完成! 成功: 0, 失败: 0
2025-06-15 12:42:44,547 - INFO - ==================================================
2025-06-15 12:42:44,547 - INFO - 花卉产品信息实时监控程序 (简化版)
2025-06-15 12:42:44,547 - INFO - ==================================================
2025-06-15 12:42:44,547 - INFO - 监控文件: D:\ailun\shangou.txt
2025-06-15 12:42:44,547 - INFO - Excel文件: flower_products.xlsx
2025-06-15 12:42:44,548 - INFO - 图片目录: flower_images_jpg
2025-06-15 12:42:44,548 - INFO - ==================================================
2025-06-15 12:42:44,548 - INFO - 开始处理文件更新: D:\ailun\shangou.txt
2025-06-15 12:42:44,549 - INFO - 文件未发生变化，跳过处理
2025-06-15 12:42:44,551 - INFO - 开始监控文件变化，按Ctrl+C停止...
[2025-06-15 12:43:01] 检查完成，文件未变化
2025-06-15 12:43:38,240 - INFO - 检测到文件变化: D:\ailun\shangou.txt
2025-06-15 12:43:40,241 - INFO - 开始处理文件更新: D:\ailun\shangou.txt
2025-06-15 12:43:40,242 - INFO - 检测到文件变化，开始处理新内容
2025-06-15 12:43:40,245 - INFO - 成功读取JSON文件
2025-06-15 12:43:40,466 - INFO - 已加载 12 个已处理的产品
2025-06-15 12:43:40,468 - INFO - 未找到新的产品信息
2025-06-15 12:43:40,469 - INFO - 检测到文件变化: D:\ailun\shangou.txt
2025-06-15 12:43:42,470 - INFO - 开始处理文件更新: D:\ailun\shangou.txt
2025-06-15 12:43:42,470 - INFO - 文件未发生变化，跳过处理
[2025-06-15 12:44:01] 文件已更新 (大小: 52548 -> 123459, 修改时间: 1749961470.715181 -> 1749962618.2390575)
[2025-06-15 12:44:01] 检测到文件变化，开始运行提取脚本...
[2025-06-15 12:44:01] 提取脚本运行失败，错误码: 2
[2025-06-15 12:44:01] 运行提取脚本时出错: 'NoneType' object has no attribute 'strip'
2025-06-15 12:44:12,012 - INFO - 检测到文件变化: D:\ailun\shangou.txt
2025-06-15 12:44:14,014 - INFO - 开始处理文件更新: D:\ailun\shangou.txt
2025-06-15 12:44:14,015 - INFO - 检测到文件变化，开始处理新内容
2025-06-15 12:44:14,021 - INFO - 成功读取JSON文件
2025-06-15 12:44:14,023 - INFO - 共找到 20 个新产品
2025-06-15 12:44:14,026 - INFO - 共提取出 112 个图片URL
2025-06-15 12:44:14,026 - INFO - 共为 20 个产品匹配到图片URL
2025-06-15 12:44:14,064 - INFO - 已更新产品信息到 flower_products.xlsx
2025-06-15 12:44:14,437 - ERROR - 下载图片 '毕业季鲜花【午后红茶】11/21/33支粉玫瑰折射泡泡混搭花束 送闺蜜生日鲜花花店鲜花配送' 时出错: [Errno 2] No such file or directory: 'flower_images_jpg\\毕业季鲜花【午后红茶】11_21_33支粉玫瑰折射泡泡混搭花束 送闺蜜生日鲜花花店鲜花配送.jpg'
2025-06-15 12:44:14,438 - INFO - 重试下载 (2/3)...
2025-06-15 12:44:16,630 - ERROR - 下载图片 '毕业季鲜花【午后红茶】11/21/33支粉玫瑰折射泡泡混搭花束 送闺蜜生日鲜花花店鲜花配送' 时出错: [Errno 2] No such file or directory: 'flower_images_jpg\\毕业季鲜花【午后红茶】11_21_33支粉玫瑰折射泡泡混搭花束 送闺蜜生日鲜花花店鲜花配送.jpg'
2025-06-15 12:44:16,630 - INFO - 重试下载 (3/3)...
2025-06-15 12:44:18,850 - ERROR - 下载图片 '毕业季鲜花【午后红茶】11/21/33支粉玫瑰折射泡泡混搭花束 送闺蜜生日鲜花花店鲜花配送' 时出错: [Errno 2] No such file or directory: 'flower_images_jpg\\毕业季鲜花【午后红茶】11_21_33支粉玫瑰折射泡泡混搭花束 送闺蜜生日鲜花花店鲜花配送.jpg'
2025-06-15 12:44:18,850 - ERROR - 下载失败，已达到最大重试次数
2025-06-15 12:44:19,062 - ERROR - 下载图片 '【漫舞春天】1朵蝴蝶兰粉玫瑰紫罗兰混搭花束 生日礼物 送女友送朋友 花店鲜花配送' 时出错: [Errno 2] No such file or directory: 'flower_images_jpg\\【漫舞春天】1朵蝴蝶兰粉玫瑰紫罗兰混搭花束 生日礼物 送女友送朋友 花店鲜花配送.jpg'
2025-06-15 12:44:19,062 - INFO - 重试下载 (2/3)...
2025-06-15 12:44:21,226 - ERROR - 下载图片 '【漫舞春天】1朵蝴蝶兰粉玫瑰紫罗兰混搭花束 生日礼物 送女友送朋友 花店鲜花配送' 时出错: [Errno 2] No such file or directory: 'flower_images_jpg\\【漫舞春天】1朵蝴蝶兰粉玫瑰紫罗兰混搭花束 生日礼物 送女友送朋友 花店鲜花配送.jpg'
2025-06-15 12:44:21,227 - INFO - 重试下载 (3/3)...
2025-06-15 12:44:23,412 - ERROR - 下载图片 '【漫舞春天】1朵蝴蝶兰粉玫瑰紫罗兰混搭花束 生日礼物 送女友送朋友 花店鲜花配送' 时出错: [Errno 2] No such file or directory: 'flower_images_jpg\\【漫舞春天】1朵蝴蝶兰粉玫瑰紫罗兰混搭花束 生日礼物 送女友送朋友 花店鲜花配送.jpg'
2025-06-15 12:44:23,413 - ERROR - 下载失败，已达到最大重试次数
2025-06-15 12:44:23,576 - ERROR - 下载图片 '【浅浅的微笑】19/33乌梅子酱爱心玫瑰花束 送闺蜜生日鲜花 花店鲜花配送' 时出错: [Errno 2] No such file or directory: 'flower_images_jpg\\【浅浅的微笑】19_33乌梅子酱爱心玫瑰花束 送闺蜜生日鲜花 花店鲜花配送.jpg'
2025-06-15 12:44:23,577 - INFO - 重试下载 (2/3)...
2025-06-15 12:44:25,673 - ERROR - 下载图片 '【浅浅的微笑】19/33乌梅子酱爱心玫瑰花束 送闺蜜生日鲜花 花店鲜花配送' 时出错: [Errno 2] No such file or directory: 'flower_images_jpg\\【浅浅的微笑】19_33乌梅子酱爱心玫瑰花束 送闺蜜生日鲜花 花店鲜花配送.jpg'
2025-06-15 12:44:25,674 - INFO - 重试下载 (3/3)...
2025-06-15 12:44:27,798 - ERROR - 下载图片 '【浅浅的微笑】19/33乌梅子酱爱心玫瑰花束 送闺蜜生日鲜花 花店鲜花配送' 时出错: [Errno 2] No such file or directory: 'flower_images_jpg\\【浅浅的微笑】19_33乌梅子酱爱心玫瑰花束 送闺蜜生日鲜花 花店鲜花配送.jpg'
2025-06-15 12:44:27,799 - ERROR - 下载失败，已达到最大重试次数
2025-06-15 12:44:27,868 - ERROR - 下载图片 '【爱意满满】33朵红玫瑰满天星混搭花束 生日鲜花生日礼物送老婆花店鲜花配送' 时出错: [Errno 2] No such file or directory: 'flower_images_jpg\\【爱意满满】33朵红玫瑰满天星混搭花束 生日鲜花生日礼物送老婆花店鲜花配送.jpg'
2025-06-15 12:44:27,869 - INFO - 重试下载 (2/3)...
2025-06-15 12:44:29,940 - ERROR - 下载图片 '【爱意满满】33朵红玫瑰满天星混搭花束 生日鲜花生日礼物送老婆花店鲜花配送' 时出错: [Errno 2] No such file or directory: 'flower_images_jpg\\【爱意满满】33朵红玫瑰满天星混搭花束 生日鲜花生日礼物送老婆花店鲜花配送.jpg'
2025-06-15 12:44:29,941 - INFO - 重试下载 (3/3)...
2025-06-15 12:44:32,060 - ERROR - 下载图片 '【爱意满满】33朵红玫瑰满天星混搭花束 生日鲜花生日礼物送老婆花店鲜花配送' 时出错: [Errno 2] No such file or directory: 'flower_images_jpg\\【爱意满满】33朵红玫瑰满天星混搭花束 生日鲜花生日礼物送老婆花店鲜花配送.jpg'
2025-06-15 12:44:32,061 - ERROR - 下载失败，已达到最大重试次数
2025-06-15 12:44:32,139 - ERROR - 下载图片 '父亲节礼物【一路有你】1朵向日葵6朵香槟玫瑰橙芭比混搭花束 生日花束生日鲜花 花店送花上门' 时出错: [Errno 2] No such file or directory: 'flower_images_jpg\\父亲节礼物【一路有你】1朵向日葵6朵香槟玫瑰橙芭比混搭花束 生日花束生日鲜花 花店送花上门.jpg'
2025-06-15 12:44:32,140 - INFO - 重试下载 (2/3)...
2025-06-15 12:44:34,237 - ERROR - 下载图片 '父亲节礼物【一路有你】1朵向日葵6朵香槟玫瑰橙芭比混搭花束 生日花束生日鲜花 花店送花上门' 时出错: [Errno 2] No such file or directory: 'flower_images_jpg\\父亲节礼物【一路有你】1朵向日葵6朵香槟玫瑰橙芭比混搭花束 生日花束生日鲜花 花店送花上门.jpg'
2025-06-15 12:44:34,238 - INFO - 重试下载 (3/3)...
2025-06-15 12:44:36,312 - ERROR - 下载图片 '父亲节礼物【一路有你】1朵向日葵6朵香槟玫瑰橙芭比混搭花束 生日花束生日鲜花 花店送花上门' 时出错: [Errno 2] No such file or directory: 'flower_images_jpg\\父亲节礼物【一路有你】1朵向日葵6朵香槟玫瑰橙芭比混搭花束 生日花束生日鲜花 花店送花上门.jpg'
2025-06-15 12:44:36,313 - ERROR - 下载失败，已达到最大重试次数
2025-06-15 12:44:36,448 - ERROR - 下载图片 '【莫奈花园】16/21支粉白玫瑰紫罗兰蓝星花混搭花束送闺蜜送女友花店鲜花配送' 时出错: [Errno 2] No such file or directory: 'flower_images_jpg\\【莫奈花园】16_21支粉白玫瑰紫罗兰蓝星花混搭花束送闺蜜送女友花店鲜花配送.jpg'
2025-06-15 12:44:36,449 - INFO - 重试下载 (2/3)...
2025-06-15 12:44:38,607 - ERROR - 下载图片 '【莫奈花园】16/21支粉白玫瑰紫罗兰蓝星花混搭花束送闺蜜送女友花店鲜花配送' 时出错: [Errno 2] No such file or directory: 'flower_images_jpg\\【莫奈花园】16_21支粉白玫瑰紫罗兰蓝星花混搭花束送闺蜜送女友花店鲜花配送.jpg'
2025-06-15 12:44:38,608 - INFO - 重试下载 (3/3)...
2025-06-15 12:44:40,742 - ERROR - 下载图片 '【莫奈花园】16/21支粉白玫瑰紫罗兰蓝星花混搭花束送闺蜜送女友花店鲜花配送' 时出错: [Errno 2] No such file or directory: 'flower_images_jpg\\【莫奈花园】16_21支粉白玫瑰紫罗兰蓝星花混搭花束送闺蜜送女友花店鲜花配送.jpg'
2025-06-15 12:44:40,742 - ERROR - 下载失败，已达到最大重试次数
2025-06-15 12:44:40,965 - ERROR - 下载图片 '父亲节花束【晴空万里】大花束5支向日葵香槟玫瑰混搭花束 生日鲜花送长辈 花店鲜花配送' 时出错: [Errno 2] No such file or directory: 'flower_images_jpg\\父亲节花束【晴空万里】大花束5支向日葵香槟玫瑰混搭花束 生日鲜花送长辈 花店鲜花配送.jpg'
2025-06-15 12:44:40,966 - INFO - 重试下载 (2/3)...
2025-06-15 12:44:43,497 - ERROR - 下载图片 '父亲节花束【晴空万里】大花束5支向日葵香槟玫瑰混搭花束 生日鲜花送长辈 花店鲜花配送' 时出错: [Errno 2] No such file or directory: 'flower_images_jpg\\父亲节花束【晴空万里】大花束5支向日葵香槟玫瑰混搭花束 生日鲜花送长辈 花店鲜花配送.jpg'
2025-06-15 12:44:43,498 - INFO - 重试下载 (3/3)...
2025-06-15 12:44:45,817 - ERROR - 下载图片 '父亲节花束【晴空万里】大花束5支向日葵香槟玫瑰混搭花束 生日鲜花送长辈 花店鲜花配送' 时出错: [Errno 2] No such file or directory: 'flower_images_jpg\\父亲节花束【晴空万里】大花束5支向日葵香槟玫瑰混搭花束 生日鲜花送长辈 花店鲜花配送.jpg'
2025-06-15 12:44:45,817 - ERROR - 下载失败，已达到最大重试次数
2025-06-15 12:44:45,915 - ERROR - 下载图片 '【温情】白玫瑰混搭紫色系韩式花束送女友送朋友 生日花束生日鲜花花店鲜花配送' 时出错: [Errno 2] No such file or directory: 'flower_images_jpg\\【温情】白玫瑰混搭紫色系韩式花束送女友送朋友 生日花束生日鲜花花店鲜花配送.jpg'
2025-06-15 12:44:45,916 - INFO - 重试下载 (2/3)...
2025-06-15 12:44:48,058 - ERROR - 下载图片 '【温情】白玫瑰混搭紫色系韩式花束送女友送朋友 生日花束生日鲜花花店鲜花配送' 时出错: [Errno 2] No such file or directory: 'flower_images_jpg\\【温情】白玫瑰混搭紫色系韩式花束送女友送朋友 生日花束生日鲜花花店鲜花配送.jpg'
2025-06-15 12:44:48,059 - INFO - 重试下载 (3/3)...
2025-06-15 12:44:50,194 - ERROR - 下载图片 '【温情】白玫瑰混搭紫色系韩式花束送女友送朋友 生日花束生日鲜花花店鲜花配送' 时出错: [Errno 2] No such file or directory: 'flower_images_jpg\\【温情】白玫瑰混搭紫色系韩式花束送女友送朋友 生日花束生日鲜花花店鲜花配送.jpg'
2025-06-15 12:44:50,194 - ERROR - 下载失败，已达到最大重试次数
2025-06-15 12:44:50,405 - ERROR - 下载图片 '【梦庄花园】33朵粉玫瑰芭蕾风花束送朋友生日鲜花 花店鲜花配送（不带气球）' 时出错: [Errno 2] No such file or directory: 'flower_images_jpg\\【梦庄花园】33朵粉玫瑰芭蕾风花束送朋友生日鲜花 花店鲜花配送（不带气球）.jpg'
2025-06-15 12:44:50,406 - INFO - 重试下载 (2/3)...
2025-06-15 12:44:52,658 - ERROR - 下载图片 '【梦庄花园】33朵粉玫瑰芭蕾风花束送朋友生日鲜花 花店鲜花配送（不带气球）' 时出错: [Errno 2] No such file or directory: 'flower_images_jpg\\【梦庄花园】33朵粉玫瑰芭蕾风花束送朋友生日鲜花 花店鲜花配送（不带气球）.jpg'
2025-06-15 12:44:52,659 - INFO - 重试下载 (3/3)...
2025-06-15 12:44:54,864 - ERROR - 下载图片 '【梦庄花园】33朵粉玫瑰芭蕾风花束送朋友生日鲜花 花店鲜花配送（不带气球）' 时出错: [Errno 2] No such file or directory: 'flower_images_jpg\\【梦庄花园】33朵粉玫瑰芭蕾风花束送朋友生日鲜花 花店鲜花配送（不带气球）.jpg'
2025-06-15 12:44:54,865 - ERROR - 下载失败，已达到最大重试次数
2025-06-15 12:44:55,075 - ERROR - 下载图片 '【不能说的秘密】紫玫瑰蝴蝶兰紫精灵康乃馨混搭花束 送闺蜜送朋友 生日鲜花 花店免费配送上门' 时出错: [Errno 2] No such file or directory: 'flower_images_jpg\\【不能说的秘密】紫玫瑰蝴蝶兰紫精灵康乃馨混搭花束 送闺蜜送朋友 生日鲜花 花店免费配送上门.jpg'
2025-06-15 12:44:55,076 - INFO - 重试下载 (2/3)...
2025-06-15 12:44:57,280 - ERROR - 下载图片 '【不能说的秘密】紫玫瑰蝴蝶兰紫精灵康乃馨混搭花束 送闺蜜送朋友 生日鲜花 花店免费配送上门' 时出错: [Errno 2] No such file or directory: 'flower_images_jpg\\【不能说的秘密】紫玫瑰蝴蝶兰紫精灵康乃馨混搭花束 送闺蜜送朋友 生日鲜花 花店免费配送上门.jpg'
2025-06-15 12:44:57,281 - INFO - 重试下载 (3/3)...
2025-06-15 12:44:59,507 - ERROR - 下载图片 '【不能说的秘密】紫玫瑰蝴蝶兰紫精灵康乃馨混搭花束 送闺蜜送朋友 生日鲜花 花店免费配送上门' 时出错: [Errno 2] No such file or directory: 'flower_images_jpg\\【不能说的秘密】紫玫瑰蝴蝶兰紫精灵康乃馨混搭花束 送闺蜜送朋友 生日鲜花 花店免费配送上门.jpg'
2025-06-15 12:44:59,508 - ERROR - 下载失败，已达到最大重试次数
2025-06-15 12:44:59,718 - ERROR - 下载图片 '【小确幸】蝴蝶兰混搭玫瑰花束生日礼物生日鲜花见面花束送女友送闺蜜花店鲜花配送' 时出错: [Errno 2] No such file or directory: 'flower_images_jpg\\【小确幸】蝴蝶兰混搭玫瑰花束生日礼物生日鲜花见面花束送女友送闺蜜花店鲜花配送.jpg'
2025-06-15 12:44:59,719 - INFO - 重试下载 (2/3)...
[2025-06-15 12:45:01] 文件已更新 (大小: 123459 -> 278974, 修改时间: 1749962618.2390575 -> 1749962652.010531)
[2025-06-15 12:45:01] 检测到文件变化，开始运行提取脚本...
[2025-06-15 12:45:01] 提取脚本运行失败，错误码: 2
[2025-06-15 12:45:01] 运行提取脚本时出错: 'NoneType' object has no attribute 'strip'
2025-06-15 12:45:01,912 - ERROR - 下载图片 '【小确幸】蝴蝶兰混搭玫瑰花束生日礼物生日鲜花见面花束送女友送闺蜜花店鲜花配送' 时出错: [Errno 2] No such file or directory: 'flower_images_jpg\\【小确幸】蝴蝶兰混搭玫瑰花束生日礼物生日鲜花见面花束送女友送闺蜜花店鲜花配送.jpg'
2025-06-15 12:45:01,913 - INFO - 重试下载 (3/3)...
2025-06-15 12:45:04,088 - ERROR - 下载图片 '【小确幸】蝴蝶兰混搭玫瑰花束生日礼物生日鲜花见面花束送女友送闺蜜花店鲜花配送' 时出错: [Errno 2] No such file or directory: 'flower_images_jpg\\【小确幸】蝴蝶兰混搭玫瑰花束生日礼物生日鲜花见面花束送女友送闺蜜花店鲜花配送.jpg'
2025-06-15 12:45:04,088 - ERROR - 下载失败，已达到最大重试次数
2025-06-15 12:45:04,375 - ERROR - 下载图片 '【爱你的心】99朵红玫瑰爱心大花束 送女友送老婆 生日鲜花 花店鲜花配送' 时出错: [Errno 2] No such file or directory: 'flower_images_jpg\\【爱你的心】99朵红玫瑰爱心大花束 送女友送老婆 生日鲜花 花店鲜花配送.jpg'
2025-06-15 12:45:04,376 - INFO - 重试下载 (2/3)...
2025-06-15 12:45:06,806 - ERROR - 下载图片 '【爱你的心】99朵红玫瑰爱心大花束 送女友送老婆 生日鲜花 花店鲜花配送' 时出错: [Errno 2] No such file or directory: 'flower_images_jpg\\【爱你的心】99朵红玫瑰爱心大花束 送女友送老婆 生日鲜花 花店鲜花配送.jpg'
2025-06-15 12:45:06,807 - INFO - 重试下载 (3/3)...
2025-06-15 12:45:09,176 - ERROR - 下载图片 '【爱你的心】99朵红玫瑰爱心大花束 送女友送老婆 生日鲜花 花店鲜花配送' 时出错: [Errno 2] No such file or directory: 'flower_images_jpg\\【爱你的心】99朵红玫瑰爱心大花束 送女友送老婆 生日鲜花 花店鲜花配送.jpg'
2025-06-15 12:45:09,176 - ERROR - 下载失败，已达到最大重试次数
2025-06-15 12:45:09,385 - ERROR - 下载图片 '【紫属于你】紫色玫瑰花蝴蝶兰抱抱桶混搭花束生日鲜花生日花束 花店鲜花配送' 时出错: [Errno 2] No such file or directory: 'flower_images_jpg\\【紫属于你】紫色玫瑰花蝴蝶兰抱抱桶混搭花束生日鲜花生日花束 花店鲜花配送.jpg'
2025-06-15 12:45:09,385 - INFO - 重试下载 (2/3)...
2025-06-15 12:45:11,581 - ERROR - 下载图片 '【紫属于你】紫色玫瑰花蝴蝶兰抱抱桶混搭花束生日鲜花生日花束 花店鲜花配送' 时出错: [Errno 2] No such file or directory: 'flower_images_jpg\\【紫属于你】紫色玫瑰花蝴蝶兰抱抱桶混搭花束生日鲜花生日花束 花店鲜花配送.jpg'
2025-06-15 12:45:11,582 - INFO - 重试下载 (3/3)...
2025-06-15 12:45:13,801 - ERROR - 下载图片 '【紫属于你】紫色玫瑰花蝴蝶兰抱抱桶混搭花束生日鲜花生日花束 花店鲜花配送' 时出错: [Errno 2] No such file or directory: 'flower_images_jpg\\【紫属于你】紫色玫瑰花蝴蝶兰抱抱桶混搭花束生日鲜花生日花束 花店鲜花配送.jpg'
2025-06-15 12:45:13,802 - ERROR - 下载失败，已达到最大重试次数
2025-06-15 12:45:14,069 - ERROR - 下载图片 '【手提鲜花去见你】玫瑰混搭款手提花束 送女友送老婆 见面花束 花店鲜花配送' 时出错: [Errno 2] No such file or directory: 'flower_images_jpg\\【手提鲜花去见你】玫瑰混搭款手提花束 送女友送老婆 见面花束 花店鲜花配送.jpg'
2025-06-15 12:45:14,070 - INFO - 重试下载 (2/3)...
2025-06-15 12:45:16,348 - ERROR - 下载图片 '【手提鲜花去见你】玫瑰混搭款手提花束 送女友送老婆 见面花束 花店鲜花配送' 时出错: [Errno 2] No such file or directory: 'flower_images_jpg\\【手提鲜花去见你】玫瑰混搭款手提花束 送女友送老婆 见面花束 花店鲜花配送.jpg'
2025-06-15 12:45:16,349 - INFO - 重试下载 (3/3)...
2025-06-15 12:45:18,611 - ERROR - 下载图片 '【手提鲜花去见你】玫瑰混搭款手提花束 送女友送老婆 见面花束 花店鲜花配送' 时出错: [Errno 2] No such file or directory: 'flower_images_jpg\\【手提鲜花去见你】玫瑰混搭款手提花束 送女友送老婆 见面花束 花店鲜花配送.jpg'
2025-06-15 12:45:18,612 - ERROR - 下载失败，已达到最大重试次数
2025-06-15 12:45:18,789 - ERROR - 下载图片 '毕业季鲜花【橙心橙意】3朵向日葵加香槟玫瑰混搭花束 乔迁搬家花束送长辈 花店鲜花配送' 时出错: [Errno 2] No such file or directory: 'flower_images_jpg\\毕业季鲜花【橙心橙意】3朵向日葵加香槟玫瑰混搭花束 乔迁搬家花束送长辈 花店鲜花配送.jpg'
2025-06-15 12:45:18,789 - INFO - 重试下载 (2/3)...
2025-06-15 12:45:20,988 - ERROR - 下载图片 '毕业季鲜花【橙心橙意】3朵向日葵加香槟玫瑰混搭花束 乔迁搬家花束送长辈 花店鲜花配送' 时出错: [Errno 2] No such file or directory: 'flower_images_jpg\\毕业季鲜花【橙心橙意】3朵向日葵加香槟玫瑰混搭花束 乔迁搬家花束送长辈 花店鲜花配送.jpg'
2025-06-15 12:45:20,988 - INFO - 重试下载 (3/3)...
2025-06-15 12:45:23,190 - ERROR - 下载图片 '毕业季鲜花【橙心橙意】3朵向日葵加香槟玫瑰混搭花束 乔迁搬家花束送长辈 花店鲜花配送' 时出错: [Errno 2] No such file or directory: 'flower_images_jpg\\毕业季鲜花【橙心橙意】3朵向日葵加香槟玫瑰混搭花束 乔迁搬家花束送长辈 花店鲜花配送.jpg'
2025-06-15 12:45:23,190 - ERROR - 下载失败，已达到最大重试次数
2025-06-15 12:45:23,387 - ERROR - 下载图片 '【人间精灵】1支蝴蝶兰9支乌梅子酱洋桔梗混搭花束送女友生日鲜花花店送花上门' 时出错: [Errno 2] No such file or directory: 'flower_images_jpg\\【人间精灵】1支蝴蝶兰9支乌梅子酱洋桔梗混搭花束送女友生日鲜花花店送花上门.jpg'
2025-06-15 12:45:23,387 - INFO - 重试下载 (2/3)...
2025-06-15 12:45:25,564 - ERROR - 下载图片 '【人间精灵】1支蝴蝶兰9支乌梅子酱洋桔梗混搭花束送女友生日鲜花花店送花上门' 时出错: [Errno 2] No such file or directory: 'flower_images_jpg\\【人间精灵】1支蝴蝶兰9支乌梅子酱洋桔梗混搭花束送女友生日鲜花花店送花上门.jpg'
2025-06-15 12:45:25,565 - INFO - 重试下载 (3/3)...
2025-06-15 12:45:27,724 - ERROR - 下载图片 '【人间精灵】1支蝴蝶兰9支乌梅子酱洋桔梗混搭花束送女友生日鲜花花店送花上门' 时出错: [Errno 2] No such file or directory: 'flower_images_jpg\\【人间精灵】1支蝴蝶兰9支乌梅子酱洋桔梗混搭花束送女友生日鲜花花店送花上门.jpg'
2025-06-15 12:45:27,725 - ERROR - 下载失败，已达到最大重试次数
2025-06-15 12:45:28,017 - ERROR - 下载图片 '【春不迟】曼塔混搭白色紫罗兰小众春日花束送女友送朋友 生日花束生日鲜花花店鲜花配送' 时出错: [Errno 2] No such file or directory: 'flower_images_jpg\\【春不迟】曼塔混搭白色紫罗兰小众春日花束送女友送朋友 生日花束生日鲜花花店鲜花配送.jpg'
2025-06-15 12:45:28,018 - INFO - 重试下载 (2/3)...
2025-06-15 12:45:30,282 - ERROR - 下载图片 '【春不迟】曼塔混搭白色紫罗兰小众春日花束送女友送朋友 生日花束生日鲜花花店鲜花配送' 时出错: [Errno 2] No such file or directory: 'flower_images_jpg\\【春不迟】曼塔混搭白色紫罗兰小众春日花束送女友送朋友 生日花束生日鲜花花店鲜花配送.jpg'
2025-06-15 12:45:30,282 - INFO - 重试下载 (3/3)...
2025-06-15 12:45:32,599 - ERROR - 下载图片 '【春不迟】曼塔混搭白色紫罗兰小众春日花束送女友送朋友 生日花束生日鲜花花店鲜花配送' 时出错: [Errno 2] No such file or directory: 'flower_images_jpg\\【春不迟】曼塔混搭白色紫罗兰小众春日花束送女友送朋友 生日花束生日鲜花花店鲜花配送.jpg'
2025-06-15 12:45:32,600 - ERROR - 下载失败，已达到最大重试次数
2025-06-15 12:45:32,733 - ERROR - 下载图片 '【劝君莫离】11支白玫瑰茉莉混搭花束生日鲜花生日礼物送朋友闺蜜花店鲜花配送' 时出错: [Errno 2] No such file or directory: 'flower_images_jpg\\【劝君莫离】11支白玫瑰茉莉混搭花束生日鲜花生日礼物送朋友闺蜜花店鲜花配送.jpg'
2025-06-15 12:45:32,734 - INFO - 重试下载 (2/3)...
2025-06-15 12:45:34,828 - ERROR - 下载图片 '【劝君莫离】11支白玫瑰茉莉混搭花束生日鲜花生日礼物送朋友闺蜜花店鲜花配送' 时出错: [Errno 2] No such file or directory: 'flower_images_jpg\\【劝君莫离】11支白玫瑰茉莉混搭花束生日鲜花生日礼物送朋友闺蜜花店鲜花配送.jpg'
2025-06-15 12:45:34,829 - INFO - 重试下载 (3/3)...
2025-06-15 12:45:36,923 - ERROR - 下载图片 '【劝君莫离】11支白玫瑰茉莉混搭花束生日鲜花生日礼物送朋友闺蜜花店鲜花配送' 时出错: [Errno 2] No such file or directory: 'flower_images_jpg\\【劝君莫离】11支白玫瑰茉莉混搭花束生日鲜花生日礼物送朋友闺蜜花店鲜花配送.jpg'
2025-06-15 12:45:36,924 - ERROR - 下载失败，已达到最大重试次数
2025-06-15 12:45:37,076 - ERROR - 下载图片 '【绿野仙踪】苏格兰绿玫瑰混搭花束送闺蜜生日鲜花生日花束店送花上门' 时出错: [Errno 2] No such file or directory: 'flower_images_jpg\\【绿野仙踪】苏格兰绿玫瑰混搭花束送闺蜜生日鲜花生日花束店送花上门.jpg'
2025-06-15 12:45:37,076 - INFO - 重试下载 (2/3)...
2025-06-15 12:45:39,251 - ERROR - 下载图片 '【绿野仙踪】苏格兰绿玫瑰混搭花束送闺蜜生日鲜花生日花束店送花上门' 时出错: [Errno 2] No such file or directory: 'flower_images_jpg\\【绿野仙踪】苏格兰绿玫瑰混搭花束送闺蜜生日鲜花生日花束店送花上门.jpg'
2025-06-15 12:45:39,252 - INFO - 重试下载 (3/3)...
2025-06-15 12:45:41,385 - ERROR - 下载图片 '【绿野仙踪】苏格兰绿玫瑰混搭花束送闺蜜生日鲜花生日花束店送花上门' 时出错: [Errno 2] No such file or directory: 'flower_images_jpg\\【绿野仙踪】苏格兰绿玫瑰混搭花束送闺蜜生日鲜花生日花束店送花上门.jpg'
2025-06-15 12:45:41,386 - ERROR - 下载失败，已达到最大重试次数
2025-06-15 12:45:41,565 - ERROR - 下载图片 '父亲节鲜花【春风得意】3朵绿心向日葵香槟洋桔梗混搭花束 生日鲜花生日花束送朋友花店送花上门' 时出错: [Errno 2] No such file or directory: 'flower_images_jpg\\父亲节鲜花【春风得意】3朵绿心向日葵香槟洋桔梗混搭花束 生日鲜花生日花束送朋友花店送花上门.jpg'
2025-06-15 12:45:41,566 - INFO - 重试下载 (2/3)...
2025-06-15 12:45:43,770 - ERROR - 下载图片 '父亲节鲜花【春风得意】3朵绿心向日葵香槟洋桔梗混搭花束 生日鲜花生日花束送朋友花店送花上门' 时出错: [Errno 2] No such file or directory: 'flower_images_jpg\\父亲节鲜花【春风得意】3朵绿心向日葵香槟洋桔梗混搭花束 生日鲜花生日花束送朋友花店送花上门.jpg'
2025-06-15 12:45:43,771 - INFO - 重试下载 (3/3)...
2025-06-15 12:45:45,971 - ERROR - 下载图片 '父亲节鲜花【春风得意】3朵绿心向日葵香槟洋桔梗混搭花束 生日鲜花生日花束送朋友花店送花上门' 时出错: [Errno 2] No such file or directory: 'flower_images_jpg\\父亲节鲜花【春风得意】3朵绿心向日葵香槟洋桔梗混搭花束 生日鲜花生日花束送朋友花店送花上门.jpg'
2025-06-15 12:45:45,972 - ERROR - 下载失败，已达到最大重试次数
2025-06-15 12:45:45,974 - INFO - 下载并转换图片: 0 张
2025-06-15 12:45:45,975 - INFO - 文件处理完成
2025-06-15 12:45:45,975 - INFO - 检测到文件变化: D:\ailun\shangou.txt
2025-06-15 12:45:47,976 - INFO - 开始处理文件更新: D:\ailun\shangou.txt
2025-06-15 12:45:47,981 - INFO - 文件未发生变化，跳过处理
[2025-06-15 12:46:01] 检查完成，文件未变化
[2025-06-15 12:47:01] 检查完成，文件未变化
[2025-06-15 12:48:01] 检查完成，文件未变化
2025-06-15 12:48:46,680 - INFO - 监控已停止
[2025-06-15 12:49:01] 检查完成，文件未变化
2025-06-15 12:49:21,280 - INFO - 创建图片保存目录: flower_images_jpg
2025-06-15 12:49:21,281 - INFO - 没有找到webp图片文件夹: D:\cursor jihewendang\闪购采集\flower_images_improved
2025-06-15 12:49:21,281 - INFO - ==================================================
2025-06-15 12:49:21,281 - INFO - 花卉产品信息实时监控程序 (简化版)
2025-06-15 12:49:21,282 - INFO - ==================================================
2025-06-15 12:49:21,282 - INFO - 监控文件: D:\ailun\shangou.txt
2025-06-15 12:49:21,282 - INFO - Excel文件: flower_products.xlsx
2025-06-15 12:49:21,282 - INFO - 图片目录: flower_images_jpg
2025-06-15 12:49:21,283 - INFO - ==================================================
2025-06-15 12:49:21,283 - INFO - 开始处理文件更新: D:\ailun\shangou.txt
2025-06-15 12:49:21,284 - INFO - 文件未发生变化，跳过处理
2025-06-15 12:49:21,286 - INFO - 开始监控文件变化，按Ctrl+C停止...
2025-06-15 12:49:34,724 - INFO - 检测到文件变化: D:\ailun\shangou.txt
2025-06-15 12:49:36,724 - INFO - 开始处理文件更新: D:\ailun\shangou.txt
2025-06-15 12:49:36,726 - INFO - 检测到文件变化，开始处理新内容
2025-06-15 12:49:36,730 - INFO - 成功读取JSON文件
2025-06-15 12:49:36,733 - INFO - 共找到 20 个新产品
2025-06-15 12:49:36,738 - INFO - 共提取出 112 个图片URL
2025-06-15 12:49:36,738 - INFO - 共为 20 个产品匹配到图片URL
2025-06-15 12:49:37,004 - INFO - 已创建产品信息文件 flower_products.xlsx
2025-06-15 12:49:37,469 - INFO - 已下载并转换图片: flower_images_jpg\毕业季鲜花【午后红茶】11_21_33支粉玫瑰折射泡泡混搭花束 送闺蜜生日鲜花花店鲜花配送.jpg
2025-06-15 12:49:38,160 - INFO - 已下载并转换图片: flower_images_jpg\【漫舞春天】1朵蝴蝶兰粉玫瑰紫罗兰混搭花束 生日礼物 送女友送朋友 花店鲜花配送.jpg
2025-06-15 12:49:38,888 - INFO - 已下载并转换图片: flower_images_jpg\【浅浅的微笑】19_33乌梅子酱爱心玫瑰花束 送闺蜜生日鲜花 花店鲜花配送.jpg
2025-06-15 12:49:39,509 - INFO - 已下载并转换图片: flower_images_jpg\【爱意满满】33朵红玫瑰满天星混搭花束 生日鲜花生日礼物送老婆花店鲜花配送.jpg
2025-06-15 12:49:40,129 - INFO - 已下载并转换图片: flower_images_jpg\父亲节礼物【一路有你】1朵向日葵6朵香槟玫瑰橙芭比混搭花束 生日花束生日鲜花 花店送花上门.jpg
2025-06-15 12:49:40,845 - INFO - 已下载并转换图片: flower_images_jpg\【莫奈花园】16_21支粉白玫瑰紫罗兰蓝星花混搭花束送闺蜜送女友花店鲜花配送.jpg
2025-06-15 12:49:41,793 - INFO - 已下载并转换图片: flower_images_jpg\父亲节花束【晴空万里】大花束5支向日葵香槟玫瑰混搭花束 生日鲜花送长辈 花店鲜花配送.jpg
2025-06-15 12:49:42,415 - INFO - 已下载并转换图片: flower_images_jpg\【温情】白玫瑰混搭紫色系韩式花束送女友送朋友 生日花束生日鲜花花店鲜花配送.jpg
2025-06-15 12:49:43,066 - INFO - 已下载并转换图片: flower_images_jpg\【梦庄花园】33朵粉玫瑰芭蕾风花束送朋友生日鲜花 花店鲜花配送（不带气球）.jpg
2025-06-15 12:49:43,670 - INFO - 已下载并转换图片: flower_images_jpg\【不能说的秘密】紫玫瑰蝴蝶兰紫精灵康乃馨混搭花束 送闺蜜送朋友 生日鲜花 花店免费配送上门.jpg
2025-06-15 12:49:44,298 - INFO - 已下载并转换图片: flower_images_jpg\【小确幸】蝴蝶兰混搭玫瑰花束生日礼物生日鲜花见面花束送女友送闺蜜花店鲜花配送.jpg
2025-06-15 12:49:45,144 - INFO - 已下载并转换图片: flower_images_jpg\【爱你的心】99朵红玫瑰爱心大花束 送女友送老婆 生日鲜花 花店鲜花配送.jpg
2025-06-15 12:49:45,730 - INFO - 已下载并转换图片: flower_images_jpg\【紫属于你】紫色玫瑰花蝴蝶兰抱抱桶混搭花束生日鲜花生日花束 花店鲜花配送.jpg
2025-06-15 12:49:46,466 - INFO - 已下载并转换图片: flower_images_jpg\【手提鲜花去见你】玫瑰混搭款手提花束 送女友送老婆 见面花束 花店鲜花配送.jpg
2025-06-15 12:49:47,090 - INFO - 已下载并转换图片: flower_images_jpg\毕业季鲜花【橙心橙意】3朵向日葵加香槟玫瑰混搭花束 乔迁搬家花束送长辈 花店鲜花配送.jpg
2025-06-15 12:49:47,714 - INFO - 已下载并转换图片: flower_images_jpg\【人间精灵】1支蝴蝶兰9支乌梅子酱洋桔梗混搭花束送女友生日鲜花花店送花上门.jpg
2025-06-15 12:49:48,513 - INFO - 已下载并转换图片: flower_images_jpg\【春不迟】曼塔混搭白色紫罗兰小众春日花束送女友送朋友 生日花束生日鲜花花店鲜花配送.jpg
2025-06-15 12:49:49,108 - INFO - 已下载并转换图片: flower_images_jpg\【劝君莫离】11支白玫瑰茉莉混搭花束生日鲜花生日礼物送朋友闺蜜花店鲜花配送.jpg
2025-06-15 12:49:49,689 - INFO - 已下载并转换图片: flower_images_jpg\【绿野仙踪】苏格兰绿玫瑰混搭花束送闺蜜生日鲜花生日花束店送花上门.jpg
2025-06-15 12:49:50,315 - INFO - 已下载并转换图片: flower_images_jpg\父亲节鲜花【春风得意】3朵绿心向日葵香槟洋桔梗混搭花束 生日鲜花生日花束送朋友花店送花上门.jpg
2025-06-15 12:49:50,818 - INFO - 下载并转换图片: 20 张
2025-06-15 12:49:50,819 - INFO - 文件处理完成
2025-06-15 12:49:50,820 - INFO - 检测到文件变化: D:\ailun\shangou.txt
2025-06-15 12:49:52,821 - INFO - 开始处理文件更新: D:\ailun\shangou.txt
2025-06-15 12:49:52,822 - INFO - 文件未发生变化，跳过处理
2025-06-15 12:50:18,578 - INFO - 跳过webp图片转换，直接进入监控模式
2025-06-15 12:50:18,579 - INFO - ==================================================
2025-06-15 12:50:18,579 - INFO - 花卉产品信息实时监控程序 (简化版)
2025-06-15 12:50:18,579 - INFO - ==================================================
2025-06-15 12:50:18,579 - INFO - 监控文件: D:\ailun\shangou.txt
2025-06-15 12:50:18,580 - INFO - Excel文件: flower_products.xlsx
2025-06-15 12:50:18,580 - INFO - 图片目录: flower_images_jpg
2025-06-15 12:50:18,581 - INFO - ==================================================
2025-06-15 12:50:18,581 - INFO - 开始处理文件更新: D:\ailun\shangou.txt
2025-06-15 12:50:18,582 - INFO - 检测到文件变化，开始处理新内容
2025-06-15 12:50:18,584 - INFO - 成功读取JSON文件
2025-06-15 12:50:18,866 - INFO - 已加载 20 个已处理的产品
2025-06-15 12:50:18,868 - INFO - 共找到 14 个新产品
2025-06-15 12:50:18,869 - INFO - 共提取出 31 个图片URL
2025-06-15 12:50:18,869 - INFO - 共为 14 个产品匹配到图片URL
2025-06-15 12:50:18,905 - INFO - 已更新产品信息到 flower_products.xlsx
2025-06-15 12:50:19,182 - INFO - 已下载并转换图片: flower_images_jpg\【天空之蓝】11朵碎冰蓝玫瑰混搭鲜花花束 送朋友送女生鲜花礼物 花店送花上门N1.jpg
2025-06-15 12:50:19,775 - INFO - 已下载并转换图片: flower_images_jpg\【少年与梦】3支向日葵混搭11枝玫瑰泡泡花束生日礼物生日鲜花花店送花上门D2.jpg
2025-06-15 12:50:20,412 - INFO - 已下载并转换图片: flower_images_jpg\【光明温暖】2支向日葵香槟橙芭比蓝星花混搭花束 送同学送长辈 毕业花束生日鲜花花店送花上门.jpg
2025-06-15 12:50:21,027 - INFO - 已下载并转换图片: flower_images_jpg\【暖阳】花篮礼物手提花篮一份向日葵香槟玫桔梗混搭送朋友探望亲友花店鲜花配送.jpg
2025-06-15 12:50:21,617 - INFO - 已下载并转换图片: flower_images_jpg\【月光星河】 3朵向日葵6枝玫瑰混搭花束生日鲜花 生日礼物 花店送花上门D1.jpg
2025-06-15 12:50:22,247 - INFO - 已下载并转换图片: flower_images_jpg\【前程似锦】3支向日葵绿毛球白玫瑰混搭花束 生日礼物生日鲜花 花店送花上门.jpg
2025-06-15 12:50:22,843 - INFO - 已下载并转换图片: flower_images_jpg\【爱在心间】白玫瑰混搭洋桔梗碎冰蓝简约风花束 生日鲜花生日礼物花店鲜花配送.jpg
2025-06-15 12:50:23,454 - INFO - 已下载并转换图片: flower_images_jpg\毕业季花束【前程似锦】2朵向日葵混搭花束 送爱人送妈妈送长辈 生日鲜花花店送花上门.jpg
2025-06-15 12:50:24,046 - INFO - 已下载并转换图片: flower_images_jpg\【诗与远方】2朵向日葵混搭康乃馨花束鲜花生日礼物节日鲜花送花上门 L2.jpg
2025-06-15 12:50:24,645 - INFO - 已下载并转换图片: flower_images_jpg\【春风得意】碎冰蓝玫瑰混搭绣球韩式花束 送朋友生日鲜花 花店送花上门N1.jpg
2025-06-15 12:50:25,264 - INFO - 已下载并转换图片: flower_images_jpg\【目光所及】1支绣球混搭碎冰蓝玫瑰花束 送领导送客户朋友生日鲜花 花店送花上门N1.jpg
2025-06-15 12:50:26,083 - INFO - 已下载并转换图片: flower_images_jpg\【梦如江南】1支蝴蝶兰绣球花碎冰蓝色系混搭花束 送女生送朋友 生日鲜花 花店送货上门.jpg
2025-06-15 12:50:26,683 - INFO - 已下载并转换图片: flower_images_jpg\【晨曦】1支蝴蝶兰碎冰蓝色系混搭花束 送女友生日鲜花 花店送花上门D3.jpg
2025-06-15 12:50:27,277 - INFO - 已下载并转换图片: flower_images_jpg\【时光静好】11朵白玫瑰混搭洋桔梗花束 送女生生日鲜花 花店送花上门F1.jpg
2025-06-15 12:50:27,783 - INFO - 下载并转换图片: 14 张
2025-06-15 12:50:27,784 - INFO - 文件处理完成
2025-06-15 12:50:27,786 - INFO - 开始监控文件变化，按Ctrl+C停止...
2025-06-15 12:51:15,852 - INFO - 检测到文件变化: D:\ailun\shangou.txt
2025-06-15 12:51:17,854 - INFO - 开始处理文件更新: D:\ailun\shangou.txt
2025-06-15 12:51:17,856 - INFO - 检测到文件变化，开始处理新内容
2025-06-15 12:51:17,869 - INFO - 成功读取JSON文件
2025-06-15 12:51:17,874 - INFO - 共找到 20 个新产品
2025-06-15 12:51:17,880 - INFO - 共提取出 120 个图片URL
2025-06-15 12:51:17,881 - INFO - 共为 20 个产品匹配到图片URL
2025-06-15 12:51:17,904 - INFO - 已更新产品信息到 flower_products.xlsx
2025-06-15 12:51:18,011 - INFO - 已下载并转换图片: flower_images_jpg\鲜花_花店【爱的抱抱桶】21朵粉玫瑰鲜花+粉色小熊抱抱桶送女友生日礼物同城花店送花上门.jpg
2025-06-15 12:51:18,593 - INFO - 已下载并转换图片: flower_images_jpg\【梦境花园】粉玫瑰蝴蝶兰紫罗兰混搭抱抱桶鲜花花束送女友爱人鲜花.jpg
2025-06-15 12:51:19,178 - INFO - 已下载并转换图片: flower_images_jpg\鲜花【莫奈花园】19朵紫玫瑰混搭粉玫折射泡泡生日花束生日鲜花送女生送妈妈送长辈.jpg
2025-06-15 12:51:19,853 - INFO - 已下载并转换图片: flower_images_jpg\【一路有你】1朵向日葵3朵香槟玫瑰多头泡泡生日鲜花花束送闺蜜花店配送上门.jpg
2025-06-15 12:51:20,424 - INFO - 已下载并转换图片: flower_images_jpg\生日鲜花【温柔恬静】11朵粉玫瑰混搭鲜花小香风花束生日礼物送闺蜜送朋友鲜花店送花上门.jpg
2025-06-15 12:51:21,016 - INFO - 已下载并转换图片: flower_images_jpg\玩偶花束【人间小甜瓜】21朵碎冰蓝玫瑰花史迪仔玩偶抱抱桶花束送男友女友生日鲜花花店送花上门.jpg
2025-06-15 12:51:21,613 - INFO - 已下载并转换图片: flower_images_jpg\性价比颜值精选！【不负韶华】11朵粉玫瑰花鲜花花束生日礼物送女朋友表白花束鲜花配送上门.jpg
2025-06-15 12:51:22,198 - INFO - 已下载并转换图片: flower_images_jpg\生日花束【午后红茶】9朵法式复古伯爵红茶花束混搭折射泡泡生日鲜花女士花店送花上门.jpg
2025-06-15 12:51:22,802 - INFO - 已下载并转换图片: flower_images_jpg\【咖啡时间】33朵卡布奇诺玫瑰鲜花花束送女友送闺蜜送朋友生日鲜花花店送花上门.jpg
2025-06-15 12:51:23,476 - INFO - 已下载并转换图片: flower_images_jpg\【星河璀璨】33朵碎冰蓝白玫瑰爆款生日花束送女友送老婆求婚表白鲜花店.jpg
2025-06-15 12:51:24,049 - INFO - 已下载并转换图片: flower_images_jpg\【月光潮汐】52朵薄雾紫蝴蝶兰花束送女友老婆爱人表白约会花束生日鲜花花店送花上门.jpg
2025-06-15 12:51:24,641 - INFO - 已下载并转换图片: flower_images_jpg\【有梦可待】生日花束11朵紫玫瑰曼塔混搭蝴蝶兰抱抱桶花束生日礼物生日鲜花送女友花店鲜花配送.jpg
2025-06-15 12:51:25,248 - INFO - 已下载并转换图片: flower_images_jpg\【灯火阑珊】粉雪山混搭红玫瑰蓝星花蝴蝶兰国风混搭生日鲜花送女生送闺蜜花店送花上门.jpg
2025-06-15 12:51:25,853 - INFO - 已下载并转换图片: flower_images_jpg\生日鲜花【往后余生】33朵红玫瑰搭配满天星花束送灯串送皇冠送女友送爱人鲜花配送花店送花上门.jpg
2025-06-15 12:51:26,479 - INFO - 已下载并转换图片: flower_images_jpg\美伢同款花束【广志的花】蜡笔小新花束美伢花束广志送美伢的花网红创意鲜花礼物送老婆生日鲜花.jpg
2025-06-15 12:51:27,076 - INFO - 已下载并转换图片: flower_images_jpg\儿童节礼物【宠爱小朋友】粉色系创意零食花束小朋友生日送女友生日礼物送上门（零食随机）.jpg
2025-06-15 12:51:27,676 - INFO - 已下载并转换图片: flower_images_jpg\儿童节礼物【我的小可爱】蓝色系创意零食花束小礼物送男友送爱人生日礼物配送上门（零食随机）.jpg
2025-06-15 12:51:28,308 - INFO - 已下载并转换图片: flower_images_jpg\鲜花_新中式【山有扶苏】8朵喷色白玫瑰混搭蝴蝶兰鲜花花束送女友爱人男朋友花店送花上门.jpg
2025-06-15 12:51:28,900 - INFO - 已下载并转换图片: flower_images_jpg\父亲节鲜花【可爱的你】11朵香槟玫瑰花生日鲜花礼物约会花束花店送花上门生日礼物送同学男友.jpg
2025-06-15 12:51:29,521 - INFO - 已下载并转换图片: flower_images_jpg\【浪漫和你同时拥有】11朵伯爵红茶粉色系小香风混搭鲜花花束送女生送女友生日鲜花礼物送花上门.jpg
2025-06-15 12:51:30,022 - INFO - 下载并转换图片: 20 张
2025-06-15 12:51:30,024 - INFO - 文件处理完成
2025-06-15 12:51:30,025 - INFO - 检测到文件变化: D:\ailun\shangou.txt
2025-06-15 12:51:32,026 - INFO - 开始处理文件更新: D:\ailun\shangou.txt
2025-06-15 12:51:32,028 - INFO - 文件未发生变化，跳过处理
2025-06-15 12:51:32,375 - INFO - 检测到文件变化: D:\ailun\shangou.txt
2025-06-15 12:51:34,376 - INFO - 开始处理文件更新: D:\ailun\shangou.txt
2025-06-15 12:51:34,377 - INFO - 检测到文件变化，开始处理新内容
2025-06-15 12:51:34,379 - INFO - 成功读取JSON文件
2025-06-15 12:51:34,379 - INFO - 共找到 6 个新产品
2025-06-15 12:51:34,380 - INFO - 共提取出 18 个图片URL
2025-06-15 12:51:34,380 - INFO - 共为 6 个产品匹配到图片URL
2025-06-15 12:51:34,403 - INFO - 已更新产品信息到 flower_products.xlsx
2025-06-15 12:51:34,510 - INFO - 已下载并转换图片: flower_images_jpg\男士鲜花礼物【柚屿】33朵黑骑士玫瑰韩式花束送父亲送男朋友送同事送领导生日礼物花店送花上门.jpg
2025-06-15 12:51:35,121 - INFO - 已下载并转换图片: flower_images_jpg\生日礼物【兜售浪漫】粉玫瑰混搭紫玫瑰紫罗兰鲜花花束多巴胺花束送女友送男友送闺蜜花束送花上门.jpg
2025-06-15 12:51:35,734 - INFO - 已下载并转换图片: flower_images_jpg\【起舞翩翩】粉玫瑰混搭白桔梗白罗兰创意蝴蝶花束送女友送闺蜜送朋友鲜花店花束鲜花免费配送.jpg
2025-06-15 12:51:36,349 - INFO - 已下载并转换图片: flower_images_jpg\父亲节【心怀浪漫宇宙】52朵黑骑士白玫瑰喷色玫瑰花束生日鲜花生日花束送男生父亲花店送花上门.jpg
2025-06-15 12:51:36,956 - INFO - 已下载并转换图片: flower_images_jpg\父亲节花束【寄予晚风】午后红茶玫瑰混搭手提花篮送女友送男友送闺蜜鲜花手提花篮鲜花店送花上门.jpg
2025-06-15 12:51:37,533 - INFO - 已下载并转换图片: flower_images_jpg\父亲节鲜花【少年的你】33朵黑骑士白玫瑰鲜花抱抱桶送男友生日礼物生日鲜花花店送花上门.jpg
2025-06-15 12:51:38,036 - INFO - 下载并转换图片: 6 张
2025-06-15 12:51:38,037 - INFO - 文件处理完成
2025-06-15 12:51:38,037 - INFO - 检测到文件变化: D:\ailun\shangou.txt
2025-06-15 12:51:40,038 - INFO - 开始处理文件更新: D:\ailun\shangou.txt
2025-06-15 12:51:40,039 - INFO - 文件未发生变化，跳过处理
2025-06-15 12:57:26,976 - INFO - 监控已停止
2025-06-15 13:02:39,891 - INFO - 跳过webp图片转换，直接进入监控模式
2025-06-15 13:02:39,891 - INFO - ==================================================
2025-06-15 13:02:39,892 - INFO - 花卉产品信息实时监控程序 (简化版)
2025-06-15 13:02:39,893 - INFO - ==================================================
2025-06-15 13:02:39,893 - INFO - 监控文件: D:\ailun\shangou.txt
2025-06-15 13:02:39,893 - INFO - Excel文件: flower_products.xlsx
2025-06-15 13:02:39,893 - INFO - 图片目录: flower_images_jpg
2025-06-15 13:02:39,893 - INFO - ==================================================
2025-06-15 13:02:39,893 - INFO - 开始处理文件更新: D:\ailun\shangou.txt
2025-06-15 13:02:39,893 - INFO - 文件未发生变化，跳过处理
2025-06-15 13:02:39,894 - INFO - 开始监控文件变化，按Ctrl+C停止...
2025-06-15 13:02:49,881 - INFO - 检测到文件变化: D:\ailun\shangou.txt
2025-06-15 13:02:51,884 - INFO - 开始处理文件更新: D:\ailun\shangou.txt
2025-06-15 13:02:51,885 - INFO - 检测到文件变化，开始处理新内容
2025-06-15 13:02:51,887 - INFO - 成功读取JSON文件
2025-06-15 13:02:52,137 - INFO - 已加载 60 个已处理的产品
2025-06-15 13:02:52,138 - INFO - 共找到 16 个新产品
2025-06-15 13:02:52,139 - INFO - 共提取出 36 个图片URL
2025-06-15 13:02:52,140 - INFO - 共为 16 个产品匹配到图片URL
2025-06-15 13:02:52,175 - INFO - 已更新产品信息到 flower_products.xlsx
2025-06-15 13:02:52,478 - INFO - 已下载并转换图片: flower_images_jpg\轻奢定制【Soulmmate】21朵玫瑰混搭花束粉玫瑰蝴蝶兰生日鲜花送女朋友送对象花店送花.jpg
2025-06-15 13:02:53,225 - INFO - 已下载并转换图片: flower_images_jpg\生日花束【时光温柔】粉玫瑰桔梗紫罗兰混搭花束送女友闺蜜生日鲜花花店送花上门.jpg
2025-06-15 13:02:53,989 - INFO - 已下载并转换图片: flower_images_jpg\【你的味道】11枝白玫瑰混搭桔梗乒乓菊韩式混搭绿桔梗花束送女友送闺蜜生日礼物鲜花店.jpg
2025-06-15 13:02:54,602 - INFO - 已下载并转换图片: flower_images_jpg\小花束【一点甜】4枝曼塔玫瑰3枝白玫瑰混搭精小花束鲜花花束生日鲜花生日鲜花送女友.jpg
2025-06-15 13:02:55,657 - INFO - 已下载并转换图片: flower_images_jpg\【爱的陪伴】33朵粉玫瑰芭蕾风花束生日鲜花送女生送闺蜜送老婆生日花束同城花店.jpg
2025-06-15 13:02:56,371 - INFO - 已下载并转换图片: flower_images_jpg\【美好时光】21朵午后红茶玫瑰抱抱桶生日礼物送女生送闺蜜送老婆生日鲜花送花上门.jpg
2025-06-15 13:02:57,046 - INFO - 已下载并转换图片: flower_images_jpg\【仪式感】9朵粉雪山混搭白玫桔梗绣球蓝粉色系花束生日礼物鲜花送女生闺蜜老婆花店送花上门.jpg
2025-06-15 13:02:57,743 - INFO - 已下载并转换图片: flower_images_jpg\花店_玫瑰花【有爱就不怕】绣球混搭碎冰蓝玫瑰花束生日礼物鲜花送男生送闺蜜送领导花束送花上门.jpg
2025-06-15 13:02:58,626 - INFO - 已下载并转换图片: flower_images_jpg\【春天的花】香槟混搭粉玫瑰奶油风花束生日礼物鲜花送女生送闺蜜送老婆花店送花上门.jpg
2025-06-15 13:02:59,576 - INFO - 已下载并转换图片: flower_images_jpg\网红爆款_鲜花店【须弥吟雪】21朵粉玫瑰小熊抱抱袋鲜花送女友爱人闺蜜鲜花免费配送送花上门.jpg
2025-06-15 13:03:00,394 - INFO - 已下载并转换图片: flower_images_jpg\随机花束【一岁一礼花束】18岁成人礼花束18份单枝花混搭花束送男生送女生送朋友生日鲜花.jpg
2025-06-15 13:03:01,086 - INFO - 已下载并转换图片: flower_images_jpg\【是你的乌梅子酱呀】21枝乌梅子酱抱抱桶心形花束送女友送闺蜜生日花束花店送花上门.jpg
2025-06-15 13:03:01,781 - INFO - 已下载并转换图片: flower_images_jpg\生日鲜花【看见你眼中的我】5枝苏格兰复古绿玫瑰清新花束生日鲜花礼物花店送花上门.jpg
2025-06-15 13:03:02,721 - INFO - 已下载并转换图片: flower_images_jpg\【乔迁之喜】向日葵混搭手提花篮乔迁新居乔迁花束花店送花上门.jpg
2025-06-15 13:03:03,431 - INFO - 已下载并转换图片: flower_images_jpg\【我的女孩】9朵粉玫瑰6朵香槟玫瑰韩式混搭花束送女友生日花束花店送花上门.jpg
2025-06-15 13:03:04,155 - INFO - 已下载并转换图片: flower_images_jpg\【刚好喜欢】19朵粉玫瑰洋甘菊尤加利韩式花束网红花束送女友表白生日鲜花.jpg
2025-06-15 13:03:04,657 - INFO - 下载并转换图片: 16 张
2025-06-15 13:03:04,658 - INFO - 文件处理完成
2025-06-15 13:03:04,660 - INFO - 检测到文件变化: D:\ailun\shangou.txt
2025-06-15 13:03:06,661 - INFO - 开始处理文件更新: D:\ailun\shangou.txt
2025-06-15 13:03:06,662 - INFO - 文件未发生变化，跳过处理
2025-06-15 13:03:09,894 - INFO - 监控已停止
2025-06-15 13:40:11,676 - INFO - 跳过webp图片转换，直接进入监控模式
2025-06-15 13:40:11,676 - INFO - ==================================================
2025-06-15 13:40:11,676 - INFO - 花卉产品信息实时监控程序 (简化版)
2025-06-15 13:40:11,677 - INFO - ==================================================
2025-06-15 13:40:11,677 - INFO - 监控文件: D:\ailun\shangou.txt
2025-06-15 13:40:11,677 - INFO - Excel文件: flower_products.xlsx
2025-06-15 13:40:11,677 - INFO - 图片目录: flower_images_jpg
2025-06-15 13:40:11,677 - INFO - ==================================================
2025-06-15 13:40:11,678 - INFO - 开始处理文件更新: D:\ailun\shangou.txt
2025-06-15 13:40:11,679 - INFO - 检测到文件变化，开始处理新内容
2025-06-15 13:40:11,679 - INFO - 成功读取JSON文件
2025-06-15 13:40:11,903 - INFO - 已加载 76 个已处理的产品
2025-06-15 13:40:11,903 - INFO - 未找到新的产品信息
2025-06-15 13:40:11,905 - INFO - 开始监控文件变化，按Ctrl+C停止...
2025-06-15 13:42:33,916 - INFO - 跳过webp图片转换，直接进入监控模式
2025-06-15 13:42:33,916 - INFO - ==================================================
2025-06-15 13:42:33,916 - INFO - 花卉产品信息实时监控程序 (简化版)
2025-06-15 13:42:33,916 - INFO - ==================================================
2025-06-15 13:42:33,917 - INFO - 监控文件: D:\ailun\shangou.txt
2025-06-15 13:42:33,917 - INFO - Excel文件: flower_products.xlsx
2025-06-15 13:42:33,917 - INFO - 图片目录: flower_images_jpg
2025-06-15 13:42:33,917 - INFO - ==================================================
2025-06-15 13:42:33,917 - INFO - 开始处理文件更新: D:\ailun\shangou.txt
2025-06-15 13:42:33,919 - INFO - 文件未发生变化，跳过处理
2025-06-15 13:42:33,920 - INFO - 开始监控文件变化，按Ctrl+C停止...
2025-06-15 13:43:00,422 - INFO - 创建图片保存目录: flower_images_jpg
2025-06-15 13:43:00,423 - INFO - 跳过webp图片转换，直接进入监控模式
2025-06-15 13:43:00,423 - INFO - ==================================================
2025-06-15 13:43:00,423 - INFO - 花卉产品信息实时监控程序 (简化版)
2025-06-15 13:43:00,423 - INFO - ==================================================
2025-06-15 13:43:00,424 - INFO - 监控文件: D:\ailun\shangou.txt
2025-06-15 13:43:00,424 - INFO - Excel文件: flower_products.xlsx
2025-06-15 13:43:00,424 - INFO - 图片目录: flower_images_jpg
2025-06-15 13:43:00,424 - INFO - ==================================================
2025-06-15 13:43:00,424 - INFO - 开始处理文件更新: D:\ailun\shangou.txt
2025-06-15 13:43:00,425 - INFO - 文件未发生变化，跳过处理
2025-06-15 13:43:00,426 - INFO - 开始监控文件变化，按Ctrl+C停止...
2025-06-15 13:43:42,703 - INFO - 检测到文件变化: D:\ailun\shangou.txt
2025-06-15 13:43:44,703 - INFO - 开始处理文件更新: D:\ailun\shangou.txt
2025-06-15 13:43:44,705 - INFO - 检测到文件变化，开始处理新内容
2025-06-15 13:43:44,710 - INFO - 成功读取JSON文件
2025-06-15 13:43:44,712 - INFO - 共找到 20 个新产品
2025-06-15 13:43:44,714 - INFO - 共提取出 97 个图片URL
2025-06-15 13:43:44,714 - INFO - 共为 20 个产品匹配到图片URL
2025-06-15 13:43:44,949 - INFO - 已创建产品信息文件 flower_products.xlsx
2025-06-15 13:43:45,274 - INFO - 已下载并转换图片: flower_images_jpg\【父爱无言】5朵向日葵蝴蝶兰香槟绣球混搭父亲节花束送爸爸送男士送老公生日鲜花花店送花上门.jpg
2025-06-15 13:43:45,988 - INFO - 已下载并转换图片: flower_images_jpg\父亲节【男士的仪式感】10朵马耳他蓝玫瑰喷色花送男友父亲节礼物送爸爸生日鲜花花店送花上门.jpg
2025-06-15 13:43:46,834 - INFO - 已下载并转换图片: flower_images_jpg\【避风的港湾】1朵向日葵混搭泡泡香槟玫瑰花束送老公男士生日花束送爸爸父亲节鲜花花店送花上门.jpg
2025-06-15 13:43:47,499 - INFO - 已下载并转换图片: flower_images_jpg\【玫瑰泰酷辣】送男士父亲节礼物11朵黑骑士玫瑰（喷色花）送朋友送男友生日鲜花店免费配送.jpg
2025-06-15 13:43:48,113 - INFO - 已下载并转换图片: flower_images_jpg\【时光慢些吧】5朵香槟搭配3朵向日葵泡泡玫瑰花束送爸爸父亲节花束送老公送男士鲜花免费配送.jpg
2025-06-15 13:43:48,760 - INFO - 已下载并转换图片: flower_images_jpg\父亲节鲜花【水果鲜花礼盒】10种时令水果配花随机送长辈生日鲜花礼物探望水果礼盒花店送花上门.jpg
2025-06-15 13:43:49,909 - INFO - 已下载并转换图片: flower_images_jpg\【送他刚刚好】10朵马耳他蓝玫瑰（喷色花）送男友父亲节礼物送爸爸送女友生日鲜花花店送花上门.jpg
2025-06-15 13:43:50,583 - INFO - 已下载并转换图片: flower_images_jpg\【邂逅】男士鲜花黑骑士玫瑰曼塔玫瑰蝴蝶兰混搭花束送男友送老公生日鲜花花店送花上门.jpg
2025-06-15 13:43:51,437 - INFO - 已下载并转换图片: flower_images_jpg\【心中的英雄】12朵香槟玫瑰搭4朵向日葵送男士花束送爸爸父亲节礼物男士生日鲜花花店送花上门.jpg
2025-06-15 13:43:52,282 - INFO - 已下载并转换图片: flower_images_jpg\【父爱无言】3朵向日葵配2朵香槟玫瑰男士花束送爸爸父亲节花束送老公生日鲜花花店免费配送.jpg
2025-06-15 13:43:53,138 - INFO - 已下载并转换图片: flower_images_jpg\【懂你悲欢】男士鲜花7朵白玫瑰配茉莉生日花束送男友送闺蜜父亲节礼物生日鲜花花店送花上门.jpg
2025-06-15 13:43:53,864 - INFO - 已下载并转换图片: flower_images_jpg\【岁月无声】1朵向日葵混搭玫瑰泡泡花束送男士父亲节花束送爸爸送男友生日鲜花花店送花上门.jpg
2025-06-15 13:43:54,504 - INFO - 已下载并转换图片: flower_images_jpg\【父爱如山】3朵向日葵香槟玫瑰泡泡混搭花束送爸爸父亲节花束男士花束送男友生日鲜花花免费配送.jpg
2025-06-15 13:43:55,406 - INFO - 已下载并转换图片: flower_images_jpg\【繁花似锦】送爸爸父亲节花礼物3朵向日葵香槟玫瑰混搭花束送男朋友生日鲜花花店免费配送.jpg
2025-06-15 13:43:56,289 - INFO - 已下载并转换图片: flower_images_jpg\【美伢送广志的花呀】9朵喷色蓝玫瑰搭配2朵向日葵混搭花束生日鲜花送父亲送男友花店送花上门.jpg
2025-06-15 13:43:56,912 - INFO - 已下载并转换图片: flower_images_jpg\【如光领路】11枝卡布奇诺玫瑰2枝向日葵混搭花束送爸爸父亲节花束送老师生日鲜花花店送花上门.jpg
2025-06-15 13:43:58,068 - INFO - 已下载并转换图片: flower_images_jpg\父亲节抱抱桶【静谧的爱】喷色玫瑰搭配绿马球桔梗混搭花束抱抱桶送父亲送男友花店送货上门.jpg
2025-06-15 13:43:59,005 - INFO - 已下载并转换图片: flower_images_jpg\【小王子花束】11枝白玫瑰搭1枝红玫瑰小王子花束送男朋友送爸爸父亲节礼物花店鲜花免费配送.jpg
2025-06-15 13:43:59,873 - INFO - 已下载并转换图片: flower_images_jpg\【梦想的信仰】11朵碎冰蓝白玫喷色搭配茉莉生日花束送男友送爸爸父情节鲜花花店送花上门生日鲜.jpg
2025-06-15 13:44:00,776 - INFO - 已下载并转换图片: flower_images_jpg\【无言的爱】蓝色绣球多头百合（喷色）喷泉草混搭花束送爸爸父亲节花束生日鲜花花店免费配送.jpg
2025-06-15 13:44:01,277 - INFO - 下载并转换图片: 20 张
2025-06-15 13:44:01,279 - INFO - 文件处理完成
2025-06-15 13:44:01,279 - INFO - 检测到文件变化: D:\ailun\shangou.txt
2025-06-15 13:44:03,280 - INFO - 开始处理文件更新: D:\ailun\shangou.txt
2025-06-15 13:44:03,283 - INFO - 文件未发生变化，跳过处理
2025-06-15 13:44:33,974 - INFO - 检测到文件变化: D:\ailun\shangou.txt
2025-06-15 13:44:35,975 - INFO - 开始处理文件更新: D:\ailun\shangou.txt
2025-06-15 13:44:35,976 - INFO - 检测到文件变化，开始处理新内容
2025-06-15 13:44:35,978 - INFO - 成功读取JSON文件
2025-06-15 13:44:35,979 - INFO - 共找到 8 个新产品
2025-06-15 13:44:35,982 - INFO - 共提取出 54 个图片URL
2025-06-15 13:44:35,983 - INFO - 共为 8 个产品匹配到图片URL
2025-06-15 13:44:35,994 - INFO - 已创建产品信息文件 flower_products.xlsx
2025-06-15 13:44:36,396 - ERROR - 转换图片 '【感恩花礼♥百事顺心】6罐可乐满天星混搭花束 送父亲长辈同事 父亲节礼物送花上门' 时出错: [Errno 2] No such file or directory: 'flower_images_jpg\\【感恩花礼♥百事顺心】6罐可乐满天星混搭花束 送父亲长辈同事 父亲节礼物送花上门.jpg'
2025-06-15 13:44:36,556 - ERROR - 转换图片 '【莫奈花园】9朵碎冰蓝玫瑰混搭绣球蓝色海洋鲜花束送老公男友送父亲老师花店送花上门' 时出错: [Errno 2] No such file or directory: 'flower_images_jpg\\【莫奈花园】9朵碎冰蓝玫瑰混搭绣球蓝色海洋鲜花束送老公男友送父亲老师花店送花上门.jpg'
2025-06-15 13:44:37,044 - ERROR - 转换图片 '【父爱如山】3朵向日葵+香槟玫瑰生日鲜花生日礼物花店送花上门' 时出错: [Errno 2] No such file or directory: 'flower_images_jpg\\【父爱如山】3朵向日葵+香槟玫瑰生日鲜花生日礼物花店送花上门.jpg'
2025-06-15 13:44:37,473 - ERROR - 转换图片 '【感恩花礼♥礼物】一盒向日葵鲜花混搭花盒 送父亲长辈同事 父亲节礼物送花上门' 时出错: [Errno 2] No such file or directory: 'flower_images_jpg\\【感恩花礼♥礼物】一盒向日葵鲜花混搭花盒 送父亲长辈同事 父亲节礼物送花上门.jpg'
2025-06-15 13:44:37,989 - ERROR - 转换图片 '520情人节【心心向阳】向日葵混搭花束爆款花束送爱人送朋友送长辈礼物鲜花礼物套装' 时出错: [Errno 2] No such file or directory: 'flower_images_jpg\\520情人节【心心向阳】向日葵混搭花束爆款花束送爱人送朋友送长辈礼物鲜花礼物套装.jpg'
2025-06-15 13:44:38,401 - ERROR - 转换图片 '【感恩花礼健康幸福】3朵向日葵香槟玫瑰混搭花束 送父亲长辈同事 父亲节礼物送花上门' 时出错: [Errno 2] No such file or directory: 'flower_images_jpg\\【感恩花礼健康幸福】3朵向日葵香槟玫瑰混搭花束 送父亲长辈同事 父亲节礼物送花上门.jpg'
2025-06-15 13:44:39,063 - ERROR - 转换图片 '【缤纷世界】向日葵混搭花束 送长辈父母同学老师节日礼物 送花上门' 时出错: [Errno 2] No such file or directory: 'flower_images_jpg\\【缤纷世界】向日葵混搭花束 送长辈父母同学老师节日礼物 送花上门.jpg'
2025-06-15 13:44:39,257 - ERROR - 转换图片 '闲暇时光机/1朵向日葵奶油风花束/混搭玫瑰很好看' 时出错: [Errno 2] No such file or directory: 'flower_images_jpg\\闲暇时光机_1朵向日葵奶油风花束_混搭玫瑰很好看.jpg'
2025-06-15 13:44:39,259 - INFO - 下载并转换图片: 0 张
2025-06-15 13:44:39,260 - INFO - 文件处理完成
2025-06-15 13:44:39,260 - INFO - 检测到文件变化: D:\ailun\shangou.txt
2025-06-15 13:44:41,261 - INFO - 开始处理文件更新: D:\ailun\shangou.txt
2025-06-15 13:44:41,263 - INFO - 文件未发生变化，跳过处理
2025-06-15 13:45:35,538 - INFO - 检测到文件变化: D:\ailun\shangou.txt
2025-06-15 13:45:37,543 - INFO - 开始处理文件更新: D:\ailun\shangou.txt
2025-06-15 13:45:37,544 - INFO - 检测到文件变化，开始处理新内容
2025-06-15 13:45:37,546 - INFO - 成功读取JSON文件
2025-06-15 13:45:37,549 - INFO - 共找到 13 个新产品
2025-06-15 13:45:37,552 - INFO - 共提取出 79 个图片URL
2025-06-15 13:45:37,552 - INFO - 共为 13 个产品匹配到图片URL
2025-06-15 13:45:37,584 - INFO - 已更新产品信息到 flower_products.xlsx
2025-06-15 13:45:37,943 - ERROR - 转换图片 '父亲节礼物【大爱无言】2朵向日葵混搭香槟玫瑰花束送爸爸父亲朋友闺蜜男友生日礼物花店送花上门' 时出错: [Errno 2] No such file or directory: 'flower_images_jpg\\父亲节礼物【大爱无言】2朵向日葵混搭香槟玫瑰花束送爸爸父亲朋友闺蜜男友生日礼物花店送花上门.jpg'
2025-06-15 13:45:38,202 - ERROR - 转换图片 '父亲节鲜花【今日宜“炫父”】3朵向日葵混搭香槟鲜花花束送父亲朋友男友闺蜜生日花店送花上门' 时出错: [Errno 2] No such file or directory: 'flower_images_jpg\\父亲节鲜花【今日宜“炫父”】3朵向日葵混搭香槟鲜花花束送父亲朋友男友闺蜜生日花店送花上门.jpg'
2025-06-15 13:45:38,501 - ERROR - 转换图片 '父亲节花束【盖世英雄】19朵马耳他蓝玫瑰花束送男友男士花束父亲节花店送花上门（卡片随机）' 时出错: [Errno 2] No such file or directory: 'flower_images_jpg\\父亲节花束【盖世英雄】19朵马耳他蓝玫瑰花束送男友男士花束父亲节花店送花上门（卡片随机）.jpg'
2025-06-15 13:45:38,922 - ERROR - 转换图片 '父亲节礼物【绅士】1朵蝴蝶兰混搭绣球鲜花花束送男友爸爸男士花束生日礼物花店送花上门' 时出错: [Errno 2] No such file or directory: 'flower_images_jpg\\父亲节礼物【绅士】1朵蝴蝶兰混搭绣球鲜花花束送男友爸爸男士花束生日礼物花店送花上门.jpg'
2025-06-15 13:45:39,247 - ERROR - 转换图片 '父亲节花束【魔法森林】8朵苏格兰绿玫瑰混搭鲜花花束送男友爱人朋友闺蜜生日礼物花店送花上门' 时出错: [Errno 2] No such file or directory: 'flower_images_jpg\\父亲节花束【魔法森林】8朵苏格兰绿玫瑰混搭鲜花花束送男友爱人朋友闺蜜生日礼物花店送花上门.jpg'
2025-06-15 13:45:39,715 - ERROR - 转换图片 '父亲节礼物【暗黑骑士】一束黑骑士玫瑰混搭蝴蝶兰鲜花花束送男友朋友闺蜜生日礼物花店送花上门' 时出错: [Errno 2] No such file or directory: 'flower_images_jpg\\父亲节礼物【暗黑骑士】一束黑骑士玫瑰混搭蝴蝶兰鲜花花束送男友朋友闺蜜生日礼物花店送花上门.jpg'
2025-06-15 13:45:40,044 - ERROR - 转换图片 '父亲节礼物【尝尝酒酒】6瓶1664瓶酒混搭鲜花花束送爸爸男友男士抱抱桶花束花店送花上门' 时出错: [Errno 2] No such file or directory: 'flower_images_jpg\\父亲节礼物【尝尝酒酒】6瓶1664瓶酒混搭鲜花花束送爸爸男友男士抱抱桶花束花店送花上门.jpg'
2025-06-15 13:45:40,361 - ERROR - 转换图片 '父亲节鲜花【愿你永远是少年】12朵马耳他蓝玫瑰混搭蝴蝶兰鲜花花束送爱人生日礼物花店送花上门' 时出错: [Errno 2] No such file or directory: 'flower_images_jpg\\父亲节鲜花【愿你永远是少年】12朵马耳他蓝玫瑰混搭蝴蝶兰鲜花花束送爱人生日礼物花店送花上门.jpg'
2025-06-15 13:45:40,696 - ERROR - 转换图片 '父亲节花束【超级英雄】3朵向日葵混搭香槟鲜花花束送父亲节朋友男友生日礼物花束花店送花上门' 时出错: [Errno 2] No such file or directory: 'flower_images_jpg\\父亲节花束【超级英雄】3朵向日葵混搭香槟鲜花花束送父亲节朋友男友生日礼物花束花店送花上门.jpg'
2025-06-15 13:45:40,996 - ERROR - 转换图片 '父亲节礼物【心有山海】3朵向日葵混搭蝴蝶兰鲜花花束送女友爱人闺蜜生日礼物花束花店送花上门' 时出错: [Errno 2] No such file or directory: 'flower_images_jpg\\父亲节礼物【心有山海】3朵向日葵混搭蝴蝶兰鲜花花束送女友爱人闺蜜生日礼物花束花店送花上门.jpg'
2025-06-15 13:45:41,366 - ERROR - 转换图片 '父亲节礼物【瓶安喜乐】6瓶1664混搭香槟抱抱桶花束送男友朋友男士花束花店送花上门' 时出错: [Errno 2] No such file or directory: 'flower_images_jpg\\父亲节礼物【瓶安喜乐】6瓶1664混搭香槟抱抱桶花束送男友朋友男士花束花店送花上门.jpg'
2025-06-15 13:45:41,901 - ERROR - 转换图片 '夏日必买【荔不开你】40颗荔枝鲜花花束夏天第一束荔枝花束送女友朋友闺蜜生日礼物花店送花上门' 时出错: [Errno 2] No such file or directory: 'flower_images_jpg\\夏日必买【荔不开你】40颗荔枝鲜花花束夏天第一束荔枝花束送女友朋友闺蜜生日礼物花店送花上门.jpg'
2025-06-15 13:45:42,228 - ERROR - 转换图片 '父亲节鲜花【瓶瓶安安】6瓶1664混搭鲜花花束送爸爸男友男士抱抱桶花束花店送花上门' 时出错: [Errno 2] No such file or directory: 'flower_images_jpg\\父亲节鲜花【瓶瓶安安】6瓶1664混搭鲜花花束送爸爸男友男士抱抱桶花束花店送花上门.jpg'
2025-06-15 13:45:42,233 - INFO - 下载并转换图片: 0 张
2025-06-15 13:45:42,234 - INFO - 文件处理完成
2025-06-15 13:45:42,235 - INFO - 检测到文件变化: D:\ailun\shangou.txt
2025-06-15 13:45:44,236 - INFO - 开始处理文件更新: D:\ailun\shangou.txt
2025-06-15 13:45:44,237 - INFO - 文件未发生变化，跳过处理
2025-06-15 13:46:45,742 - INFO - 创建图片保存目录: flower_images_jpg
2025-06-15 13:46:45,742 - INFO - 跳过webp图片转换，直接进入监控模式
2025-06-15 13:46:45,742 - INFO - ==================================================
2025-06-15 13:46:45,742 - INFO - 花卉产品信息实时监控程序 (简化版)
2025-06-15 13:46:45,743 - INFO - ==================================================
2025-06-15 13:46:45,743 - INFO - 监控文件: D:\ailun\shangou.txt
2025-06-15 13:46:45,743 - INFO - Excel文件: flower_products.xlsx
2025-06-15 13:46:45,743 - INFO - 图片目录: flower_images_jpg
2025-06-15 13:46:45,743 - INFO - ==================================================
2025-06-15 13:46:45,743 - INFO - 开始处理文件更新: D:\ailun\shangou.txt
2025-06-15 13:46:45,744 - INFO - 文件未发生变化，跳过处理
2025-06-15 13:46:45,745 - INFO - 开始监控文件变化，按Ctrl+C停止...
2025-06-15 13:47:05,023 - INFO - 检测到文件变化: D:\ailun\shangou.txt
2025-06-15 13:47:07,024 - INFO - 开始处理文件更新: D:\ailun\shangou.txt
2025-06-15 13:47:07,028 - INFO - 检测到文件变化，开始处理新内容
2025-06-15 13:47:07,039 - INFO - 成功读取JSON文件
2025-06-15 13:47:07,289 - INFO - 已加载 21 个已处理的产品
2025-06-15 13:47:07,291 - INFO - 共找到 5 个新产品
2025-06-15 13:47:07,292 - INFO - 共提取出 61 个图片URL
2025-06-15 13:47:07,292 - INFO - 共为 5 个产品匹配到图片URL
2025-06-15 13:47:07,317 - INFO - 已更新产品信息到 flower_products.xlsx
2025-06-15 13:47:07,641 - INFO - 已下载并转换图片: flower_images_jpg\【岁月无痕 父爱有迹】1束黑骑士玫瑰搭配曼塔玫瑰蝴蝶兰花束鲜花花束父亲节送爸爸花店送花上门.jpg
2025-06-15 13:47:08,372 - INFO - 已下载并转换图片: flower_images_jpg\【父爱如山】9朵马耳他蓝玫瑰搭配蝴蝶兰花束鲜花花束父亲节礼物送爸爸送父亲送老公花店送花上门.jpg
2025-06-15 13:47:08,979 - INFO - 已下载并转换图片: flower_images_jpg\【感恩父亲节】1枝向日葵混搭香槟花束玫瑰蓝色系向日葵花束父亲节鲜花送父亲送长辈花店送花上门.jpg
2025-06-15 13:47:09,580 - INFO - 已下载并转换图片: flower_images_jpg\花店送花上门_玫瑰花【爆款鲜花花束】一朵向日葵鲜花花束毕业季鲜花配送生日礼物花店鲜花配送.jpg
2025-06-15 13:47:10,289 - INFO - 已下载并转换图片: flower_images_jpg\鲜花店_毕业季【可乐】一束向日葵混搭香槟玫瑰送男友送老公送闺蜜生日花束礼物花店鲜花配送上门.jpg
2025-06-15 13:47:10,791 - INFO - 下载并转换图片: 5 张
2025-06-15 13:47:10,793 - INFO - 文件处理完成
2025-06-15 13:47:10,794 - INFO - 检测到文件变化: D:\ailun\shangou.txt
2025-06-15 13:47:12,795 - INFO - 开始处理文件更新: D:\ailun\shangou.txt
2025-06-15 13:47:12,798 - INFO - 文件未发生变化，跳过处理
2025-06-15 13:48:20,218 - INFO - 跳过webp图片转换，直接进入监控模式
2025-06-15 13:48:20,218 - INFO - ==================================================
2025-06-15 13:48:20,219 - INFO - 花卉产品信息实时监控程序 (简化版)
2025-06-15 13:48:20,219 - INFO - ==================================================
2025-06-15 13:48:20,219 - INFO - 监控文件: D:\ailun\shangou.txt
2025-06-15 13:48:20,219 - INFO - Excel文件: flower_products.xlsx
2025-06-15 13:48:20,219 - INFO - 图片目录: flower_images_jpg
2025-06-15 13:48:20,219 - INFO - ==================================================
2025-06-15 13:48:20,220 - INFO - 开始处理文件更新: D:\ailun\shangou.txt
2025-06-15 13:48:20,220 - INFO - 文件未发生变化，跳过处理
2025-06-15 13:48:20,222 - INFO - 开始监控文件变化，按Ctrl+C停止...
2025-06-15 13:49:06,572 - INFO - 跳过webp图片转换，直接进入监控模式
2025-06-15 13:49:06,572 - INFO - ==================================================
2025-06-15 13:49:06,572 - INFO - 花卉产品信息实时监控程序 (简化版)
2025-06-15 13:49:06,573 - INFO - ==================================================
2025-06-15 13:49:06,573 - INFO - 监控文件: D:\ailun\shangou.txt
2025-06-15 13:49:06,573 - INFO - Excel文件: flower_products.xlsx
2025-06-15 13:49:06,573 - INFO - 图片目录: flower_images_jpg
2025-06-15 13:49:06,573 - INFO - ==================================================
2025-06-15 13:49:06,573 - INFO - 开始处理文件更新: D:\ailun\shangou.txt
2025-06-15 13:49:06,574 - INFO - 文件未发生变化，跳过处理
2025-06-15 13:49:06,575 - INFO - 开始监控文件变化，按Ctrl+C停止...
2025-06-15 13:49:33,667 - INFO - 检测到文件变化: D:\ailun\shangou.txt
2025-06-15 13:49:35,667 - INFO - 开始处理文件更新: D:\ailun\shangou.txt
2025-06-15 13:49:35,669 - INFO - 检测到文件变化，开始处理新内容
2025-06-15 13:49:35,674 - INFO - 成功读取JSON文件
2025-06-15 13:49:35,890 - INFO - 已加载 26 个已处理的产品
2025-06-15 13:49:35,891 - INFO - 未找到新的产品信息
2025-06-15 13:49:35,892 - INFO - 检测到文件变化: D:\ailun\shangou.txt
2025-06-15 13:49:37,892 - INFO - 开始处理文件更新: D:\ailun\shangou.txt
2025-06-15 13:49:37,894 - INFO - 文件未发生变化，跳过处理
2025-06-15 13:49:44,714 - INFO - 检测到文件变化: D:\ailun\shangou.txt
2025-06-15 13:49:46,715 - INFO - 开始处理文件更新: D:\ailun\shangou.txt
2025-06-15 13:49:46,717 - INFO - 检测到文件变化，开始处理新内容
2025-06-15 13:49:46,721 - INFO - 成功读取JSON文件
2025-06-15 13:49:46,724 - INFO - 未找到新的产品信息
2025-06-15 13:49:46,726 - INFO - 检测到文件变化: D:\ailun\shangou.txt
2025-06-15 13:49:48,726 - INFO - 开始处理文件更新: D:\ailun\shangou.txt
2025-06-15 13:49:48,728 - INFO - 文件未发生变化，跳过处理
2025-06-15 13:49:56,120 - INFO - 检测到文件变化: D:\ailun\shangou.txt
2025-06-15 13:49:58,121 - INFO - 开始处理文件更新: D:\ailun\shangou.txt
2025-06-15 13:49:58,122 - INFO - 检测到文件变化，开始处理新内容
2025-06-15 13:49:58,125 - INFO - 成功读取JSON文件
2025-06-15 13:49:58,126 - INFO - 共找到 8 个新产品
2025-06-15 13:49:58,128 - INFO - 共提取出 63 个图片URL
2025-06-15 13:49:58,128 - INFO - 共为 8 个产品匹配到图片URL
2025-06-15 13:49:58,154 - INFO - 已更新产品信息到 flower_products.xlsx
2025-06-15 13:49:58,428 - INFO - 已下载并转换图片: flower_images_jpg\【父爱无形，而重如高山】3朵向日葵混搭香槟花束生日父亲节送长辈爸爸朋友花店配送上门.jpg
2025-06-15 13:49:59,381 - INFO - 已下载并转换图片: flower_images_jpg\【你是飓风里的黑骑士 且为我所属】11朵黑骑士玫瑰花束送男友生日节日礼物花店同城配送.jpg
2025-06-15 13:50:00,193 - INFO - 已下载并转换图片: flower_images_jpg\【喜乐安宁】3朵向日葵鲜花束混搭卡布奇诺年会会展父亲节送老师爸爸长辈领导对象花店送花.jpg
2025-06-15 13:50:01,089 - INFO - 已下载并转换图片: flower_images_jpg\【幸福酒酒】6瓶1664混搭向日葵送男友闺蜜节日生日鲜花情人节礼物同城花店送花上门.jpg
2025-06-15 13:50:02,327 - INFO - 已下载并转换图片: flower_images_jpg\【西部烈阳】7朵向日葵混搭多头玫瑰花束生日鲜花束礼物教师节店送老师花店配送上门.jpg
2025-06-15 13:50:03,245 - INFO - 已下载并转换图片: flower_images_jpg\【烟火向星辰 所愿皆成真】2朵向日葵香槟玫瑰韩式小香风鲜花束教师节送老师恋人对象同城配送.jpg
2025-06-15 13:50:03,897 - INFO - 已下载并转换图片: flower_images_jpg\【格物花语】3朵向日葵混搭11朵玫瑰鲜花束毕业季教师节送老师朋友领导对象花店送花上门.jpg
2025-06-15 13:50:04,633 - INFO - 已下载并转换图片: flower_images_jpg\【满心欢喜】2朵向日葵混搭4朵香槟玫瑰2朵白玫瑰绿桔梗鲜花束教师节送老师花店送花上门.jpg
2025-06-15 13:50:05,135 - INFO - 下载并转换图片: 8 张
2025-06-15 13:50:05,136 - INFO - 文件处理完成
2025-06-15 13:50:05,137 - INFO - 检测到文件变化: D:\ailun\shangou.txt
2025-06-15 13:50:07,137 - INFO - 开始处理文件更新: D:\ailun\shangou.txt
2025-06-15 13:50:07,138 - INFO - 文件未发生变化，跳过处理
2025-06-15 13:50:54,904 - INFO - 跳过webp图片转换，直接进入监控模式
2025-06-15 13:50:54,905 - INFO - ==================================================
2025-06-15 13:50:54,905 - INFO - 花卉产品信息实时监控程序 (简化版)
2025-06-15 13:50:54,905 - INFO - ==================================================
2025-06-15 13:50:54,905 - INFO - 监控文件: D:\ailun\shangou.txt
2025-06-15 13:50:54,905 - INFO - Excel文件: flower_products.xlsx
2025-06-15 13:50:54,905 - INFO - 图片目录: flower_images_jpg
2025-06-15 13:50:54,906 - INFO - ==================================================
2025-06-15 13:50:54,906 - INFO - 开始处理文件更新: D:\ailun\shangou.txt
2025-06-15 13:50:54,907 - INFO - 文件未发生变化，跳过处理
2025-06-15 13:50:54,908 - INFO - 开始监控文件变化，按Ctrl+C停止...
2025-06-15 13:51:47,463 - INFO - 检测到文件变化: D:\ailun\shangou.txt
2025-06-15 13:51:49,464 - INFO - 开始处理文件更新: D:\ailun\shangou.txt
2025-06-15 13:51:49,465 - INFO - 检测到文件变化，开始处理新内容
2025-06-15 13:51:49,469 - INFO - 成功读取JSON文件
2025-06-15 13:51:49,706 - INFO - 已加载 34 个已处理的产品
2025-06-15 13:51:49,708 - INFO - 共找到 20 个新产品
2025-06-15 13:51:49,711 - INFO - 共提取出 115 个图片URL
2025-06-15 13:51:49,711 - INFO - 共为 20 个产品匹配到图片URL
2025-06-15 13:51:49,736 - INFO - 已更新产品信息到 flower_products.xlsx
2025-06-15 13:51:50,060 - INFO - 已下载并转换图片: flower_images_jpg\氛围款【山林公主】蝴蝶兰仙气氛围感优雅花束玫瑰混搭生日鲜花礼物约会送男生女生花束花店.jpg
2025-06-15 13:51:50,760 - INFO - 已下载并转换图片: flower_images_jpg\力荐【甜甜微笑】多巴胺活力混搭花束自然系色彩花束生日鲜花礼物约会告白送男生女生朋友闺蜜.jpg
2025-06-15 13:51:51,441 - INFO - 已下载并转换图片: flower_images_jpg\父亲节花束【灿烂阳光】3朵向日葵混搭香槟玫瑰花束鲜花礼物送男生女生朋友闺蜜长辈花店送花上门.jpg
2025-06-15 13:51:52,143 - INFO - 已下载并转换图片: flower_images_jpg\新中式花束【春风里】16朵凡尔赛玫瑰生日鲜花礼物约会告白送男友女友朋友闺蜜同事.jpg
2025-06-15 13:51:52,794 - INFO - 已下载并转换图片: flower_images_jpg\毕业花束【温柔】11枝曼塔玫瑰混搭花束小香风生日鲜花生日礼物约会送女友母亲长辈花店鲜花.jpg
2025-06-15 13:51:53,801 - ERROR - 下载图片 '毕业花束【万般宠爱】33朵粉玫瑰花草莓熊抱抱桶花束生日鲜花玩偶花束礼物送男女朋友闺蜜朋友' 时出错: HTTPSConnectionPool(host='img.meituan.net', port=443): Max retries exceeded with url: /shangouproductapi/c71f78bc44814efdde3bebb29d6362991516226.png.webp (Caused by SSLError(SSLCertVerificationError(1, '[SSL: CERTIFICATE_VERIFY_FAILED] certificate verify failed: unable to get local issuer certificate (_ssl.c:1028)')))
2025-06-15 13:51:53,801 - INFO - 重试下载 (2/3)...
2025-06-15 13:51:56,214 - ERROR - 下载图片 '毕业花束【万般宠爱】33朵粉玫瑰花草莓熊抱抱桶花束生日鲜花玩偶花束礼物送男女朋友闺蜜朋友' 时出错: HTTPSConnectionPool(host='img.meituan.net', port=443): Max retries exceeded with url: /shangouproductapi/c71f78bc44814efdde3bebb29d6362991516226.png.webp (Caused by SSLError(SSLCertVerificationError(1, '[SSL: CERTIFICATE_VERIFY_FAILED] certificate verify failed: unable to get local issuer certificate (_ssl.c:1028)')))
2025-06-15 13:51:56,215 - INFO - 重试下载 (3/3)...
2025-06-15 13:51:58,608 - ERROR - 下载图片 '毕业花束【万般宠爱】33朵粉玫瑰花草莓熊抱抱桶花束生日鲜花玩偶花束礼物送男女朋友闺蜜朋友' 时出错: HTTPSConnectionPool(host='img.meituan.net', port=443): Max retries exceeded with url: /shangouproductapi/c71f78bc44814efdde3bebb29d6362991516226.png.webp (Caused by SSLError(SSLCertVerificationError(1, '[SSL: CERTIFICATE_VERIFY_FAILED] certificate verify failed: unable to get local issuer certificate (_ssl.c:1028)')))
2025-06-15 13:51:58,608 - ERROR - 下载失败，已达到最大重试次数
2025-06-15 13:51:58,966 - ERROR - 下载图片 '毕业花束【长乐未央】芭蕾风33枝乌梅子酱玫瑰花约会告白送女友同事闺蜜爱人花店同城花束' 时出错: HTTPSConnectionPool(host='img.meituan.net', port=443): Max retries exceeded with url: /shangouproductapi/c946fef75995ee0c9e9129a4d4f20745164329.jpg.webp (Caused by SSLError(SSLCertVerificationError(1, '[SSL: CERTIFICATE_VERIFY_FAILED] certificate verify failed: unable to get local issuer certificate (_ssl.c:1028)')))
2025-06-15 13:51:58,966 - INFO - 重试下载 (2/3)...
2025-06-15 13:52:01,329 - ERROR - 下载图片 '毕业花束【长乐未央】芭蕾风33枝乌梅子酱玫瑰花约会告白送女友同事闺蜜爱人花店同城花束' 时出错: HTTPSConnectionPool(host='img.meituan.net', port=443): Max retries exceeded with url: /shangouproductapi/c946fef75995ee0c9e9129a4d4f20745164329.jpg.webp (Caused by SSLError(SSLCertVerificationError(1, '[SSL: CERTIFICATE_VERIFY_FAILED] certificate verify failed: unable to get local issuer certificate (_ssl.c:1028)')))
2025-06-15 13:52:01,330 - INFO - 重试下载 (3/3)...
2025-06-15 13:52:03,734 - ERROR - 下载图片 '毕业花束【长乐未央】芭蕾风33枝乌梅子酱玫瑰花约会告白送女友同事闺蜜爱人花店同城花束' 时出错: HTTPSConnectionPool(host='img.meituan.net', port=443): Max retries exceeded with url: /shangouproductapi/c946fef75995ee0c9e9129a4d4f20745164329.jpg.webp (Caused by SSLError(SSLCertVerificationError(1, '[SSL: CERTIFICATE_VERIFY_FAILED] certificate verify failed: unable to get local issuer certificate (_ssl.c:1028)')))
2025-06-15 13:52:03,734 - ERROR - 下载失败，已达到最大重试次数
2025-06-15 13:52:04,101 - ERROR - 下载图片 '力荐款【星河梦想家】曼塔混搭洋桔梗鲜花店送上门生日鲜花礼物送女生男生女士朋友闺蜜同城' 时出错: HTTPSConnectionPool(host='img.meituan.net', port=443): Max retries exceeded with url: /shangouproductapi/35748fbabe218314b2b7c2a4930d5acf761606.jpg.webp (Caused by SSLError(SSLCertVerificationError(1, '[SSL: CERTIFICATE_VERIFY_FAILED] certificate verify failed: unable to get local issuer certificate (_ssl.c:1028)')))
2025-06-15 13:52:04,101 - INFO - 重试下载 (2/3)...
2025-06-15 13:52:06,474 - ERROR - 下载图片 '力荐款【星河梦想家】曼塔混搭洋桔梗鲜花店送上门生日鲜花礼物送女生男生女士朋友闺蜜同城' 时出错: HTTPSConnectionPool(host='img.meituan.net', port=443): Max retries exceeded with url: /shangouproductapi/35748fbabe218314b2b7c2a4930d5acf761606.jpg.webp (Caused by SSLError(SSLCertVerificationError(1, '[SSL: CERTIFICATE_VERIFY_FAILED] certificate verify failed: unable to get local issuer certificate (_ssl.c:1028)')))
2025-06-15 13:52:06,474 - INFO - 重试下载 (3/3)...
2025-06-15 13:52:08,826 - ERROR - 下载图片 '力荐款【星河梦想家】曼塔混搭洋桔梗鲜花店送上门生日鲜花礼物送女生男生女士朋友闺蜜同城' 时出错: HTTPSConnectionPool(host='img.meituan.net', port=443): Max retries exceeded with url: /shangouproductapi/35748fbabe218314b2b7c2a4930d5acf761606.jpg.webp (Caused by SSLError(SSLCertVerificationError(1, '[SSL: CERTIFICATE_VERIFY_FAILED] certificate verify failed: unable to get local issuer certificate (_ssl.c:1028)')))
2025-06-15 13:52:08,827 - ERROR - 下载失败，已达到最大重试次数
2025-06-15 13:52:08,974 - INFO - 已下载并转换图片: flower_images_jpg\【小王子花束】玫瑰花白玫瑰混搭红玫瑰生日鲜花礼物花束送男友女友闺蜜朋友同城.jpg
2025-06-15 13:52:09,868 - ERROR - 下载图片 '毕业花束【春和景明】同款实拍19朵玫瑰向日葵黄玫瑰混搭橙玫瑰爱莎玫瑰桔梗混搭花束送闺蜜' 时出错: HTTPSConnectionPool(host='img.meituan.net', port=443): Max retries exceeded with url: /shangouproductapi/318c7815a0a995bb52ffd9d4856fe4be1405683.jpg.webp (Caused by SSLError(SSLCertVerificationError(1, '[SSL: CERTIFICATE_VERIFY_FAILED] certificate verify failed: unable to get local issuer certificate (_ssl.c:1028)')))
2025-06-15 13:52:09,869 - INFO - 重试下载 (2/3)...
2025-06-15 13:52:12,281 - ERROR - 下载图片 '毕业花束【春和景明】同款实拍19朵玫瑰向日葵黄玫瑰混搭橙玫瑰爱莎玫瑰桔梗混搭花束送闺蜜' 时出错: HTTPSConnectionPool(host='img.meituan.net', port=443): Max retries exceeded with url: /shangouproductapi/318c7815a0a995bb52ffd9d4856fe4be1405683.jpg.webp (Caused by SSLError(SSLCertVerificationError(1, '[SSL: CERTIFICATE_VERIFY_FAILED] certificate verify failed: unable to get local issuer certificate (_ssl.c:1028)')))
2025-06-15 13:52:12,281 - INFO - 重试下载 (3/3)...
2025-06-15 13:52:14,660 - ERROR - 下载图片 '毕业花束【春和景明】同款实拍19朵玫瑰向日葵黄玫瑰混搭橙玫瑰爱莎玫瑰桔梗混搭花束送闺蜜' 时出错: HTTPSConnectionPool(host='img.meituan.net', port=443): Max retries exceeded with url: /shangouproductapi/318c7815a0a995bb52ffd9d4856fe4be1405683.jpg.webp (Caused by SSLError(SSLCertVerificationError(1, '[SSL: CERTIFICATE_VERIFY_FAILED] certificate verify failed: unable to get local issuer certificate (_ssl.c:1028)')))
2025-06-15 13:52:14,660 - ERROR - 下载失败，已达到最大重试次数
2025-06-15 13:52:14,961 - INFO - 已下载并转换图片: flower_images_jpg\毕业花束【山川知客】手提花盒混搭款式玫瑰花手提花盒生日礼物暖居乔迁礼物生日送长辈送朋友.jpg
2025-06-15 13:52:15,677 - INFO - 已下载并转换图片: flower_images_jpg\【春暖花开】粉康乃馨混搭玫瑰鲜花花束生日鲜花礼物送女生女士客户妈妈长辈.jpg
2025-06-15 13:52:16,380 - INFO - 已下载并转换图片: flower_images_jpg\氛围款【蔓越莓】实拍6朵梅子色玫瑰1朵蝴蝶兰高级紫色约会小花束鲜花店玫瑰花送女友朋友.jpg
2025-06-15 13:52:17,089 - INFO - 已下载并转换图片: flower_images_jpg\毕业花束【灿若星芒】蝴蝶兰红掌玫瑰花束送女友闺蜜男生朋友生日礼物花店送货上门表白鲜花告白.jpg
2025-06-15 13:52:18,020 - ERROR - 下载图片 '【浪漫永不凋零】鲜花33朵弗洛伊德玫瑰花束抱抱桶约会花束生日花束生日礼物花店' 时出错: HTTPSConnectionPool(host='img.meituan.net', port=443): Max retries exceeded with url: /shangouproductapi/8811e76dc51abfda64c79cad5c0c4cf81590466.png.webp (Caused by SSLError(SSLCertVerificationError(1, '[SSL: CERTIFICATE_VERIFY_FAILED] certificate verify failed: unable to get local issuer certificate (_ssl.c:1028)')))
2025-06-15 13:52:18,020 - INFO - 重试下载 (2/3)...
2025-06-15 13:52:20,491 - ERROR - 下载图片 '【浪漫永不凋零】鲜花33朵弗洛伊德玫瑰花束抱抱桶约会花束生日花束生日礼物花店' 时出错: HTTPSConnectionPool(host='img.meituan.net', port=443): Max retries exceeded with url: /shangouproductapi/8811e76dc51abfda64c79cad5c0c4cf81590466.png.webp (Caused by SSLError(SSLCertVerificationError(1, '[SSL: CERTIFICATE_VERIFY_FAILED] certificate verify failed: unable to get local issuer certificate (_ssl.c:1028)')))
2025-06-15 13:52:20,491 - INFO - 重试下载 (3/3)...
2025-06-15 13:52:23,129 - INFO - 已下载并转换图片: flower_images_jpg\【浪漫永不凋零】鲜花33朵弗洛伊德玫瑰花束抱抱桶约会花束生日花束生日礼物花店.jpg
2025-06-15 13:52:24,151 - INFO - 已下载并转换图片: flower_images_jpg\毕业花束【真橙之心】11朵香槟玫瑰混搭橙芭比生日鲜花礼物约会表白送男生女生闺蜜同事花店.jpg
2025-06-15 13:52:25,213 - INFO - 已下载并转换图片: flower_images_jpg\毕业花束【郁见浪漫】精致小花束9朵粉色郁金香花束送女友花束送闺蜜女友朋友生日鲜花店.jpg
2025-06-15 13:52:26,435 - INFO - 已下载并转换图片: flower_images_jpg\【爱的蜜方】33朵高原红玫瑰花束生日鲜花生日礼物送女友闺蜜爱人表白求婚告白纪念日.jpg
2025-06-15 13:52:27,676 - INFO - 已下载并转换图片: flower_images_jpg\【三生三世】33朵红玫瑰花束鲜花免费配送生日礼物生日鲜花女士送女友老婆闺蜜表白.jpg
2025-06-15 13:52:28,814 - INFO - 已下载并转换图片: flower_images_jpg\送男生花束【跑去见你】19朵白玫瑰茉莉花鲜花生日礼物花店送花上门送爱人闺蜜恋女友.jpg
2025-06-15 13:52:29,317 - INFO - 下载并转换图片: 16 张
2025-06-15 13:52:29,319 - INFO - 文件处理完成
2025-06-15 13:52:29,319 - INFO - 检测到文件变化: D:\ailun\shangou.txt
2025-06-15 13:52:31,320 - INFO - 开始处理文件更新: D:\ailun\shangou.txt
2025-06-15 13:52:31,321 - INFO - 文件未发生变化，跳过处理
