2025-06-15 12:26:16,627 - INFO - ==================================================
2025-06-15 12:26:16,627 - INFO - WEBP转JPG图片转换工具
2025-06-15 12:26:16,628 - INFO - ==================================================
2025-06-15 12:26:16,628 - INFO - 源文件夹: D:\cursor jihewendang\闪购采集\flower_images_improved
2025-06-15 12:26:16,628 - INFO - 目标文件夹: D:\cursor jihewendang\闪购采集\flower_images_jpg
2025-06-15 12:26:16,628 - INFO - ==================================================
2025-06-15 12:26:16,629 - INFO - 创建目标文件夹: D:\cursor jihewendang\闪购采集\flower_images_jpg
2025-06-15 12:26:16,630 - INFO - 找到 82 个webp文件
2025-06-15 12:26:17,456 - INFO - 成功转换: 52朵红玫瑰我爱你-爱心花束红玫瑰节鲜花送老婆送女友表白求婚花束.webp -> 52朵红玫瑰我爱你-爱心花束红玫瑰节鲜花送老婆送女友表白求婚花束.jpg
2025-06-15 12:26:17,517 - INFO - 成功转换: 【一路有你】1朵向日葵3朵香槟玫瑰多头泡泡生日鲜花花束送闺蜜花店配送上门.webp -> 【一路有你】1朵向日葵3朵香槟玫瑰多头泡泡生日鲜花花束送闺蜜花店配送上门.jpg
2025-06-15 12:26:17,556 - INFO - 成功转换: 【不能说的秘密】紫玫瑰蝴蝶兰紫精灵康乃馨混搭花束 送闺蜜送朋友 生日鲜花 花店免费配送上门.webp -> 【不能说的秘密】紫玫瑰蝴蝶兰紫精灵康乃馨混搭花束 送闺蜜送朋友 生日鲜花 花店免费配送上门.jpg
2025-06-15 12:26:17,600 - INFO - 成功转换: 【人间精灵】1支蝴蝶兰9支乌梅子酱洋桔梗混搭花束送女友生日鲜花花店送花上门.webp -> 【人间精灵】1支蝴蝶兰9支乌梅子酱洋桔梗混搭花束送女友生日鲜花花店送花上门.jpg
2025-06-15 12:26:17,658 - INFO - 成功转换: 【光明温暖】2支向日葵香槟橙芭比蓝星花混搭花束 送同学送长辈 毕业花束生日鲜花花店送花上门.webp -> 【光明温暖】2支向日葵香槟橙芭比蓝星花混搭花束 送同学送长辈 毕业花束生日鲜花花店送花上门.jpg
2025-06-15 12:26:17,742 - INFO - 成功转换: 【前程似锦】3支向日葵绿毛球白玫瑰混搭花束 生日礼物生日鲜花 花店送花上门.webp -> 【前程似锦】3支向日葵绿毛球白玫瑰混搭花束 生日礼物生日鲜花 花店送花上门.jpg
2025-06-15 12:26:17,778 - INFO - 成功转换: 【劝君莫离】11支白玫瑰茉莉混搭花束生日鲜花生日礼物送朋友闺蜜花店鲜花配送.webp -> 【劝君莫离】11支白玫瑰茉莉混搭花束生日鲜花生日礼物送朋友闺蜜花店鲜花配送.jpg
2025-06-15 12:26:17,821 - INFO - 成功转换: 【咖啡时间】33朵卡布奇诺玫瑰鲜花花束送女友送闺蜜送朋友生日鲜花花店送花上门.webp -> 【咖啡时间】33朵卡布奇诺玫瑰鲜花花束送女友送闺蜜送朋友生日鲜花花店送花上门.jpg
2025-06-15 12:26:17,865 - INFO - 成功转换: 【天空之蓝】11朵碎冰蓝玫瑰混搭鲜花花束 送朋友送女生鲜花礼物 花店送花上门N1.webp -> 【天空之蓝】11朵碎冰蓝玫瑰混搭鲜花花束 送朋友送女生鲜花礼物 花店送花上门N1.jpg
2025-06-15 12:26:17,882 - INFO - 成功转换: 【好运莲莲】10朵荷花混搭莲蓬花束送亲人送朋友送爱人生日鲜花送女友鲜花店鲜花配送上门.webp -> 【好运莲莲】10朵荷花混搭莲蓬花束送亲人送朋友送爱人生日鲜花送女友鲜花店鲜花配送上门.jpg
2025-06-15 12:26:17,933 - INFO - 成功转换: 【小确幸】蝴蝶兰混搭玫瑰花束生日礼物生日鲜花见面花束送女友送闺蜜花店鲜花配送.webp -> 【小确幸】蝴蝶兰混搭玫瑰花束生日礼物生日鲜花见面花束送女友送闺蜜花店鲜花配送.jpg
2025-06-15 12:26:17,975 - INFO - 成功转换: 【少年与梦】3支向日葵混搭11枝玫瑰泡泡花束生日礼物生日鲜花花店送花上门D2.webp -> 【少年与梦】3支向日葵混搭11枝玫瑰泡泡花束生日礼物生日鲜花花店送花上门D2.jpg
2025-06-15 12:26:18,074 - INFO - 成功转换: 【手提鲜花去见你】玫瑰混搭款手提花束 送女友送老婆 见面花束 花店鲜花配送.webp -> 【手提鲜花去见你】玫瑰混搭款手提花束 送女友送老婆 见面花束 花店鲜花配送.jpg
2025-06-15 12:26:18,114 - INFO - 成功转换: 【时光静好】11朵白玫瑰混搭洋桔梗花束 送女生生日鲜花 花店送花上门F1.webp -> 【时光静好】11朵白玫瑰混搭洋桔梗花束 送女生生日鲜花 花店送花上门F1.jpg
2025-06-15 12:26:18,164 - INFO - 成功转换: 【星河璀璨】33朵碎冰蓝白玫瑰爆款生日花束送女友送老婆求婚表白鲜花店.webp -> 【星河璀璨】33朵碎冰蓝白玫瑰爆款生日花束送女友送老婆求婚表白鲜花店.jpg
2025-06-15 12:26:18,279 - INFO - 成功转换: 【春不迟】曼塔混搭白色紫罗兰小众春日花束送女友送朋友 生日花束生日鲜花花店鲜花配送.webp -> 【春不迟】曼塔混搭白色紫罗兰小众春日花束送女友送朋友 生日花束生日鲜花花店鲜花配送.jpg
2025-06-15 12:26:18,311 - INFO - 成功转换: 【春风得意】碎冰蓝玫瑰混搭绣球韩式花束 送朋友生日鲜花 花店送花上门N1.webp -> 【春风得意】碎冰蓝玫瑰混搭绣球韩式花束 送朋友生日鲜花 花店送花上门N1.jpg
2025-06-15 12:26:18,346 - INFO - 成功转换: 【晨曦】1支蝴蝶兰碎冰蓝色系混搭花束 送女友生日鲜花 花店送花上门D3.webp -> 【晨曦】1支蝴蝶兰碎冰蓝色系混搭花束 送女友生日鲜花 花店送花上门D3.jpg
2025-06-15 12:26:18,379 - INFO - 成功转换: 【暖阳】花篮礼物手提花篮一份向日葵香槟玫桔梗混搭送朋友探望亲友花店鲜花配送.webp -> 【暖阳】花篮礼物手提花篮一份向日葵香槟玫桔梗混搭送朋友探望亲友花店鲜花配送.jpg
2025-06-15 12:26:18,411 - INFO - 成功转换: 【月光星河】 3朵向日葵6枝玫瑰混搭花束生日鲜花 生日礼物 花店送花上门D1.webp -> 【月光星河】 3朵向日葵6枝玫瑰混搭花束生日鲜花 生日礼物 花店送花上门D1.jpg
2025-06-15 12:26:18,443 - INFO - 成功转换: 【月光潮汐】52朵薄雾紫蝴蝶兰花束送女友老婆爱人表白约会花束生日鲜花花店送花上门.webp -> 【月光潮汐】52朵薄雾紫蝴蝶兰花束送女友老婆爱人表白约会花束生日鲜花花店送花上门.jpg
2025-06-15 12:26:18,484 - INFO - 成功转换: 【有梦可待】生日花束11朵紫玫瑰曼塔混搭蝴蝶兰抱抱桶花束生日礼物生日鲜花送女友花店鲜花配送.webp -> 【有梦可待】生日花束11朵紫玫瑰曼塔混搭蝴蝶兰抱抱桶花束生日礼物生日鲜花送女友花店鲜花配送.jpg
2025-06-15 12:26:18,525 - INFO - 成功转换: 【梦境花园】粉玫瑰蝴蝶兰紫罗兰混搭抱抱桶鲜花花束送女友爱人鲜花.webp -> 【梦境花园】粉玫瑰蝴蝶兰紫罗兰混搭抱抱桶鲜花花束送女友爱人鲜花.jpg
2025-06-15 12:26:18,639 - INFO - 成功转换: 【梦如江南】1支蝴蝶兰绣球花碎冰蓝色系混搭花束 送女生送朋友 生日鲜花 花店送货上门.webp -> 【梦如江南】1支蝴蝶兰绣球花碎冰蓝色系混搭花束 送女生送朋友 生日鲜花 花店送货上门.jpg
2025-06-15 12:26:18,697 - INFO - 成功转换: 【梦庄花园】33朵粉玫瑰芭蕾风花束送朋友生日鲜花 花店鲜花配送（不带气球）.webp -> 【梦庄花园】33朵粉玫瑰芭蕾风花束送朋友生日鲜花 花店鲜花配送（不带气球）.jpg
2025-06-15 12:26:18,754 - INFO - 成功转换: 【浅浅的微笑】19_33乌梅子酱爱心玫瑰花束 送闺蜜生日鲜花 花店鲜花配送.webp -> 【浅浅的微笑】19_33乌梅子酱爱心玫瑰花束 送闺蜜生日鲜花 花店鲜花配送.jpg
2025-06-15 12:26:18,787 - INFO - 成功转换: 【浪漫和你同时拥有】11朵伯爵红茶粉色系小香风混搭鲜花花束送女生送女友生日鲜花礼物送花上门.webp -> 【浪漫和你同时拥有】11朵伯爵红茶粉色系小香风混搭鲜花花束送女生送女友生日鲜花礼物送花上门.jpg
2025-06-15 12:26:18,820 - INFO - 成功转换: 【温情】白玫瑰混搭紫色系韩式花束送女友送朋友 生日花束生日鲜花花店鲜花配送.webp -> 【温情】白玫瑰混搭紫色系韩式花束送女友送朋友 生日花束生日鲜花花店鲜花配送.jpg
2025-06-15 12:26:18,927 - INFO - 成功转换: 【漫舞春天】1朵蝴蝶兰粉玫瑰紫罗兰混搭花束 生日礼物 送女友送朋友 花店鲜花配送.webp -> 【漫舞春天】1朵蝴蝶兰粉玫瑰紫罗兰混搭花束 生日礼物 送女友送朋友 花店鲜花配送.jpg
2025-06-15 12:26:18,969 - INFO - 成功转换: 【灯火阑珊】粉雪山混搭红玫瑰蓝星花蝴蝶兰国风混搭生日鲜花送女生送闺蜜花店送花上门.webp -> 【灯火阑珊】粉雪山混搭红玫瑰蓝星花蝴蝶兰国风混搭生日鲜花送女生送闺蜜花店送花上门.jpg
2025-06-15 12:26:19,013 - INFO - 成功转换: 【爱与温柔】52朵碎冰蓝玫瑰花束仙女鲜花送爱人送闺蜜送朋友.webp -> 【爱与温柔】52朵碎冰蓝玫瑰花束仙女鲜花送爱人送闺蜜送朋友.jpg
2025-06-15 12:26:19,222 - INFO - 成功转换: 【爱你的心】99朵红玫瑰爱心大花束 送女友送老婆 生日鲜花 花店鲜花配送.webp -> 【爱你的心】99朵红玫瑰爱心大花束 送女友送老婆 生日鲜花 花店鲜花配送.jpg
2025-06-15 12:26:19,270 - INFO - 成功转换: 【爱在心间】白玫瑰混搭洋桔梗碎冰蓝简约风花束 生日鲜花生日礼物花店鲜花配送.webp -> 【爱在心间】白玫瑰混搭洋桔梗碎冰蓝简约风花束 生日鲜花生日礼物花店鲜花配送.jpg
2025-06-15 12:26:19,294 - INFO - 成功转换: 【爱意满满】33朵红玫瑰满天星混搭花束 生日鲜花生日礼物送老婆花店鲜花配送.webp -> 【爱意满满】33朵红玫瑰满天星混搭花束 生日鲜花生日礼物送老婆花店鲜花配送.jpg
2025-06-15 12:26:19,345 - INFO - 成功转换: 【目光所及】1支绣球混搭碎冰蓝玫瑰花束 送领导送客户朋友生日鲜花 花店送花上门N1.webp -> 【目光所及】1支绣球混搭碎冰蓝玫瑰花束 送领导送客户朋友生日鲜花 花店送花上门N1.jpg
2025-06-15 12:26:19,376 - INFO - 成功转换: 【直播精选】11朵卡布奇诺玫瑰花混搭多头巧克力泡泡小香风花束520见面约会鲜花花店送花上门.webp -> 【直播精选】11朵卡布奇诺玫瑰花混搭多头巧克力泡泡小香风花束520见面约会鲜花花店送花上门.jpg
2025-06-15 12:26:19,409 - INFO - 成功转换: 【直播精选】11朵粉色复古红玫瑰凡尔赛花束520送女友喷色鲜花生日礼物花店送花上门.webp -> 【直播精选】11朵粉色复古红玫瑰凡尔赛花束520送女友喷色鲜花生日礼物花店送花上门.jpg
2025-06-15 12:26:19,465 - INFO - 成功转换: 【直播精选】19朵粉色玫瑰爱心花束生日鲜花520送闺蜜女友生日花束送女士花店送花上门.webp -> 【直播精选】19朵粉色玫瑰爱心花束生日鲜花520送闺蜜女友生日花束送女士花店送花上门.jpg
2025-06-15 12:26:19,505 - INFO - 成功转换: 【直播精选】33朵乌梅子酱爱心玫瑰花束520送女生生日鲜花花店送花上门.webp -> 【直播精选】33朵乌梅子酱爱心玫瑰花束520送女生生日鲜花花店送花上门.jpg
2025-06-15 12:26:19,553 - INFO - 成功转换: 【直播精选】33朵粉玫瑰520送爱人女友闺蜜生日鲜花见面鲜花花店送花上门.webp -> 【直播精选】33朵粉玫瑰520送爱人女友闺蜜生日鲜花见面鲜花花店送花上门.jpg
2025-06-15 12:26:19,577 - INFO - 成功转换: 【直播精选】33朵香槟玫瑰混搭520送女友送闺蜜生日鲜花礼物花店送花上门.webp -> 【直播精选】33朵香槟玫瑰混搭520送女友送闺蜜生日鲜花礼物花店送花上门.jpg
2025-06-15 12:26:19,626 - INFO - 成功转换: 【直播精选】33枝红玫瑰花束520送女友闺蜜朋友生日鲜花花店送花上门花束礼物.webp -> 【直播精选】33枝红玫瑰花束520送女友闺蜜朋友生日鲜花花店送花上门花束礼物.jpg
2025-06-15 12:26:19,747 - INFO - 成功转换: 【直播精选】52朵红玫瑰花束520送爱人生日鲜花送女友送闺蜜送朋友花店送花上门.webp -> 【直播精选】52朵红玫瑰花束520送爱人生日鲜花送女友送闺蜜送朋友花店送花上门.jpg
2025-06-15 12:26:19,855 - INFO - 成功转换: 【直播精选】99枝红玫瑰鲜花花束520送女友生日鲜花花店送花上门.webp -> 【直播精选】99枝红玫瑰鲜花花束520送女友生日鲜花花店送花上门.jpg
2025-06-15 12:26:19,895 - INFO - 成功转换: 【紫属于你】紫色玫瑰花蝴蝶兰抱抱桶混搭花束生日鲜花生日花束 花店鲜花配送.webp -> 【紫属于你】紫色玫瑰花蝴蝶兰抱抱桶混搭花束生日鲜花生日花束 花店鲜花配送.jpg
2025-06-15 12:26:19,926 - INFO - 成功转换: 【绿野仙踪】苏格兰绿玫瑰混搭花束送闺蜜生日鲜花生日花束店送花上门.webp -> 【绿野仙踪】苏格兰绿玫瑰混搭花束送闺蜜生日鲜花生日花束店送花上门.jpg
2025-06-15 12:26:19,977 - INFO - 成功转换: 【荷你一起】21朵荷花混搭莲蓬花束送妈妈_送朋友送女友送闺密送花上门.webp -> 【荷你一起】21朵荷花混搭莲蓬花束送妈妈_送朋友送女友送闺密送花上门.jpg
2025-06-15 12:26:19,996 - INFO - 成功转换: 【荷你相遇】3朵荷花混搭花束新中式国风花束送女友送恋人毕业季花束花店同城送花上门.webp -> 【荷你相遇】3朵荷花混搭花束新中式国风花束送女友送恋人毕业季花束花店同城送花上门.jpg
2025-06-15 12:26:20,016 - INFO - 成功转换: 【荷其幸运】5朵荷花花束 送女朋友送闺蜜送朋友长辈老师花店送花上门.webp -> 【荷其幸运】5朵荷花花束 送女朋友送闺蜜送朋友长辈老师花店送花上门.jpg
2025-06-15 12:26:20,057 - INFO - 成功转换: 【荷其有幸荷你相遇】8朵荷花混搭粉玫瑰高端轻奢花束粉色系花束鲜花送女友表白花束.webp -> 【荷其有幸荷你相遇】8朵荷花混搭粉玫瑰高端轻奢花束粉色系花束鲜花送女友表白花束.jpg
2025-06-15 12:26:20,093 - INFO - 成功转换: 【荷塘月色】13朵荷花莲蓬混搭抱抱桶高端花束送女友送闺蜜生日鲜花鲜花店配送上门.webp -> 【荷塘月色】13朵荷花莲蓬混搭抱抱桶高端花束送女友送闺蜜生日鲜花鲜花店配送上门.jpg
2025-06-15 12:26:20,151 - INFO - 成功转换: 【荷塘月色】新品11朵荷花新中式抱抱桶花束时令花束送闺蜜送女友好运连连花店免费送花上门.webp -> 【荷塘月色】新品11朵荷花新中式抱抱桶花束时令花束送闺蜜送女友好运连连花店免费送花上门.jpg
2025-06-15 12:26:20,216 - INFO - 成功转换: 【莫奈花园】16_21支粉白玫瑰紫罗兰蓝星花混搭花束送闺蜜送女友花店鲜花配送.webp -> 【莫奈花园】16_21支粉白玫瑰紫罗兰蓝星花混搭花束送闺蜜送女友花店鲜花配送.jpg
2025-06-15 12:26:20,259 - INFO - 成功转换: 【诗与远方】2朵向日葵混搭康乃馨花束鲜花生日礼物节日鲜花送花上门 L2.webp -> 【诗与远方】2朵向日葵混搭康乃馨花束鲜花生日礼物节日鲜花送花上门 L2.jpg
2025-06-15 12:26:20,299 - INFO - 成功转换: 【起舞翩翩】粉玫瑰混搭白桔梗白罗兰创意蝴蝶花束送女友送闺蜜送朋友鲜花店花束鲜花免费配送.webp -> 【起舞翩翩】粉玫瑰混搭白桔梗白罗兰创意蝴蝶花束送女友送闺蜜送朋友鲜花店花束鲜花免费配送.jpg
2025-06-15 12:26:20,324 - INFO - 成功转换: 儿童节礼物【宠爱小朋友】粉色系创意零食花束小朋友生日送女友生日礼物送上门（零食随机）.webp -> 儿童节礼物【宠爱小朋友】粉色系创意零食花束小朋友生日送女友生日礼物送上门（零食随机）.jpg
2025-06-15 12:26:20,345 - INFO - 成功转换: 儿童节礼物【我的小可爱】蓝色系创意零食花束小礼物送男友送爱人生日礼物配送上门（零食随机）.webp -> 儿童节礼物【我的小可爱】蓝色系创意零食花束小礼物送男友送爱人生日礼物配送上门（零食随机）.jpg
2025-06-15 12:26:20,409 - INFO - 成功转换: 夏日荷花【荷你相遇】10朵荷花混搭花束荷花花束生日花束表白花束好运连连花店送花上门.webp -> 夏日荷花【荷你相遇】10朵荷花混搭花束荷花花束生日花束表白花束好运连连花店送花上门.jpg
2025-06-15 12:26:20,442 - INFO - 成功转换: 性价比颜值精选！【不负韶华】11朵粉玫瑰花鲜花花束生日礼物送女朋友表白花束鲜花配送上门.webp -> 性价比颜值精选！【不负韶华】11朵粉玫瑰花鲜花花束生日礼物送女朋友表白花束鲜花配送上门.jpg
2025-06-15 12:26:20,477 - INFO - 成功转换: 毕业季花束【前程似锦】2朵向日葵混搭花束 送爱人送妈妈送长辈 生日鲜花花店送花上门.webp -> 毕业季花束【前程似锦】2朵向日葵混搭花束 送爱人送妈妈送长辈 生日鲜花花店送花上门.jpg
2025-06-15 12:26:20,578 - INFO - 成功转换: 毕业季鲜花【午后红茶】11_21_33支粉玫瑰折射泡泡混搭花束 送闺蜜生日鲜花花店鲜花配送.webp -> 毕业季鲜花【午后红茶】11_21_33支粉玫瑰折射泡泡混搭花束 送闺蜜生日鲜花花店鲜花配送.jpg
2025-06-15 12:26:20,679 - INFO - 成功转换: 毕业季鲜花【橙心橙意】3朵向日葵加香槟玫瑰混搭花束 乔迁搬家花束送长辈 花店鲜花配送.webp -> 毕业季鲜花【橙心橙意】3朵向日葵加香槟玫瑰混搭花束 乔迁搬家花束送长辈 花店鲜花配送.jpg
2025-06-15 12:26:20,726 - INFO - 成功转换: 父亲节【心怀浪漫宇宙】52朵黑骑士白玫瑰喷色玫瑰花束生日鲜花生日花束送男生父亲花店送花上门.webp -> 父亲节【心怀浪漫宇宙】52朵黑骑士白玫瑰喷色玫瑰花束生日鲜花生日花束送男生父亲花店送花上门.jpg
2025-06-15 12:26:20,777 - INFO - 成功转换: 父亲节礼物【一路有你】1朵向日葵6朵香槟玫瑰橙芭比混搭花束 生日花束生日鲜花 花店送花上门.webp -> 父亲节礼物【一路有你】1朵向日葵6朵香槟玫瑰橙芭比混搭花束 生日花束生日鲜花 花店送花上门.jpg
2025-06-15 12:26:20,840 - INFO - 成功转换: 父亲节花束【寄予晚风】午后红茶玫瑰混搭手提花篮送女友送男友送闺蜜鲜花手提花篮鲜花店送花上门.webp -> 父亲节花束【寄予晚风】午后红茶玫瑰混搭手提花篮送女友送男友送闺蜜鲜花手提花篮鲜花店送花上门.jpg
2025-06-15 12:26:20,964 - INFO - 成功转换: 父亲节花束【晴空万里】大花束5支向日葵香槟玫瑰混搭花束 生日鲜花送长辈 花店鲜花配送.webp -> 父亲节花束【晴空万里】大花束5支向日葵香槟玫瑰混搭花束 生日鲜花送长辈 花店鲜花配送.jpg
2025-06-15 12:26:20,997 - INFO - 成功转换: 父亲节鲜花【可爱的你】11朵香槟玫瑰花生日鲜花礼物约会花束花店送花上门生日礼物送同学男友.webp -> 父亲节鲜花【可爱的你】11朵香槟玫瑰花生日鲜花礼物约会花束花店送花上门生日礼物送同学男友.jpg
2025-06-15 12:26:21,038 - INFO - 成功转换: 父亲节鲜花【少年的你】33朵黑骑士白玫瑰鲜花抱抱桶送男友生日礼物生日鲜花花店送花上门.webp -> 父亲节鲜花【少年的你】33朵黑骑士白玫瑰鲜花抱抱桶送男友生日礼物生日鲜花花店送花上门.jpg
2025-06-15 12:26:21,093 - INFO - 成功转换: 父亲节鲜花【春风得意】3朵绿心向日葵香槟洋桔梗混搭花束 生日鲜花生日花束送朋友花店送花上门.webp -> 父亲节鲜花【春风得意】3朵绿心向日葵香槟洋桔梗混搭花束 生日鲜花生日花束送朋友花店送花上门.jpg
2025-06-15 12:26:21,122 - INFO - 成功转换: 玩偶花束【人间小甜瓜】21朵碎冰蓝玫瑰花史迪仔玩偶抱抱桶花束送男友女友生日鲜花花店送花上门.webp -> 玩偶花束【人间小甜瓜】21朵碎冰蓝玫瑰花史迪仔玩偶抱抱桶花束送男友女友生日鲜花花店送花上门.jpg
2025-06-15 12:26:21,158 - INFO - 成功转换: 生日礼物【兜售浪漫】粉玫瑰混搭紫玫瑰紫罗兰鲜花花束多巴胺花束送女友送男友送闺蜜花束送花上门.webp -> 生日礼物【兜售浪漫】粉玫瑰混搭紫玫瑰紫罗兰鲜花花束多巴胺花束送女友送男友送闺蜜花束送花上门.jpg
2025-06-15 12:26:21,172 - INFO - 成功转换: 生日花束【午后红茶】9朵法式复古伯爵红茶花束混搭折射泡泡生日鲜花女士花店送花上门.webp -> 生日花束【午后红茶】9朵法式复古伯爵红茶花束混搭折射泡泡生日鲜花女士花店送花上门.jpg
2025-06-15 12:26:21,204 - INFO - 成功转换: 生日鲜花【往后余生】33朵红玫瑰搭配满天星花束送灯串送皇冠送女友送爱人鲜花配送花店送花上门.webp -> 生日鲜花【往后余生】33朵红玫瑰搭配满天星花束送灯串送皇冠送女友送爱人鲜花配送花店送花上门.jpg
2025-06-15 12:26:21,220 - INFO - 成功转换: 生日鲜花【温柔恬静】11朵粉玫瑰混搭鲜花小香风花束生日礼物送闺蜜送朋友鲜花店送花上门.webp -> 生日鲜花【温柔恬静】11朵粉玫瑰混搭鲜花小香风花束生日礼物送闺蜜送朋友鲜花店送花上门.jpg
2025-06-15 12:26:21,254 - INFO - 成功转换: 男士鲜花礼物【柚屿】33朵黑骑士玫瑰韩式花束送父亲送男朋友送同事送领导生日礼物花店送花上门.webp -> 男士鲜花礼物【柚屿】33朵黑骑士玫瑰韩式花束送父亲送男朋友送同事送领导生日礼物花店送花上门.jpg
2025-06-15 12:26:21,304 - INFO - 成功转换: 网红爆款52朵心形乌梅子酱花束曼塔玫瑰喷色制作。很唯美很唯美的花.webp -> 网红爆款52朵心形乌梅子酱花束曼塔玫瑰喷色制作。很唯美很唯美的花.jpg
2025-06-15 12:26:21,363 - INFO - 成功转换: 美伢同款花束【广志的花】蜡笔小新花束美伢花束广志送美伢的花网红创意鲜花礼物送老婆生日鲜花.webp -> 美伢同款花束【广志的花】蜡笔小新花束美伢花束广志送美伢的花网红创意鲜花礼物送老婆生日鲜花.jpg
2025-06-15 12:26:21,387 - INFO - 成功转换: 荷你相遇，荷其幸运5支荷花花束送女友送闺蜜送男友送领导长辈生日礼物玫瑰花花店送花上门.webp -> 荷你相遇，荷其幸运5支荷花花束送女友送闺蜜送男友送领导长辈生日礼物玫瑰花花店送花上门.jpg
2025-06-15 12:26:21,428 - INFO - 成功转换: 鲜花_新中式【山有扶苏】8朵喷色白玫瑰混搭蝴蝶兰鲜花花束送女友爱人男朋友花店送花上门.webp -> 鲜花_新中式【山有扶苏】8朵喷色白玫瑰混搭蝴蝶兰鲜花花束送女友爱人男朋友花店送花上门.jpg
2025-06-15 12:26:21,461 - INFO - 成功转换: 鲜花_花店【爱的抱抱桶】21朵粉玫瑰鲜花+粉色小熊抱抱桶送女友生日礼物同城花店送花上门.webp -> 鲜花_花店【爱的抱抱桶】21朵粉玫瑰鲜花+粉色小熊抱抱桶送女友生日礼物同城花店送花上门.jpg
2025-06-15 12:26:21,496 - INFO - 成功转换: 鲜花【莫奈花园】19朵紫玫瑰混搭粉玫折射泡泡生日花束生日鲜花送女生送妈妈送长辈.webp -> 鲜花【莫奈花园】19朵紫玫瑰混搭粉玫折射泡泡生日花束生日鲜花送女生送妈妈送长辈.jpg
2025-06-15 12:26:21,519 - INFO - 成功转换: 鲜花国风 荷你相遇 荷其幸运-10支混搭莲蓬荷花束生日鲜花送爱人闺蜜老师长辈花店送花花上门.webp -> 鲜花国风 荷你相遇 荷其幸运-10支混搭莲蓬荷花束生日鲜花送爱人闺蜜老师长辈花店送花花上门.jpg
2025-06-15 12:26:21,520 - INFO - 转换完成! 成功: 82, 失败: 0
2025-06-15 12:26:21,521 - INFO - ==================================================
2025-06-15 12:26:21,521 - INFO - 转换统计: 成功 82 个, 失败 0 个
2025-06-15 12:26:21,521 - INFO - 转换后的JPG图片已保存到: D:\cursor jihewendang\闪购采集\flower_images_jpg
2025-06-15 12:26:21,522 - INFO - ==================================================
